Performing C++ SOURCE FILE Test HAVE_LLVM_LIBCPP failed with the following output:
Change Dir: /cygdrive/d/gitee/c_open_project/mysql-5.6.37/cmake-build-debug/CMakeFiles/CMakeTmp

Run Build Command(s):/usr/bin/make.exe cmTC_030e7/fast && /usr/bin/make -f CMakeFiles/cmTC_030e7.dir/build.make CMakeFiles/cmTC_030e7.dir/build
make[1]: Entering directory '/cygdrive/d/gitee/c_open_project/mysql-5.6.37/cmake-build-debug/CMakeFiles/CMakeTmp'
Building CXX object CMakeFiles/cmTC_030e7.dir/src.cxx.o
/usr/bin/c++.exe    -DHAVE_LLVM_LIBCPP   -o CMakeFiles/cmTC_030e7.dir/src.cxx.o -c /cygdrive/d/gitee/c_open_project/mysql-5.6.37/cmake-build-debug/CMakeFiles/CMakeTmp/src.cxx
Linking CXX executable cmTC_030e7.exe
/cygdrive/c/Users/zhangtongxin/.CLion2019.3/system/cygwin_cmake/bin/cmake.exe -E cmake_link_script CMakeFiles/cmTC_030e7.dir/link.txt --verbose=1
/usr/bin/c++.exe  -DHAVE_LLVM_LIBCPP  -Wl,--enable-auto-import  CMakeFiles/cmTC_030e7.dir/src.cxx.o  -o cmTC_030e7.exe -Wl,--out-implib,libcmTC_030e7.dll.a -Wl,--major-image-version,0,--minor-image-version,0 
make[1]: Leaving directory '/cygdrive/d/gitee/c_open_project/mysql-5.6.37/cmake-build-debug/CMakeFiles/CMakeTmp'


...and run output:

Return value: 1
Source file was:

#include <ciso646>
int main()
{
#ifdef _LIBCPP_VERSION
  return 0;
#else
  return 1;
#endif
}
Determining if the function gethostbyname_r exists failed with the following output:
Change Dir: /cygdrive/d/gitee/c_open_project/mysql-5.6.37/cmake-build-debug/CMakeFiles/CMakeTmp

Run Build Command(s):/usr/bin/make.exe cmTC_ae409/fast && /usr/bin/make -f CMakeFiles/cmTC_ae409.dir/build.make CMakeFiles/cmTC_ae409.dir/build
make[1]: Entering directory '/cygdrive/d/gitee/c_open_project/mysql-5.6.37/cmake-build-debug/CMakeFiles/CMakeTmp'
Building C object CMakeFiles/cmTC_ae409.dir/CheckFunctionExists.c.o
/usr/bin/cc   -DCHECK_FUNCTION_EXISTS=gethostbyname_r   -o CMakeFiles/cmTC_ae409.dir/CheckFunctionExists.c.o   -c /cygdrive/c/Users/zhangtongxin/.CLion2019.3/system/cygwin_cmake/share/cmake-3.15.3/Modules/CheckFunctionExists.c
Linking C executable cmTC_ae409.exe
/cygdrive/c/Users/zhangtongxin/.CLion2019.3/system/cygwin_cmake/bin/cmake.exe -E cmake_link_script CMakeFiles/cmTC_ae409.dir/link.txt --verbose=1
/usr/bin/cc  -DCHECK_FUNCTION_EXISTS=gethostbyname_r  -Wl,--enable-auto-import  CMakeFiles/cmTC_ae409.dir/CheckFunctionExists.c.o  -o cmTC_ae409.exe -Wl,--out-implib,libcmTC_ae409.dll.a -Wl,--major-image-version,0,--minor-image-version,0 
/usr/lib/gcc/x86_64-pc-cygwin/9.3.0/../../../../x86_64-pc-cygwin/bin/ld: CMakeFiles/cmTC_ae409.dir/CheckFunctionExists.c.o:CheckFunctionExists.c:(.text+0x15): undefined reference to `gethostbyname_r'
CMakeFiles/cmTC_ae409.dir/CheckFunctionExists.c.o:CheckFunctionExists.c:(.text+0x15): relocation truncated to fit: R_X86_64_PC32 against undefined symbol `gethostbyname_r'
collect2: error: ld returned 1 exit status
make[1]: *** [CMakeFiles/cmTC_ae409.dir/build.make:87: cmTC_ae409.exe] Error 1
make[1]: Leaving directory '/cygdrive/d/gitee/c_open_project/mysql-5.6.37/cmake-build-debug/CMakeFiles/CMakeTmp'
make: *** [Makefile:121: cmTC_ae409/fast] Error 2



Determining if the function gethostbyname_r exists in the nsl_r failed with the following output:
Change Dir: /cygdrive/d/gitee/c_open_project/mysql-5.6.37/cmake-build-debug/CMakeFiles/CMakeTmp

Run Build Command(s):/usr/bin/make.exe cmTC_a7384/fast && /usr/bin/make -f CMakeFiles/cmTC_a7384.dir/build.make CMakeFiles/cmTC_a7384.dir/build
make[1]: Entering directory '/cygdrive/d/gitee/c_open_project/mysql-5.6.37/cmake-build-debug/CMakeFiles/CMakeTmp'
Building C object CMakeFiles/cmTC_a7384.dir/CheckFunctionExists.c.o
/usr/bin/cc   -DCHECK_FUNCTION_EXISTS=gethostbyname_r   -o CMakeFiles/cmTC_a7384.dir/CheckFunctionExists.c.o   -c /cygdrive/c/Users/zhangtongxin/.CLion2019.3/system/cygwin_cmake/share/cmake-3.15.3/Modules/CheckFunctionExists.c
Linking C executable cmTC_a7384.exe
/cygdrive/c/Users/zhangtongxin/.CLion2019.3/system/cygwin_cmake/bin/cmake.exe -E cmake_link_script CMakeFiles/cmTC_a7384.dir/link.txt --verbose=1
/usr/bin/cc  -DCHECK_FUNCTION_EXISTS=gethostbyname_r  -Wl,--enable-auto-import  CMakeFiles/cmTC_a7384.dir/CheckFunctionExists.c.o  -o cmTC_a7384.exe -Wl,--out-implib,libcmTC_a7384.dll.a -Wl,--major-image-version,0,--minor-image-version,0 -lnsl_r 
/usr/lib/gcc/x86_64-pc-cygwin/9.3.0/../../../../x86_64-pc-cygwin/bin/ld: cannot find -lnsl_r
collect2: error: ld returned 1 exit status
make[1]: *** [CMakeFiles/cmTC_a7384.dir/build.make:87: cmTC_a7384.exe] Error 1
make[1]: Leaving directory '/cygdrive/d/gitee/c_open_project/mysql-5.6.37/cmake-build-debug/CMakeFiles/CMakeTmp'
make: *** [Makefile:121: cmTC_a7384/fast] Error 2



Determining if the function gethostbyname_r exists in the nsl failed with the following output:
Change Dir: /cygdrive/d/gitee/c_open_project/mysql-5.6.37/cmake-build-debug/CMakeFiles/CMakeTmp

Run Build Command(s):/usr/bin/make.exe cmTC_8644d/fast && /usr/bin/make -f CMakeFiles/cmTC_8644d.dir/build.make CMakeFiles/cmTC_8644d.dir/build
make[1]: Entering directory '/cygdrive/d/gitee/c_open_project/mysql-5.6.37/cmake-build-debug/CMakeFiles/CMakeTmp'
Building C object CMakeFiles/cmTC_8644d.dir/CheckFunctionExists.c.o
/usr/bin/cc   -DCHECK_FUNCTION_EXISTS=gethostbyname_r   -o CMakeFiles/cmTC_8644d.dir/CheckFunctionExists.c.o   -c /cygdrive/c/Users/zhangtongxin/.CLion2019.3/system/cygwin_cmake/share/cmake-3.15.3/Modules/CheckFunctionExists.c
Linking C executable cmTC_8644d.exe
/cygdrive/c/Users/zhangtongxin/.CLion2019.3/system/cygwin_cmake/bin/cmake.exe -E cmake_link_script CMakeFiles/cmTC_8644d.dir/link.txt --verbose=1
/usr/bin/cc  -DCHECK_FUNCTION_EXISTS=gethostbyname_r  -Wl,--enable-auto-import  CMakeFiles/cmTC_8644d.dir/CheckFunctionExists.c.o  -o cmTC_8644d.exe -Wl,--out-implib,libcmTC_8644d.dll.a -Wl,--major-image-version,0,--minor-image-version,0 -lnsl 
/usr/lib/gcc/x86_64-pc-cygwin/9.3.0/../../../../x86_64-pc-cygwin/bin/ld: cannot find -lnsl
collect2: error: ld returned 1 exit status
make[1]: *** [CMakeFiles/cmTC_8644d.dir/build.make:87: cmTC_8644d.exe] Error 1
make[1]: Leaving directory '/cygdrive/d/gitee/c_open_project/mysql-5.6.37/cmake-build-debug/CMakeFiles/CMakeTmp'
make: *** [Makefile:121: cmTC_8644d/fast] Error 2



Determining if the function crypt exists failed with the following output:
Change Dir: /cygdrive/d/gitee/c_open_project/mysql-5.6.37/cmake-build-debug/CMakeFiles/CMakeTmp

Run Build Command(s):/usr/bin/make.exe cmTC_19e18/fast && /usr/bin/make -f CMakeFiles/cmTC_19e18.dir/build.make CMakeFiles/cmTC_19e18.dir/build
make[1]: Entering directory '/cygdrive/d/gitee/c_open_project/mysql-5.6.37/cmake-build-debug/CMakeFiles/CMakeTmp'
Building C object CMakeFiles/cmTC_19e18.dir/CheckFunctionExists.c.o
/usr/bin/cc   -DCHECK_FUNCTION_EXISTS=crypt   -o CMakeFiles/cmTC_19e18.dir/CheckFunctionExists.c.o   -c /cygdrive/c/Users/zhangtongxin/.CLion2019.3/system/cygwin_cmake/share/cmake-3.15.3/Modules/CheckFunctionExists.c
Linking C executable cmTC_19e18.exe
/cygdrive/c/Users/zhangtongxin/.CLion2019.3/system/cygwin_cmake/bin/cmake.exe -E cmake_link_script CMakeFiles/cmTC_19e18.dir/link.txt --verbose=1
/usr/bin/cc  -DCHECK_FUNCTION_EXISTS=crypt  -Wl,--enable-auto-import  CMakeFiles/cmTC_19e18.dir/CheckFunctionExists.c.o  -o cmTC_19e18.exe -Wl,--out-implib,libcmTC_19e18.dll.a -Wl,--major-image-version,0,--minor-image-version,0 
/usr/lib/gcc/x86_64-pc-cygwin/9.3.0/../../../../x86_64-pc-cygwin/bin/ld: CMakeFiles/cmTC_19e18.dir/CheckFunctionExists.c.o:CheckFunctionExists.c:(.text+0x15): undefined reference to `crypt'
CMakeFiles/cmTC_19e18.dir/CheckFunctionExists.c.o:CheckFunctionExists.c:(.text+0x15): relocation truncated to fit: R_X86_64_PC32 against undefined symbol `crypt'
collect2: error: ld returned 1 exit status
make[1]: *** [CMakeFiles/cmTC_19e18.dir/build.make:87: cmTC_19e18.exe] Error 1
make[1]: Leaving directory '/cygdrive/d/gitee/c_open_project/mysql-5.6.37/cmake-build-debug/CMakeFiles/CMakeTmp'
make: *** [Makefile:121: cmTC_19e18/fast] Error 2



Determining if the function crypt exists in the crypt failed with the following output:
Change Dir: /cygdrive/d/gitee/c_open_project/mysql-5.6.37/cmake-build-debug/CMakeFiles/CMakeTmp

Run Build Command(s):/usr/bin/make.exe cmTC_7852c/fast && /usr/bin/make -f CMakeFiles/cmTC_7852c.dir/build.make CMakeFiles/cmTC_7852c.dir/build
make[1]: Entering directory '/cygdrive/d/gitee/c_open_project/mysql-5.6.37/cmake-build-debug/CMakeFiles/CMakeTmp'
Building C object CMakeFiles/cmTC_7852c.dir/CheckFunctionExists.c.o
/usr/bin/cc   -DCHECK_FUNCTION_EXISTS=crypt   -o CMakeFiles/cmTC_7852c.dir/CheckFunctionExists.c.o   -c /cygdrive/c/Users/zhangtongxin/.CLion2019.3/system/cygwin_cmake/share/cmake-3.15.3/Modules/CheckFunctionExists.c
Linking C executable cmTC_7852c.exe
/cygdrive/c/Users/zhangtongxin/.CLion2019.3/system/cygwin_cmake/bin/cmake.exe -E cmake_link_script CMakeFiles/cmTC_7852c.dir/link.txt --verbose=1
/usr/bin/cc  -DCHECK_FUNCTION_EXISTS=crypt  -Wl,--enable-auto-import  CMakeFiles/cmTC_7852c.dir/CheckFunctionExists.c.o  -o cmTC_7852c.exe -Wl,--out-implib,libcmTC_7852c.dll.a -Wl,--major-image-version,0,--minor-image-version,0 -lcrypt 
/usr/lib/gcc/x86_64-pc-cygwin/9.3.0/../../../../x86_64-pc-cygwin/bin/ld: cannot find -lcrypt
collect2: error: ld returned 1 exit status
make[1]: *** [CMakeFiles/cmTC_7852c.dir/build.make:87: cmTC_7852c.exe] Error 1
make[1]: Leaving directory '/cygdrive/d/gitee/c_open_project/mysql-5.6.37/cmake-build-debug/CMakeFiles/CMakeTmp'
make: *** [Makefile:121: cmTC_7852c/fast] Error 2



Determining if the function backtrace exists failed with the following output:
Change Dir: /cygdrive/d/gitee/c_open_project/mysql-5.6.37/cmake-build-debug/CMakeFiles/CMakeTmp

Run Build Command(s):/usr/bin/make.exe cmTC_1938e/fast && /usr/bin/make -f CMakeFiles/cmTC_1938e.dir/build.make CMakeFiles/cmTC_1938e.dir/build
make[1]: Entering directory '/cygdrive/d/gitee/c_open_project/mysql-5.6.37/cmake-build-debug/CMakeFiles/CMakeTmp'
Building C object CMakeFiles/cmTC_1938e.dir/CheckFunctionExists.c.o
/usr/bin/cc   -DCHECK_FUNCTION_EXISTS=backtrace   -o CMakeFiles/cmTC_1938e.dir/CheckFunctionExists.c.o   -c /cygdrive/c/Users/zhangtongxin/.CLion2019.3/system/cygwin_cmake/share/cmake-3.15.3/Modules/CheckFunctionExists.c
Linking C executable cmTC_1938e.exe
/cygdrive/c/Users/zhangtongxin/.CLion2019.3/system/cygwin_cmake/bin/cmake.exe -E cmake_link_script CMakeFiles/cmTC_1938e.dir/link.txt --verbose=1
/usr/bin/cc  -DCHECK_FUNCTION_EXISTS=backtrace  -Wl,--enable-auto-import  CMakeFiles/cmTC_1938e.dir/CheckFunctionExists.c.o  -o cmTC_1938e.exe -Wl,--out-implib,libcmTC_1938e.dll.a -Wl,--major-image-version,0,--minor-image-version,0 
/usr/lib/gcc/x86_64-pc-cygwin/9.3.0/../../../../x86_64-pc-cygwin/bin/ld: CMakeFiles/cmTC_1938e.dir/CheckFunctionExists.c.o:CheckFunctionExists.c:(.text+0x15): undefined reference to `backtrace'
CMakeFiles/cmTC_1938e.dir/CheckFunctionExists.c.o:CheckFunctionExists.c:(.text+0x15): relocation truncated to fit: R_X86_64_PC32 against undefined symbol `backtrace'
collect2: error: ld returned 1 exit status
make[1]: *** [CMakeFiles/cmTC_1938e.dir/build.make:87: cmTC_1938e.exe] Error 1
make[1]: Leaving directory '/cygdrive/d/gitee/c_open_project/mysql-5.6.37/cmake-build-debug/CMakeFiles/CMakeTmp'
make: *** [Makefile:121: cmTC_1938e/fast] Error 2



Determining if the function backtrace exists in the execinfo failed with the following output:
Change Dir: /cygdrive/d/gitee/c_open_project/mysql-5.6.37/cmake-build-debug/CMakeFiles/CMakeTmp

Run Build Command(s):/usr/bin/make.exe cmTC_be9fa/fast && /usr/bin/make -f CMakeFiles/cmTC_be9fa.dir/build.make CMakeFiles/cmTC_be9fa.dir/build
make[1]: Entering directory '/cygdrive/d/gitee/c_open_project/mysql-5.6.37/cmake-build-debug/CMakeFiles/CMakeTmp'
Building C object CMakeFiles/cmTC_be9fa.dir/CheckFunctionExists.c.o
/usr/bin/cc   -DCHECK_FUNCTION_EXISTS=backtrace   -o CMakeFiles/cmTC_be9fa.dir/CheckFunctionExists.c.o   -c /cygdrive/c/Users/zhangtongxin/.CLion2019.3/system/cygwin_cmake/share/cmake-3.15.3/Modules/CheckFunctionExists.c
Linking C executable cmTC_be9fa.exe
/cygdrive/c/Users/zhangtongxin/.CLion2019.3/system/cygwin_cmake/bin/cmake.exe -E cmake_link_script CMakeFiles/cmTC_be9fa.dir/link.txt --verbose=1
/usr/bin/cc  -DCHECK_FUNCTION_EXISTS=backtrace  -Wl,--enable-auto-import  CMakeFiles/cmTC_be9fa.dir/CheckFunctionExists.c.o  -o cmTC_be9fa.exe -Wl,--out-implib,libcmTC_be9fa.dll.a -Wl,--major-image-version,0,--minor-image-version,0 -lexecinfo 
/usr/lib/gcc/x86_64-pc-cygwin/9.3.0/../../../../x86_64-pc-cygwin/bin/ld: cannot find -lexecinfo
collect2: error: ld returned 1 exit status
make[1]: *** [CMakeFiles/cmTC_be9fa.dir/build.make:87: cmTC_be9fa.exe] Error 1
make[1]: Leaving directory '/cygdrive/d/gitee/c_open_project/mysql-5.6.37/cmake-build-debug/CMakeFiles/CMakeTmp'
make: *** [Makefile:121: cmTC_be9fa/fast] Error 2



Determining if files crypt.h exist failed with the following output:
Change Dir: /cygdrive/d/gitee/c_open_project/mysql-5.6.37/cmake-build-debug/CMakeFiles/CMakeTmp

Run Build Command(s):/usr/bin/make.exe cmTC_b1911/fast && /usr/bin/make -f CMakeFiles/cmTC_b1911.dir/build.make CMakeFiles/cmTC_b1911.dir/build
make[1]: Entering directory '/cygdrive/d/gitee/c_open_project/mysql-5.6.37/cmake-build-debug/CMakeFiles/CMakeTmp'
Building C object CMakeFiles/cmTC_b1911.dir/HAVE_CRYPT_H.c.o
/usr/bin/cc    -o CMakeFiles/cmTC_b1911.dir/HAVE_CRYPT_H.c.o   -c /cygdrive/d/gitee/c_open_project/mysql-5.6.37/cmake-build-debug/CMakeFiles/CheckIncludeFiles/HAVE_CRYPT_H.c
/cygdrive/d/gitee/c_open_project/mysql-5.6.37/cmake-build-debug/CMakeFiles/CheckIncludeFiles/HAVE_CRYPT_H.c:2:10: fatal error: crypt.h: No such file or directory
    2 | #include <crypt.h>
      |          ^~~~~~~~~
compilation terminated.
make[1]: *** [CMakeFiles/cmTC_b1911.dir/build.make:66: CMakeFiles/cmTC_b1911.dir/HAVE_CRYPT_H.c.o] Error 1
make[1]: Leaving directory '/cygdrive/d/gitee/c_open_project/mysql-5.6.37/cmake-build-debug/CMakeFiles/CMakeTmp'
make: *** [Makefile:121: cmTC_b1911/fast] Error 2


Source:
/* */
#include <crypt.h>


int main(void){return 0;}

Determining if files cxxabi.h exist failed with the following output:
Change Dir: /cygdrive/d/gitee/c_open_project/mysql-5.6.37/cmake-build-debug/CMakeFiles/CMakeTmp

Run Build Command(s):/usr/bin/make.exe cmTC_67c90/fast && /usr/bin/make -f CMakeFiles/cmTC_67c90.dir/build.make CMakeFiles/cmTC_67c90.dir/build
make[1]: Entering directory '/cygdrive/d/gitee/c_open_project/mysql-5.6.37/cmake-build-debug/CMakeFiles/CMakeTmp'
Building C object CMakeFiles/cmTC_67c90.dir/HAVE_CXXABI_H.c.o
/usr/bin/cc    -o CMakeFiles/cmTC_67c90.dir/HAVE_CXXABI_H.c.o   -c /cygdrive/d/gitee/c_open_project/mysql-5.6.37/cmake-build-debug/CMakeFiles/CheckIncludeFiles/HAVE_CXXABI_H.c
/cygdrive/d/gitee/c_open_project/mysql-5.6.37/cmake-build-debug/CMakeFiles/CheckIncludeFiles/HAVE_CXXABI_H.c:2:10: fatal error: cxxabi.h: No such file or directory
    2 | #include <cxxabi.h>
      |          ^~~~~~~~~~
compilation terminated.
make[1]: *** [CMakeFiles/cmTC_67c90.dir/build.make:66: CMakeFiles/cmTC_67c90.dir/HAVE_CXXABI_H.c.o] Error 1
make[1]: Leaving directory '/cygdrive/d/gitee/c_open_project/mysql-5.6.37/cmake-build-debug/CMakeFiles/CMakeTmp'
make: *** [Makefile:121: cmTC_67c90/fast] Error 2


Source:
/* */
#include <cxxabi.h>


int main(void){return 0;}

Determining if files execinfo.h exist failed with the following output:
Change Dir: /cygdrive/d/gitee/c_open_project/mysql-5.6.37/cmake-build-debug/CMakeFiles/CMakeTmp

Run Build Command(s):/usr/bin/make.exe cmTC_49e28/fast && /usr/bin/make -f CMakeFiles/cmTC_49e28.dir/build.make CMakeFiles/cmTC_49e28.dir/build
make[1]: Entering directory '/cygdrive/d/gitee/c_open_project/mysql-5.6.37/cmake-build-debug/CMakeFiles/CMakeTmp'
Building C object CMakeFiles/cmTC_49e28.dir/HAVE_EXECINFO_H.c.o
/usr/bin/cc    -o CMakeFiles/cmTC_49e28.dir/HAVE_EXECINFO_H.c.o   -c /cygdrive/d/gitee/c_open_project/mysql-5.6.37/cmake-build-debug/CMakeFiles/CheckIncludeFiles/HAVE_EXECINFO_H.c
/cygdrive/d/gitee/c_open_project/mysql-5.6.37/cmake-build-debug/CMakeFiles/CheckIncludeFiles/HAVE_EXECINFO_H.c:2:10: fatal error: execinfo.h: No such file or directory
    2 | #include <execinfo.h>
      |          ^~~~~~~~~~~~
compilation terminated.
make[1]: *** [CMakeFiles/cmTC_49e28.dir/build.make:66: CMakeFiles/cmTC_49e28.dir/HAVE_EXECINFO_H.c.o] Error 1
make[1]: Leaving directory '/cygdrive/d/gitee/c_open_project/mysql-5.6.37/cmake-build-debug/CMakeFiles/CMakeTmp'
make: *** [Makefile:121: cmTC_49e28/fast] Error 2


Source:
/* */
#include <execinfo.h>


int main(void){return 0;}

Determining if files floatingpoint.h exist failed with the following output:
Change Dir: /cygdrive/d/gitee/c_open_project/mysql-5.6.37/cmake-build-debug/CMakeFiles/CMakeTmp

Run Build Command(s):/usr/bin/make.exe cmTC_c3fdb/fast && /usr/bin/make -f CMakeFiles/cmTC_c3fdb.dir/build.make CMakeFiles/cmTC_c3fdb.dir/build
make[1]: Entering directory '/cygdrive/d/gitee/c_open_project/mysql-5.6.37/cmake-build-debug/CMakeFiles/CMakeTmp'
Building C object CMakeFiles/cmTC_c3fdb.dir/HAVE_FLOATINGPOINT_H.c.o
/usr/bin/cc    -o CMakeFiles/cmTC_c3fdb.dir/HAVE_FLOATINGPOINT_H.c.o   -c /cygdrive/d/gitee/c_open_project/mysql-5.6.37/cmake-build-debug/CMakeFiles/CheckIncludeFiles/HAVE_FLOATINGPOINT_H.c
/cygdrive/d/gitee/c_open_project/mysql-5.6.37/cmake-build-debug/CMakeFiles/CheckIncludeFiles/HAVE_FLOATINGPOINT_H.c:2:10: fatal error: floatingpoint.h: No such file or directory
    2 | #include <floatingpoint.h>
      |          ^~~~~~~~~~~~~~~~~
compilation terminated.
make[1]: *** [CMakeFiles/cmTC_c3fdb.dir/build.make:66: CMakeFiles/cmTC_c3fdb.dir/HAVE_FLOATINGPOINT_H.c.o] Error 1
make[1]: Leaving directory '/cygdrive/d/gitee/c_open_project/mysql-5.6.37/cmake-build-debug/CMakeFiles/CMakeTmp'
make: *** [Makefile:121: cmTC_c3fdb/fast] Error 2


Source:
/* */
#include <floatingpoint.h>


int main(void){return 0;}

Determining if files fpu_control.h exist failed with the following output:
Change Dir: /cygdrive/d/gitee/c_open_project/mysql-5.6.37/cmake-build-debug/CMakeFiles/CMakeTmp

Run Build Command(s):/usr/bin/make.exe cmTC_dc6b5/fast && /usr/bin/make -f CMakeFiles/cmTC_dc6b5.dir/build.make CMakeFiles/cmTC_dc6b5.dir/build
make[1]: Entering directory '/cygdrive/d/gitee/c_open_project/mysql-5.6.37/cmake-build-debug/CMakeFiles/CMakeTmp'
Building C object CMakeFiles/cmTC_dc6b5.dir/HAVE_FPU_CONTROL_H.c.o
/usr/bin/cc    -o CMakeFiles/cmTC_dc6b5.dir/HAVE_FPU_CONTROL_H.c.o   -c /cygdrive/d/gitee/c_open_project/mysql-5.6.37/cmake-build-debug/CMakeFiles/CheckIncludeFiles/HAVE_FPU_CONTROL_H.c
/cygdrive/d/gitee/c_open_project/mysql-5.6.37/cmake-build-debug/CMakeFiles/CheckIncludeFiles/HAVE_FPU_CONTROL_H.c:2:10: fatal error: fpu_control.h: No such file or directory
    2 | #include <fpu_control.h>
      |          ^~~~~~~~~~~~~~~
compilation terminated.
make[1]: *** [CMakeFiles/cmTC_dc6b5.dir/build.make:66: CMakeFiles/cmTC_dc6b5.dir/HAVE_FPU_CONTROL_H.c.o] Error 1
make[1]: Leaving directory '/cygdrive/d/gitee/c_open_project/mysql-5.6.37/cmake-build-debug/CMakeFiles/CMakeTmp'
make: *** [Makefile:121: cmTC_dc6b5/fast] Error 2


Source:
/* */
#include <fpu_control.h>


int main(void){return 0;}

Determining if files ndir.h exist failed with the following output:
Change Dir: /cygdrive/d/gitee/c_open_project/mysql-5.6.37/cmake-build-debug/CMakeFiles/CMakeTmp

Run Build Command(s):/usr/bin/make.exe cmTC_dff56/fast && /usr/bin/make -f CMakeFiles/cmTC_dff56.dir/build.make CMakeFiles/cmTC_dff56.dir/build
make[1]: Entering directory '/cygdrive/d/gitee/c_open_project/mysql-5.6.37/cmake-build-debug/CMakeFiles/CMakeTmp'
Building C object CMakeFiles/cmTC_dff56.dir/HAVE_NDIR_H.c.o
/usr/bin/cc    -o CMakeFiles/cmTC_dff56.dir/HAVE_NDIR_H.c.o   -c /cygdrive/d/gitee/c_open_project/mysql-5.6.37/cmake-build-debug/CMakeFiles/CheckIncludeFiles/HAVE_NDIR_H.c
/cygdrive/d/gitee/c_open_project/mysql-5.6.37/cmake-build-debug/CMakeFiles/CheckIncludeFiles/HAVE_NDIR_H.c:2:10: fatal error: ndir.h: No such file or directory
    2 | #include <ndir.h>
      |          ^~~~~~~~
compilation terminated.
make[1]: *** [CMakeFiles/cmTC_dff56.dir/build.make:66: CMakeFiles/cmTC_dff56.dir/HAVE_NDIR_H.c.o] Error 1
make[1]: Leaving directory '/cygdrive/d/gitee/c_open_project/mysql-5.6.37/cmake-build-debug/CMakeFiles/CMakeTmp'
make: *** [Makefile:121: cmTC_dff56/fast] Error 2


Source:
/* */
#include <ndir.h>


int main(void){return 0;}

Determining if files port.h exist failed with the following output:
Change Dir: /cygdrive/d/gitee/c_open_project/mysql-5.6.37/cmake-build-debug/CMakeFiles/CMakeTmp

Run Build Command(s):/usr/bin/make.exe cmTC_ad70c/fast && /usr/bin/make -f CMakeFiles/cmTC_ad70c.dir/build.make CMakeFiles/cmTC_ad70c.dir/build
make[1]: Entering directory '/cygdrive/d/gitee/c_open_project/mysql-5.6.37/cmake-build-debug/CMakeFiles/CMakeTmp'
Building C object CMakeFiles/cmTC_ad70c.dir/HAVE_PORT_H.c.o
/usr/bin/cc    -o CMakeFiles/cmTC_ad70c.dir/HAVE_PORT_H.c.o   -c /cygdrive/d/gitee/c_open_project/mysql-5.6.37/cmake-build-debug/CMakeFiles/CheckIncludeFiles/HAVE_PORT_H.c
/cygdrive/d/gitee/c_open_project/mysql-5.6.37/cmake-build-debug/CMakeFiles/CheckIncludeFiles/HAVE_PORT_H.c:2:10: fatal error: port.h: No such file or directory
    2 | #include <port.h>
      |          ^~~~~~~~
compilation terminated.
make[1]: *** [CMakeFiles/cmTC_ad70c.dir/build.make:66: CMakeFiles/cmTC_ad70c.dir/HAVE_PORT_H.c.o] Error 1
make[1]: Leaving directory '/cygdrive/d/gitee/c_open_project/mysql-5.6.37/cmake-build-debug/CMakeFiles/CMakeTmp'
make: *** [Makefile:121: cmTC_ad70c/fast] Error 2


Source:
/* */
#include <port.h>


int main(void){return 0;}

Determining if files select.h exist failed with the following output:
Change Dir: /cygdrive/d/gitee/c_open_project/mysql-5.6.37/cmake-build-debug/CMakeFiles/CMakeTmp

Run Build Command(s):/usr/bin/make.exe cmTC_4578f/fast && /usr/bin/make -f CMakeFiles/cmTC_4578f.dir/build.make CMakeFiles/cmTC_4578f.dir/build
make[1]: Entering directory '/cygdrive/d/gitee/c_open_project/mysql-5.6.37/cmake-build-debug/CMakeFiles/CMakeTmp'
Building C object CMakeFiles/cmTC_4578f.dir/HAVE_SELECT_H.c.o
/usr/bin/cc    -o CMakeFiles/cmTC_4578f.dir/HAVE_SELECT_H.c.o   -c /cygdrive/d/gitee/c_open_project/mysql-5.6.37/cmake-build-debug/CMakeFiles/CheckIncludeFiles/HAVE_SELECT_H.c
/cygdrive/d/gitee/c_open_project/mysql-5.6.37/cmake-build-debug/CMakeFiles/CheckIncludeFiles/HAVE_SELECT_H.c:2:10: fatal error: select.h: No such file or directory
    2 | #include <select.h>
      |          ^~~~~~~~~~
compilation terminated.
make[1]: *** [CMakeFiles/cmTC_4578f.dir/build.make:66: CMakeFiles/cmTC_4578f.dir/HAVE_SELECT_H.c.o] Error 1
make[1]: Leaving directory '/cygdrive/d/gitee/c_open_project/mysql-5.6.37/cmake-build-debug/CMakeFiles/CMakeTmp'
make: *** [Makefile:121: cmTC_4578f/fast] Error 2


Source:
/* */
#include <select.h>


int main(void){return 0;}

Determining if files sys/ndir.h exist failed with the following output:
Change Dir: /cygdrive/d/gitee/c_open_project/mysql-5.6.37/cmake-build-debug/CMakeFiles/CMakeTmp

Run Build Command(s):/usr/bin/make.exe cmTC_88f45/fast && /usr/bin/make -f CMakeFiles/cmTC_88f45.dir/build.make CMakeFiles/cmTC_88f45.dir/build
make[1]: Entering directory '/cygdrive/d/gitee/c_open_project/mysql-5.6.37/cmake-build-debug/CMakeFiles/CMakeTmp'
Building C object CMakeFiles/cmTC_88f45.dir/HAVE_SYS_NDIR_H.c.o
/usr/bin/cc    -o CMakeFiles/cmTC_88f45.dir/HAVE_SYS_NDIR_H.c.o   -c /cygdrive/d/gitee/c_open_project/mysql-5.6.37/cmake-build-debug/CMakeFiles/CheckIncludeFiles/HAVE_SYS_NDIR_H.c
/cygdrive/d/gitee/c_open_project/mysql-5.6.37/cmake-build-debug/CMakeFiles/CheckIncludeFiles/HAVE_SYS_NDIR_H.c:2:10: fatal error: sys/ndir.h: No such file or directory
    2 | #include <sys/ndir.h>
      |          ^~~~~~~~~~~~
compilation terminated.
make[1]: *** [CMakeFiles/cmTC_88f45.dir/build.make:66: CMakeFiles/cmTC_88f45.dir/HAVE_SYS_NDIR_H.c.o] Error 1
make[1]: Leaving directory '/cygdrive/d/gitee/c_open_project/mysql-5.6.37/cmake-build-debug/CMakeFiles/CMakeTmp'
make: *** [Makefile:121: cmTC_88f45/fast] Error 2


Source:
/* */
#include <sys/ndir.h>


int main(void){return 0;}

Determining if files sys/pte.h exist failed with the following output:
Change Dir: /cygdrive/d/gitee/c_open_project/mysql-5.6.37/cmake-build-debug/CMakeFiles/CMakeTmp

Run Build Command(s):/usr/bin/make.exe cmTC_59c8f/fast && /usr/bin/make -f CMakeFiles/cmTC_59c8f.dir/build.make CMakeFiles/cmTC_59c8f.dir/build
make[1]: Entering directory '/cygdrive/d/gitee/c_open_project/mysql-5.6.37/cmake-build-debug/CMakeFiles/CMakeTmp'
Building C object CMakeFiles/cmTC_59c8f.dir/HAVE_SYS_PTE_H.c.o
/usr/bin/cc    -o CMakeFiles/cmTC_59c8f.dir/HAVE_SYS_PTE_H.c.o   -c /cygdrive/d/gitee/c_open_project/mysql-5.6.37/cmake-build-debug/CMakeFiles/CheckIncludeFiles/HAVE_SYS_PTE_H.c
/cygdrive/d/gitee/c_open_project/mysql-5.6.37/cmake-build-debug/CMakeFiles/CheckIncludeFiles/HAVE_SYS_PTE_H.c:2:10: fatal error: sys/pte.h: No such file or directory
    2 | #include <sys/pte.h>
      |          ^~~~~~~~~~~
compilation terminated.
make[1]: *** [CMakeFiles/cmTC_59c8f.dir/build.make:66: CMakeFiles/cmTC_59c8f.dir/HAVE_SYS_PTE_H.c.o] Error 1
make[1]: Leaving directory '/cygdrive/d/gitee/c_open_project/mysql-5.6.37/cmake-build-debug/CMakeFiles/CMakeTmp'
make: *** [Makefile:121: cmTC_59c8f/fast] Error 2


Source:
/* */
#include <sys/pte.h>


int main(void){return 0;}

Determining if files synch.h exist failed with the following output:
Change Dir: /cygdrive/d/gitee/c_open_project/mysql-5.6.37/cmake-build-debug/CMakeFiles/CMakeTmp

Run Build Command(s):/usr/bin/make.exe cmTC_09bee/fast && /usr/bin/make -f CMakeFiles/cmTC_09bee.dir/build.make CMakeFiles/cmTC_09bee.dir/build
make[1]: Entering directory '/cygdrive/d/gitee/c_open_project/mysql-5.6.37/cmake-build-debug/CMakeFiles/CMakeTmp'
Building C object CMakeFiles/cmTC_09bee.dir/HAVE_SYNCH_H.c.o
/usr/bin/cc    -o CMakeFiles/cmTC_09bee.dir/HAVE_SYNCH_H.c.o   -c /cygdrive/d/gitee/c_open_project/mysql-5.6.37/cmake-build-debug/CMakeFiles/CheckIncludeFiles/HAVE_SYNCH_H.c
/cygdrive/d/gitee/c_open_project/mysql-5.6.37/cmake-build-debug/CMakeFiles/CheckIncludeFiles/HAVE_SYNCH_H.c:2:10: fatal error: synch.h: No such file or directory
    2 | #include <synch.h>
      |          ^~~~~~~~~
compilation terminated.
make[1]: *** [CMakeFiles/cmTC_09bee.dir/build.make:66: CMakeFiles/cmTC_09bee.dir/HAVE_SYNCH_H.c.o] Error 1
make[1]: Leaving directory '/cygdrive/d/gitee/c_open_project/mysql-5.6.37/cmake-build-debug/CMakeFiles/CMakeTmp'
make: *** [Makefile:121: cmTC_09bee/fast] Error 2


Source:
/* */
#include <synch.h>


int main(void){return 0;}

Determining if files sysent.h exist failed with the following output:
Change Dir: /cygdrive/d/gitee/c_open_project/mysql-5.6.37/cmake-build-debug/CMakeFiles/CMakeTmp

Run Build Command(s):/usr/bin/make.exe cmTC_2780a/fast && /usr/bin/make -f CMakeFiles/cmTC_2780a.dir/build.make CMakeFiles/cmTC_2780a.dir/build
make[1]: Entering directory '/cygdrive/d/gitee/c_open_project/mysql-5.6.37/cmake-build-debug/CMakeFiles/CMakeTmp'
Building C object CMakeFiles/cmTC_2780a.dir/HAVE_SYSENT_H.c.o
/usr/bin/cc    -o CMakeFiles/cmTC_2780a.dir/HAVE_SYSENT_H.c.o   -c /cygdrive/d/gitee/c_open_project/mysql-5.6.37/cmake-build-debug/CMakeFiles/CheckIncludeFiles/HAVE_SYSENT_H.c
/cygdrive/d/gitee/c_open_project/mysql-5.6.37/cmake-build-debug/CMakeFiles/CheckIncludeFiles/HAVE_SYSENT_H.c:2:10: fatal error: sysent.h: No such file or directory
    2 | #include <sysent.h>
      |          ^~~~~~~~~~
compilation terminated.
make[1]: *** [CMakeFiles/cmTC_2780a.dir/build.make:66: CMakeFiles/cmTC_2780a.dir/HAVE_SYSENT_H.c.o] Error 1
make[1]: Leaving directory '/cygdrive/d/gitee/c_open_project/mysql-5.6.37/cmake-build-debug/CMakeFiles/CMakeTmp'
make: *** [Makefile:121: cmTC_2780a/fast] Error 2


Source:
/* */
#include <sysent.h>


int main(void){return 0;}

Determining if files sys/fpu.h exist failed with the following output:
Change Dir: /cygdrive/d/gitee/c_open_project/mysql-5.6.37/cmake-build-debug/CMakeFiles/CMakeTmp

Run Build Command(s):/usr/bin/make.exe cmTC_d09d7/fast && /usr/bin/make -f CMakeFiles/cmTC_d09d7.dir/build.make CMakeFiles/cmTC_d09d7.dir/build
make[1]: Entering directory '/cygdrive/d/gitee/c_open_project/mysql-5.6.37/cmake-build-debug/CMakeFiles/CMakeTmp'
Building C object CMakeFiles/cmTC_d09d7.dir/HAVE_SYS_FPU_H.c.o
/usr/bin/cc    -o CMakeFiles/cmTC_d09d7.dir/HAVE_SYS_FPU_H.c.o   -c /cygdrive/d/gitee/c_open_project/mysql-5.6.37/cmake-build-debug/CMakeFiles/CheckIncludeFiles/HAVE_SYS_FPU_H.c
/cygdrive/d/gitee/c_open_project/mysql-5.6.37/cmake-build-debug/CMakeFiles/CheckIncludeFiles/HAVE_SYS_FPU_H.c:2:10: fatal error: sys/fpu.h: No such file or directory
    2 | #include <sys/fpu.h>
      |          ^~~~~~~~~~~
compilation terminated.
make[1]: *** [CMakeFiles/cmTC_d09d7.dir/build.make:66: CMakeFiles/cmTC_d09d7.dir/HAVE_SYS_FPU_H.c.o] Error 1
make[1]: Leaving directory '/cygdrive/d/gitee/c_open_project/mysql-5.6.37/cmake-build-debug/CMakeFiles/CMakeTmp'
make: *** [Makefile:121: cmTC_d09d7/fast] Error 2


Source:
/* */
#include <sys/fpu.h>


int main(void){return 0;}

Determining if files sys/malloc.h exist failed with the following output:
Change Dir: /cygdrive/d/gitee/c_open_project/mysql-5.6.37/cmake-build-debug/CMakeFiles/CMakeTmp

Run Build Command(s):/usr/bin/make.exe cmTC_99637/fast && /usr/bin/make -f CMakeFiles/cmTC_99637.dir/build.make CMakeFiles/cmTC_99637.dir/build
make[1]: Entering directory '/cygdrive/d/gitee/c_open_project/mysql-5.6.37/cmake-build-debug/CMakeFiles/CMakeTmp'
Building C object CMakeFiles/cmTC_99637.dir/HAVE_SYS_MALLOC_H.c.o
/usr/bin/cc    -o CMakeFiles/cmTC_99637.dir/HAVE_SYS_MALLOC_H.c.o   -c /cygdrive/d/gitee/c_open_project/mysql-5.6.37/cmake-build-debug/CMakeFiles/CheckIncludeFiles/HAVE_SYS_MALLOC_H.c
/cygdrive/d/gitee/c_open_project/mysql-5.6.37/cmake-build-debug/CMakeFiles/CheckIncludeFiles/HAVE_SYS_MALLOC_H.c:2:10: fatal error: sys/malloc.h: No such file or directory
    2 | #include <sys/malloc.h>
      |          ^~~~~~~~~~~~~~
compilation terminated.
make[1]: *** [CMakeFiles/cmTC_99637.dir/build.make:66: CMakeFiles/cmTC_99637.dir/HAVE_SYS_MALLOC_H.c.o] Error 1
make[1]: Leaving directory '/cygdrive/d/gitee/c_open_project/mysql-5.6.37/cmake-build-debug/CMakeFiles/CMakeTmp'
make: *** [Makefile:121: cmTC_99637/fast] Error 2


Source:
/* */
#include <sys/malloc.h>


int main(void){return 0;}

Determining if files sys/prctl.h exist failed with the following output:
Change Dir: /cygdrive/d/gitee/c_open_project/mysql-5.6.37/cmake-build-debug/CMakeFiles/CMakeTmp

Run Build Command(s):/usr/bin/make.exe cmTC_b9c3b/fast && /usr/bin/make -f CMakeFiles/cmTC_b9c3b.dir/build.make CMakeFiles/cmTC_b9c3b.dir/build
make[1]: Entering directory '/cygdrive/d/gitee/c_open_project/mysql-5.6.37/cmake-build-debug/CMakeFiles/CMakeTmp'
Building C object CMakeFiles/cmTC_b9c3b.dir/HAVE_SYS_PRCTL_H.c.o
/usr/bin/cc    -o CMakeFiles/cmTC_b9c3b.dir/HAVE_SYS_PRCTL_H.c.o   -c /cygdrive/d/gitee/c_open_project/mysql-5.6.37/cmake-build-debug/CMakeFiles/CheckIncludeFiles/HAVE_SYS_PRCTL_H.c
/cygdrive/d/gitee/c_open_project/mysql-5.6.37/cmake-build-debug/CMakeFiles/CheckIncludeFiles/HAVE_SYS_PRCTL_H.c:2:10: fatal error: sys/prctl.h: No such file or directory
    2 | #include <sys/prctl.h>
      |          ^~~~~~~~~~~~~
compilation terminated.
make[1]: *** [CMakeFiles/cmTC_b9c3b.dir/build.make:66: CMakeFiles/cmTC_b9c3b.dir/HAVE_SYS_PRCTL_H.c.o] Error 1
make[1]: Leaving directory '/cygdrive/d/gitee/c_open_project/mysql-5.6.37/cmake-build-debug/CMakeFiles/CMakeTmp'
make: *** [Makefile:121: cmTC_b9c3b/fast] Error 2


Source:
/* */
#include <sys/prctl.h>


int main(void){return 0;}

Determining if files sys/stream.h exist failed with the following output:
Change Dir: /cygdrive/d/gitee/c_open_project/mysql-5.6.37/cmake-build-debug/CMakeFiles/CMakeTmp

Run Build Command(s):/usr/bin/make.exe cmTC_67f57/fast && /usr/bin/make -f CMakeFiles/cmTC_67f57.dir/build.make CMakeFiles/cmTC_67f57.dir/build
make[1]: Entering directory '/cygdrive/d/gitee/c_open_project/mysql-5.6.37/cmake-build-debug/CMakeFiles/CMakeTmp'
Building C object CMakeFiles/cmTC_67f57.dir/HAVE_SYS_STREAM_H.c.o
/usr/bin/cc    -o CMakeFiles/cmTC_67f57.dir/HAVE_SYS_STREAM_H.c.o   -c /cygdrive/d/gitee/c_open_project/mysql-5.6.37/cmake-build-debug/CMakeFiles/CheckIncludeFiles/HAVE_SYS_STREAM_H.c
/cygdrive/d/gitee/c_open_project/mysql-5.6.37/cmake-build-debug/CMakeFiles/CheckIncludeFiles/HAVE_SYS_STREAM_H.c:2:10: fatal error: sys/stream.h: No such file or directory
    2 | #include <sys/stream.h>
      |          ^~~~~~~~~~~~~~
compilation terminated.
make[1]: *** [CMakeFiles/cmTC_67f57.dir/build.make:66: CMakeFiles/cmTC_67f57.dir/HAVE_SYS_STREAM_H.c.o] Error 1
make[1]: Leaving directory '/cygdrive/d/gitee/c_open_project/mysql-5.6.37/cmake-build-debug/CMakeFiles/CMakeTmp'
make: *** [Makefile:121: cmTC_67f57/fast] Error 2


Source:
/* */
#include <sys/stream.h>


int main(void){return 0;}

Determining if files sys/termcap.h exist failed with the following output:
Change Dir: /cygdrive/d/gitee/c_open_project/mysql-5.6.37/cmake-build-debug/CMakeFiles/CMakeTmp

Run Build Command(s):/usr/bin/make.exe cmTC_20ea8/fast && /usr/bin/make -f CMakeFiles/cmTC_20ea8.dir/build.make CMakeFiles/cmTC_20ea8.dir/build
make[1]: Entering directory '/cygdrive/d/gitee/c_open_project/mysql-5.6.37/cmake-build-debug/CMakeFiles/CMakeTmp'
Building C object CMakeFiles/cmTC_20ea8.dir/HAVE_SYS_TERMCAP_H.c.o
/usr/bin/cc    -o CMakeFiles/cmTC_20ea8.dir/HAVE_SYS_TERMCAP_H.c.o   -c /cygdrive/d/gitee/c_open_project/mysql-5.6.37/cmake-build-debug/CMakeFiles/CheckIncludeFiles/HAVE_SYS_TERMCAP_H.c
/cygdrive/d/gitee/c_open_project/mysql-5.6.37/cmake-build-debug/CMakeFiles/CheckIncludeFiles/HAVE_SYS_TERMCAP_H.c:2:10: fatal error: sys/termcap.h: No such file or directory
    2 | #include <sys/termcap.h>
      |          ^~~~~~~~~~~~~~~
compilation terminated.
make[1]: *** [CMakeFiles/cmTC_20ea8.dir/build.make:66: CMakeFiles/cmTC_20ea8.dir/HAVE_SYS_TERMCAP_H.c.o] Error 1
make[1]: Leaving directory '/cygdrive/d/gitee/c_open_project/mysql-5.6.37/cmake-build-debug/CMakeFiles/CMakeTmp'
make: *** [Makefile:121: cmTC_20ea8/fast] Error 2


Source:
/* */
#include <sys/termcap.h>


int main(void){return 0;}

Determining if files curses.h;term.h exist failed with the following output:
Change Dir: /cygdrive/d/gitee/c_open_project/mysql-5.6.37/cmake-build-debug/CMakeFiles/CMakeTmp

Run Build Command(s):/usr/bin/make.exe cmTC_daef0/fast && /usr/bin/make -f CMakeFiles/cmTC_daef0.dir/build.make CMakeFiles/cmTC_daef0.dir/build
make[1]: Entering directory '/cygdrive/d/gitee/c_open_project/mysql-5.6.37/cmake-build-debug/CMakeFiles/CMakeTmp'
Building C object CMakeFiles/cmTC_daef0.dir/HAVE_TERM_H.c.o
/usr/bin/cc    -o CMakeFiles/cmTC_daef0.dir/HAVE_TERM_H.c.o   -c /cygdrive/d/gitee/c_open_project/mysql-5.6.37/cmake-build-debug/CMakeFiles/CheckIncludeFiles/HAVE_TERM_H.c
/cygdrive/d/gitee/c_open_project/mysql-5.6.37/cmake-build-debug/CMakeFiles/CheckIncludeFiles/HAVE_TERM_H.c:2:10: fatal error: curses.h: No such file or directory
    2 | #include <curses.h>
      |          ^~~~~~~~~~
compilation terminated.
make[1]: *** [CMakeFiles/cmTC_daef0.dir/build.make:66: CMakeFiles/cmTC_daef0.dir/HAVE_TERM_H.c.o] Error 1
make[1]: Leaving directory '/cygdrive/d/gitee/c_open_project/mysql-5.6.37/cmake-build-debug/CMakeFiles/CMakeTmp'
make: *** [Makefile:121: cmTC_daef0/fast] Error 2


Source:
/* */
#include <curses.h>
#include <term.h>


int main(void){return 0;}

Determining if files asm/termbits.h exist failed with the following output:
Change Dir: /cygdrive/d/gitee/c_open_project/mysql-5.6.37/cmake-build-debug/CMakeFiles/CMakeTmp

Run Build Command(s):/usr/bin/make.exe cmTC_20b98/fast && /usr/bin/make -f CMakeFiles/cmTC_20b98.dir/build.make CMakeFiles/cmTC_20b98.dir/build
make[1]: Entering directory '/cygdrive/d/gitee/c_open_project/mysql-5.6.37/cmake-build-debug/CMakeFiles/CMakeTmp'
Building C object CMakeFiles/cmTC_20b98.dir/HAVE_ASM_TERMBITS_H.c.o
/usr/bin/cc    -o CMakeFiles/cmTC_20b98.dir/HAVE_ASM_TERMBITS_H.c.o   -c /cygdrive/d/gitee/c_open_project/mysql-5.6.37/cmake-build-debug/CMakeFiles/CheckIncludeFiles/HAVE_ASM_TERMBITS_H.c
/cygdrive/d/gitee/c_open_project/mysql-5.6.37/cmake-build-debug/CMakeFiles/CheckIncludeFiles/HAVE_ASM_TERMBITS_H.c:2:10: fatal error: asm/termbits.h: No such file or directory
    2 | #include <asm/termbits.h>
      |          ^~~~~~~~~~~~~~~~
compilation terminated.
make[1]: *** [CMakeFiles/cmTC_20b98.dir/build.make:66: CMakeFiles/cmTC_20b98.dir/HAVE_ASM_TERMBITS_H.c.o] Error 1
make[1]: Leaving directory '/cygdrive/d/gitee/c_open_project/mysql-5.6.37/cmake-build-debug/CMakeFiles/CMakeTmp'
make: *** [Makefile:121: cmTC_20b98/fast] Error 2


Source:
/* */
#include <asm/termbits.h>


int main(void){return 0;}

Determining if files termbits.h exist failed with the following output:
Change Dir: /cygdrive/d/gitee/c_open_project/mysql-5.6.37/cmake-build-debug/CMakeFiles/CMakeTmp

Run Build Command(s):/usr/bin/make.exe cmTC_9938d/fast && /usr/bin/make -f CMakeFiles/cmTC_9938d.dir/build.make CMakeFiles/cmTC_9938d.dir/build
make[1]: Entering directory '/cygdrive/d/gitee/c_open_project/mysql-5.6.37/cmake-build-debug/CMakeFiles/CMakeTmp'
Building C object CMakeFiles/cmTC_9938d.dir/HAVE_TERMBITS_H.c.o
/usr/bin/cc    -o CMakeFiles/cmTC_9938d.dir/HAVE_TERMBITS_H.c.o   -c /cygdrive/d/gitee/c_open_project/mysql-5.6.37/cmake-build-debug/CMakeFiles/CheckIncludeFiles/HAVE_TERMBITS_H.c
/cygdrive/d/gitee/c_open_project/mysql-5.6.37/cmake-build-debug/CMakeFiles/CheckIncludeFiles/HAVE_TERMBITS_H.c:2:10: fatal error: termbits.h: No such file or directory
    2 | #include <termbits.h>
      |          ^~~~~~~~~~~~
compilation terminated.
make[1]: *** [CMakeFiles/cmTC_9938d.dir/build.make:66: CMakeFiles/cmTC_9938d.dir/HAVE_TERMBITS_H.c.o] Error 1
make[1]: Leaving directory '/cygdrive/d/gitee/c_open_project/mysql-5.6.37/cmake-build-debug/CMakeFiles/CMakeTmp'
make: *** [Makefile:121: cmTC_9938d/fast] Error 2


Source:
/* */
#include <termbits.h>


int main(void){return 0;}

Determining if files termcap.h exist failed with the following output:
Change Dir: /cygdrive/d/gitee/c_open_project/mysql-5.6.37/cmake-build-debug/CMakeFiles/CMakeTmp

Run Build Command(s):/usr/bin/make.exe cmTC_26e63/fast && /usr/bin/make -f CMakeFiles/cmTC_26e63.dir/build.make CMakeFiles/cmTC_26e63.dir/build
make[1]: Entering directory '/cygdrive/d/gitee/c_open_project/mysql-5.6.37/cmake-build-debug/CMakeFiles/CMakeTmp'
Building C object CMakeFiles/cmTC_26e63.dir/HAVE_TERMCAP_H.c.o
/usr/bin/cc    -o CMakeFiles/cmTC_26e63.dir/HAVE_TERMCAP_H.c.o   -c /cygdrive/d/gitee/c_open_project/mysql-5.6.37/cmake-build-debug/CMakeFiles/CheckIncludeFiles/HAVE_TERMCAP_H.c
/cygdrive/d/gitee/c_open_project/mysql-5.6.37/cmake-build-debug/CMakeFiles/CheckIncludeFiles/HAVE_TERMCAP_H.c:2:10: fatal error: termcap.h: No such file or directory
    2 | #include <termcap.h>
      |          ^~~~~~~~~~~
compilation terminated.
make[1]: *** [CMakeFiles/cmTC_26e63.dir/build.make:66: CMakeFiles/cmTC_26e63.dir/HAVE_TERMCAP_H.c.o] Error 1
make[1]: Leaving directory '/cygdrive/d/gitee/c_open_project/mysql-5.6.37/cmake-build-debug/CMakeFiles/CMakeTmp'
make: *** [Makefile:121: cmTC_26e63/fast] Error 2


Source:
/* */
#include <termcap.h>


int main(void){return 0;}

Determining if files varargs.h exist failed with the following output:
Change Dir: /cygdrive/d/gitee/c_open_project/mysql-5.6.37/cmake-build-debug/CMakeFiles/CMakeTmp

Run Build Command(s):/usr/bin/make.exe cmTC_d2864/fast && /usr/bin/make -f CMakeFiles/cmTC_d2864.dir/build.make CMakeFiles/cmTC_d2864.dir/build
make[1]: Entering directory '/cygdrive/d/gitee/c_open_project/mysql-5.6.37/cmake-build-debug/CMakeFiles/CMakeTmp'
Building C object CMakeFiles/cmTC_d2864.dir/HAVE_VARARGS_H.c.o
/usr/bin/cc    -o CMakeFiles/cmTC_d2864.dir/HAVE_VARARGS_H.c.o   -c /cygdrive/d/gitee/c_open_project/mysql-5.6.37/cmake-build-debug/CMakeFiles/CheckIncludeFiles/HAVE_VARARGS_H.c
In file included from /cygdrive/d/gitee/c_open_project/mysql-5.6.37/cmake-build-debug/CMakeFiles/CheckIncludeFiles/HAVE_VARARGS_H.c:2:
/usr/lib/gcc/x86_64-pc-cygwin/9.3.0/include/varargs.h:4:2: error: #error "GCC no longer implements <varargs.h>."
    4 | #error "GCC no longer implements <varargs.h>."
      |  ^~~~~
/usr/lib/gcc/x86_64-pc-cygwin/9.3.0/include/varargs.h:5:2: error: #error "Revise your code to use <stdarg.h>."
    5 | #error "Revise your code to use <stdarg.h>."
      |  ^~~~~
make[1]: *** [CMakeFiles/cmTC_d2864.dir/build.make:66: CMakeFiles/cmTC_d2864.dir/HAVE_VARARGS_H.c.o] Error 1
make[1]: Leaving directory '/cygdrive/d/gitee/c_open_project/mysql-5.6.37/cmake-build-debug/CMakeFiles/CMakeTmp'
make: *** [Makefile:121: cmTC_d2864/fast] Error 2


Source:
/* */
#include <varargs.h>


int main(void){return 0;}

Determining if files sys/vadvise.h exist failed with the following output:
Change Dir: /cygdrive/d/gitee/c_open_project/mysql-5.6.37/cmake-build-debug/CMakeFiles/CMakeTmp

Run Build Command(s):/usr/bin/make.exe cmTC_f23e3/fast && /usr/bin/make -f CMakeFiles/cmTC_f23e3.dir/build.make CMakeFiles/cmTC_f23e3.dir/build
make[1]: Entering directory '/cygdrive/d/gitee/c_open_project/mysql-5.6.37/cmake-build-debug/CMakeFiles/CMakeTmp'
Building C object CMakeFiles/cmTC_f23e3.dir/HAVE_SYS_VADVISE_H.c.o
/usr/bin/cc    -o CMakeFiles/cmTC_f23e3.dir/HAVE_SYS_VADVISE_H.c.o   -c /cygdrive/d/gitee/c_open_project/mysql-5.6.37/cmake-build-debug/CMakeFiles/CheckIncludeFiles/HAVE_SYS_VADVISE_H.c
/cygdrive/d/gitee/c_open_project/mysql-5.6.37/cmake-build-debug/CMakeFiles/CheckIncludeFiles/HAVE_SYS_VADVISE_H.c:2:10: fatal error: sys/vadvise.h: No such file or directory
    2 | #include <sys/vadvise.h>
      |          ^~~~~~~~~~~~~~~
compilation terminated.
make[1]: *** [CMakeFiles/cmTC_f23e3.dir/build.make:66: CMakeFiles/cmTC_f23e3.dir/HAVE_SYS_VADVISE_H.c.o] Error 1
make[1]: Leaving directory '/cygdrive/d/gitee/c_open_project/mysql-5.6.37/cmake-build-debug/CMakeFiles/CMakeTmp'
make: *** [Makefile:121: cmTC_f23e3/fast] Error 2


Source:
/* */
#include <sys/vadvise.h>


int main(void){return 0;}

Determining if files vis.h exist failed with the following output:
Change Dir: /cygdrive/d/gitee/c_open_project/mysql-5.6.37/cmake-build-debug/CMakeFiles/CMakeTmp

Run Build Command(s):/usr/bin/make.exe cmTC_41eb9/fast && /usr/bin/make -f CMakeFiles/cmTC_41eb9.dir/build.make CMakeFiles/cmTC_41eb9.dir/build
make[1]: Entering directory '/cygdrive/d/gitee/c_open_project/mysql-5.6.37/cmake-build-debug/CMakeFiles/CMakeTmp'
Building C object CMakeFiles/cmTC_41eb9.dir/HAVE_VIS_H.c.o
/usr/bin/cc    -o CMakeFiles/cmTC_41eb9.dir/HAVE_VIS_H.c.o   -c /cygdrive/d/gitee/c_open_project/mysql-5.6.37/cmake-build-debug/CMakeFiles/CheckIncludeFiles/HAVE_VIS_H.c
/cygdrive/d/gitee/c_open_project/mysql-5.6.37/cmake-build-debug/CMakeFiles/CheckIncludeFiles/HAVE_VIS_H.c:2:10: fatal error: vis.h: No such file or directory
    2 | #include <vis.h>
      |          ^~~~~~~
compilation terminated.
make[1]: *** [CMakeFiles/cmTC_41eb9.dir/build.make:66: CMakeFiles/cmTC_41eb9.dir/HAVE_VIS_H.c.o] Error 1
make[1]: Leaving directory '/cygdrive/d/gitee/c_open_project/mysql-5.6.37/cmake-build-debug/CMakeFiles/CMakeTmp'
make: *** [Makefile:121: cmTC_41eb9/fast] Error 2


Source:
/* */
#include <vis.h>


int main(void){return 0;}

Determining if files sys/devpoll.h exist failed with the following output:
Change Dir: /cygdrive/d/gitee/c_open_project/mysql-5.6.37/cmake-build-debug/CMakeFiles/CMakeTmp

Run Build Command(s):/usr/bin/make.exe cmTC_a4a50/fast && /usr/bin/make -f CMakeFiles/cmTC_a4a50.dir/build.make CMakeFiles/cmTC_a4a50.dir/build
make[1]: Entering directory '/cygdrive/d/gitee/c_open_project/mysql-5.6.37/cmake-build-debug/CMakeFiles/CMakeTmp'
Building C object CMakeFiles/cmTC_a4a50.dir/HAVE_DEVPOLL.c.o
/usr/bin/cc    -o CMakeFiles/cmTC_a4a50.dir/HAVE_DEVPOLL.c.o   -c /cygdrive/d/gitee/c_open_project/mysql-5.6.37/cmake-build-debug/CMakeFiles/CheckIncludeFiles/HAVE_DEVPOLL.c
/cygdrive/d/gitee/c_open_project/mysql-5.6.37/cmake-build-debug/CMakeFiles/CheckIncludeFiles/HAVE_DEVPOLL.c:2:10: fatal error: sys/devpoll.h: No such file or directory
    2 | #include <sys/devpoll.h>
      |          ^~~~~~~~~~~~~~~
compilation terminated.
make[1]: *** [CMakeFiles/cmTC_a4a50.dir/build.make:66: CMakeFiles/cmTC_a4a50.dir/HAVE_DEVPOLL.c.o] Error 1
make[1]: Leaving directory '/cygdrive/d/gitee/c_open_project/mysql-5.6.37/cmake-build-debug/CMakeFiles/CMakeTmp'
make: *** [Makefile:121: cmTC_a4a50/fast] Error 2


Source:
/* */
#include <sys/devpoll.h>


int main(void){return 0;}

Determining if files sys/devpoll.h exist failed with the following output:
Change Dir: /cygdrive/d/gitee/c_open_project/mysql-5.6.37/cmake-build-debug/CMakeFiles/CMakeTmp

Run Build Command(s):/usr/bin/make.exe cmTC_062dd/fast && /usr/bin/make -f CMakeFiles/cmTC_062dd.dir/build.make CMakeFiles/cmTC_062dd.dir/build
make[1]: Entering directory '/cygdrive/d/gitee/c_open_project/mysql-5.6.37/cmake-build-debug/CMakeFiles/CMakeTmp'
Building C object CMakeFiles/cmTC_062dd.dir/HAVE_SYS_DEVPOLL_H.c.o
/usr/bin/cc    -o CMakeFiles/cmTC_062dd.dir/HAVE_SYS_DEVPOLL_H.c.o   -c /cygdrive/d/gitee/c_open_project/mysql-5.6.37/cmake-build-debug/CMakeFiles/CheckIncludeFiles/HAVE_SYS_DEVPOLL_H.c
/cygdrive/d/gitee/c_open_project/mysql-5.6.37/cmake-build-debug/CMakeFiles/CheckIncludeFiles/HAVE_SYS_DEVPOLL_H.c:2:10: fatal error: sys/devpoll.h: No such file or directory
    2 | #include <sys/devpoll.h>
      |          ^~~~~~~~~~~~~~~
compilation terminated.
make[1]: *** [CMakeFiles/cmTC_062dd.dir/build.make:66: CMakeFiles/cmTC_062dd.dir/HAVE_SYS_DEVPOLL_H.c.o] Error 1
make[1]: Leaving directory '/cygdrive/d/gitee/c_open_project/mysql-5.6.37/cmake-build-debug/CMakeFiles/CMakeTmp'
make: *** [Makefile:121: cmTC_062dd/fast] Error 2


Source:
/* */
#include <sys/devpoll.h>


int main(void){return 0;}

Determining if files sys/epoll.h exist failed with the following output:
Change Dir: /cygdrive/d/gitee/c_open_project/mysql-5.6.37/cmake-build-debug/CMakeFiles/CMakeTmp

Run Build Command(s):/usr/bin/make.exe cmTC_ed7ef/fast && /usr/bin/make -f CMakeFiles/cmTC_ed7ef.dir/build.make CMakeFiles/cmTC_ed7ef.dir/build
make[1]: Entering directory '/cygdrive/d/gitee/c_open_project/mysql-5.6.37/cmake-build-debug/CMakeFiles/CMakeTmp'
Building C object CMakeFiles/cmTC_ed7ef.dir/HAVE_SYS_EPOLL_H.c.o
/usr/bin/cc    -o CMakeFiles/cmTC_ed7ef.dir/HAVE_SYS_EPOLL_H.c.o   -c /cygdrive/d/gitee/c_open_project/mysql-5.6.37/cmake-build-debug/CMakeFiles/CheckIncludeFiles/HAVE_SYS_EPOLL_H.c
/cygdrive/d/gitee/c_open_project/mysql-5.6.37/cmake-build-debug/CMakeFiles/CheckIncludeFiles/HAVE_SYS_EPOLL_H.c:2:10: fatal error: sys/epoll.h: No such file or directory
    2 | #include <sys/epoll.h>
      |          ^~~~~~~~~~~~~
compilation terminated.
make[1]: *** [CMakeFiles/cmTC_ed7ef.dir/build.make:66: CMakeFiles/cmTC_ed7ef.dir/HAVE_SYS_EPOLL_H.c.o] Error 1
make[1]: Leaving directory '/cygdrive/d/gitee/c_open_project/mysql-5.6.37/cmake-build-debug/CMakeFiles/CMakeTmp'
make: *** [Makefile:121: cmTC_ed7ef/fast] Error 2


Source:
/* */
#include <sys/epoll.h>


int main(void){return 0;}

Determining if files sys/ptem.h exist failed with the following output:
Change Dir: /cygdrive/d/gitee/c_open_project/mysql-5.6.37/cmake-build-debug/CMakeFiles/CMakeTmp

Run Build Command(s):/usr/bin/make.exe cmTC_ec43b/fast && /usr/bin/make -f CMakeFiles/cmTC_ec43b.dir/build.make CMakeFiles/cmTC_ec43b.dir/build
make[1]: Entering directory '/cygdrive/d/gitee/c_open_project/mysql-5.6.37/cmake-build-debug/CMakeFiles/CMakeTmp'
Building C object CMakeFiles/cmTC_ec43b.dir/HAVE_SYS_PTEM_H.c.o
/usr/bin/cc    -o CMakeFiles/cmTC_ec43b.dir/HAVE_SYS_PTEM_H.c.o   -c /cygdrive/d/gitee/c_open_project/mysql-5.6.37/cmake-build-debug/CMakeFiles/CheckIncludeFiles/HAVE_SYS_PTEM_H.c
/cygdrive/d/gitee/c_open_project/mysql-5.6.37/cmake-build-debug/CMakeFiles/CheckIncludeFiles/HAVE_SYS_PTEM_H.c:2:10: fatal error: sys/ptem.h: No such file or directory
    2 | #include <sys/ptem.h>
      |          ^~~~~~~~~~~~
compilation terminated.
make[1]: *** [CMakeFiles/cmTC_ec43b.dir/build.make:66: CMakeFiles/cmTC_ec43b.dir/HAVE_SYS_PTEM_H.c.o] Error 1
make[1]: Leaving directory '/cygdrive/d/gitee/c_open_project/mysql-5.6.37/cmake-build-debug/CMakeFiles/CMakeTmp'
make: *** [Makefile:121: cmTC_ec43b/fast] Error 2


Source:
/* */
#include <sys/ptem.h>


int main(void){return 0;}

Determining if the function _aligned_malloc exists failed with the following output:
Change Dir: /cygdrive/d/gitee/c_open_project/mysql-5.6.37/cmake-build-debug/CMakeFiles/CMakeTmp

Run Build Command(s):/usr/bin/make.exe cmTC_ebed7/fast && /usr/bin/make -f CMakeFiles/cmTC_ebed7.dir/build.make CMakeFiles/cmTC_ebed7.dir/build
make[1]: Entering directory '/cygdrive/d/gitee/c_open_project/mysql-5.6.37/cmake-build-debug/CMakeFiles/CMakeTmp'
Building C object CMakeFiles/cmTC_ebed7.dir/CheckFunctionExists.c.o
/usr/bin/cc   -DCHECK_FUNCTION_EXISTS=_aligned_malloc   -o CMakeFiles/cmTC_ebed7.dir/CheckFunctionExists.c.o   -c /cygdrive/c/Users/zhangtongxin/.CLion2019.3/system/cygwin_cmake/share/cmake-3.15.3/Modules/CheckFunctionExists.c
Linking C executable cmTC_ebed7.exe
/cygdrive/c/Users/zhangtongxin/.CLion2019.3/system/cygwin_cmake/bin/cmake.exe -E cmake_link_script CMakeFiles/cmTC_ebed7.dir/link.txt --verbose=1
/usr/bin/cc  -DCHECK_FUNCTION_EXISTS=_aligned_malloc  -Wl,--enable-auto-import  CMakeFiles/cmTC_ebed7.dir/CheckFunctionExists.c.o  -o cmTC_ebed7.exe -Wl,--out-implib,libcmTC_ebed7.dll.a -Wl,--major-image-version,0,--minor-image-version,0 
/usr/lib/gcc/x86_64-pc-cygwin/9.3.0/../../../../x86_64-pc-cygwin/bin/ld: CMakeFiles/cmTC_ebed7.dir/CheckFunctionExists.c.o:CheckFunctionExists.c:(.text+0x15): undefined reference to `_aligned_malloc'
CMakeFiles/cmTC_ebed7.dir/CheckFunctionExists.c.o:CheckFunctionExists.c:(.text+0x15): relocation truncated to fit: R_X86_64_PC32 against undefined symbol `_aligned_malloc'
collect2: error: ld returned 1 exit status
make[1]: *** [CMakeFiles/cmTC_ebed7.dir/build.make:87: cmTC_ebed7.exe] Error 1
make[1]: Leaving directory '/cygdrive/d/gitee/c_open_project/mysql-5.6.37/cmake-build-debug/CMakeFiles/CMakeTmp'
make: *** [Makefile:121: cmTC_ebed7/fast] Error 2



Determining if the function _aligned_free exists failed with the following output:
Change Dir: /cygdrive/d/gitee/c_open_project/mysql-5.6.37/cmake-build-debug/CMakeFiles/CMakeTmp

Run Build Command(s):/usr/bin/make.exe cmTC_2c62a/fast && /usr/bin/make -f CMakeFiles/cmTC_2c62a.dir/build.make CMakeFiles/cmTC_2c62a.dir/build
make[1]: Entering directory '/cygdrive/d/gitee/c_open_project/mysql-5.6.37/cmake-build-debug/CMakeFiles/CMakeTmp'
Building C object CMakeFiles/cmTC_2c62a.dir/CheckFunctionExists.c.o
/usr/bin/cc   -DCHECK_FUNCTION_EXISTS=_aligned_free   -o CMakeFiles/cmTC_2c62a.dir/CheckFunctionExists.c.o   -c /cygdrive/c/Users/zhangtongxin/.CLion2019.3/system/cygwin_cmake/share/cmake-3.15.3/Modules/CheckFunctionExists.c
Linking C executable cmTC_2c62a.exe
/cygdrive/c/Users/zhangtongxin/.CLion2019.3/system/cygwin_cmake/bin/cmake.exe -E cmake_link_script CMakeFiles/cmTC_2c62a.dir/link.txt --verbose=1
/usr/bin/cc  -DCHECK_FUNCTION_EXISTS=_aligned_free  -Wl,--enable-auto-import  CMakeFiles/cmTC_2c62a.dir/CheckFunctionExists.c.o  -o cmTC_2c62a.exe -Wl,--out-implib,libcmTC_2c62a.dll.a -Wl,--major-image-version,0,--minor-image-version,0 
/usr/lib/gcc/x86_64-pc-cygwin/9.3.0/../../../../x86_64-pc-cygwin/bin/ld: CMakeFiles/cmTC_2c62a.dir/CheckFunctionExists.c.o:CheckFunctionExists.c:(.text+0x15): undefined reference to `_aligned_free'
CMakeFiles/cmTC_2c62a.dir/CheckFunctionExists.c.o:CheckFunctionExists.c:(.text+0x15): relocation truncated to fit: R_X86_64_PC32 against undefined symbol `_aligned_free'
collect2: error: ld returned 1 exit status
make[1]: *** [CMakeFiles/cmTC_2c62a.dir/build.make:87: cmTC_2c62a.exe] Error 1
make[1]: Leaving directory '/cygdrive/d/gitee/c_open_project/mysql-5.6.37/cmake-build-debug/CMakeFiles/CMakeTmp'
make: *** [Makefile:121: cmTC_2c62a/fast] Error 2



Determining if the function backtrace exists failed with the following output:
Change Dir: /cygdrive/d/gitee/c_open_project/mysql-5.6.37/cmake-build-debug/CMakeFiles/CMakeTmp

Run Build Command(s):/usr/bin/make.exe cmTC_76264/fast && /usr/bin/make -f CMakeFiles/cmTC_76264.dir/build.make CMakeFiles/cmTC_76264.dir/build
make[1]: Entering directory '/cygdrive/d/gitee/c_open_project/mysql-5.6.37/cmake-build-debug/CMakeFiles/CMakeTmp'
Building C object CMakeFiles/cmTC_76264.dir/CheckFunctionExists.c.o
/usr/bin/cc   -DCHECK_FUNCTION_EXISTS=backtrace   -o CMakeFiles/cmTC_76264.dir/CheckFunctionExists.c.o   -c /cygdrive/c/Users/zhangtongxin/.CLion2019.3/system/cygwin_cmake/share/cmake-3.15.3/Modules/CheckFunctionExists.c
Linking C executable cmTC_76264.exe
/cygdrive/c/Users/zhangtongxin/.CLion2019.3/system/cygwin_cmake/bin/cmake.exe -E cmake_link_script CMakeFiles/cmTC_76264.dir/link.txt --verbose=1
/usr/bin/cc  -DCHECK_FUNCTION_EXISTS=backtrace  -Wl,--enable-auto-import  CMakeFiles/cmTC_76264.dir/CheckFunctionExists.c.o  -o cmTC_76264.exe -Wl,--out-implib,libcmTC_76264.dll.a -Wl,--major-image-version,0,--minor-image-version,0 
/usr/lib/gcc/x86_64-pc-cygwin/9.3.0/../../../../x86_64-pc-cygwin/bin/ld: CMakeFiles/cmTC_76264.dir/CheckFunctionExists.c.o:CheckFunctionExists.c:(.text+0x15): undefined reference to `backtrace'
CMakeFiles/cmTC_76264.dir/CheckFunctionExists.c.o:CheckFunctionExists.c:(.text+0x15): relocation truncated to fit: R_X86_64_PC32 against undefined symbol `backtrace'
collect2: error: ld returned 1 exit status
make[1]: *** [CMakeFiles/cmTC_76264.dir/build.make:87: cmTC_76264.exe] Error 1
make[1]: Leaving directory '/cygdrive/d/gitee/c_open_project/mysql-5.6.37/cmake-build-debug/CMakeFiles/CMakeTmp'
make: *** [Makefile:121: cmTC_76264/fast] Error 2



Determining if the function backtrace_symbols exists failed with the following output:
Change Dir: /cygdrive/d/gitee/c_open_project/mysql-5.6.37/cmake-build-debug/CMakeFiles/CMakeTmp

Run Build Command(s):/usr/bin/make.exe cmTC_55fe0/fast && /usr/bin/make -f CMakeFiles/cmTC_55fe0.dir/build.make CMakeFiles/cmTC_55fe0.dir/build
make[1]: Entering directory '/cygdrive/d/gitee/c_open_project/mysql-5.6.37/cmake-build-debug/CMakeFiles/CMakeTmp'
Building C object CMakeFiles/cmTC_55fe0.dir/CheckFunctionExists.c.o
/usr/bin/cc   -DCHECK_FUNCTION_EXISTS=backtrace_symbols   -o CMakeFiles/cmTC_55fe0.dir/CheckFunctionExists.c.o   -c /cygdrive/c/Users/zhangtongxin/.CLion2019.3/system/cygwin_cmake/share/cmake-3.15.3/Modules/CheckFunctionExists.c
Linking C executable cmTC_55fe0.exe
/cygdrive/c/Users/zhangtongxin/.CLion2019.3/system/cygwin_cmake/bin/cmake.exe -E cmake_link_script CMakeFiles/cmTC_55fe0.dir/link.txt --verbose=1
/usr/bin/cc  -DCHECK_FUNCTION_EXISTS=backtrace_symbols  -Wl,--enable-auto-import  CMakeFiles/cmTC_55fe0.dir/CheckFunctionExists.c.o  -o cmTC_55fe0.exe -Wl,--out-implib,libcmTC_55fe0.dll.a -Wl,--major-image-version,0,--minor-image-version,0 
/usr/lib/gcc/x86_64-pc-cygwin/9.3.0/../../../../x86_64-pc-cygwin/bin/ld: CMakeFiles/cmTC_55fe0.dir/CheckFunctionExists.c.o:CheckFunctionExists.c:(.text+0x15): undefined reference to `backtrace_symbols'
CMakeFiles/cmTC_55fe0.dir/CheckFunctionExists.c.o:CheckFunctionExists.c:(.text+0x15): relocation truncated to fit: R_X86_64_PC32 against undefined symbol `backtrace_symbols'
collect2: error: ld returned 1 exit status
make[1]: *** [CMakeFiles/cmTC_55fe0.dir/build.make:87: cmTC_55fe0.exe] Error 1
make[1]: Leaving directory '/cygdrive/d/gitee/c_open_project/mysql-5.6.37/cmake-build-debug/CMakeFiles/CMakeTmp'
make: *** [Makefile:121: cmTC_55fe0/fast] Error 2



Determining if the function backtrace_symbols_fd exists failed with the following output:
Change Dir: /cygdrive/d/gitee/c_open_project/mysql-5.6.37/cmake-build-debug/CMakeFiles/CMakeTmp

Run Build Command(s):/usr/bin/make.exe cmTC_8f588/fast && /usr/bin/make -f CMakeFiles/cmTC_8f588.dir/build.make CMakeFiles/cmTC_8f588.dir/build
make[1]: Entering directory '/cygdrive/d/gitee/c_open_project/mysql-5.6.37/cmake-build-debug/CMakeFiles/CMakeTmp'
Building C object CMakeFiles/cmTC_8f588.dir/CheckFunctionExists.c.o
/usr/bin/cc   -DCHECK_FUNCTION_EXISTS=backtrace_symbols_fd   -o CMakeFiles/cmTC_8f588.dir/CheckFunctionExists.c.o   -c /cygdrive/c/Users/zhangtongxin/.CLion2019.3/system/cygwin_cmake/share/cmake-3.15.3/Modules/CheckFunctionExists.c
Linking C executable cmTC_8f588.exe
/cygdrive/c/Users/zhangtongxin/.CLion2019.3/system/cygwin_cmake/bin/cmake.exe -E cmake_link_script CMakeFiles/cmTC_8f588.dir/link.txt --verbose=1
/usr/bin/cc  -DCHECK_FUNCTION_EXISTS=backtrace_symbols_fd  -Wl,--enable-auto-import  CMakeFiles/cmTC_8f588.dir/CheckFunctionExists.c.o  -o cmTC_8f588.exe -Wl,--out-implib,libcmTC_8f588.dll.a -Wl,--major-image-version,0,--minor-image-version,0 
/usr/lib/gcc/x86_64-pc-cygwin/9.3.0/../../../../x86_64-pc-cygwin/bin/ld: CMakeFiles/cmTC_8f588.dir/CheckFunctionExists.c.o:CheckFunctionExists.c:(.text+0x15): undefined reference to `backtrace_symbols_fd'
CMakeFiles/cmTC_8f588.dir/CheckFunctionExists.c.o:CheckFunctionExists.c:(.text+0x15): relocation truncated to fit: R_X86_64_PC32 against undefined symbol `backtrace_symbols_fd'
collect2: error: ld returned 1 exit status
make[1]: *** [CMakeFiles/cmTC_8f588.dir/build.make:87: cmTC_8f588.exe] Error 1
make[1]: Leaving directory '/cygdrive/d/gitee/c_open_project/mysql-5.6.37/cmake-build-debug/CMakeFiles/CMakeTmp'
make: *** [Makefile:121: cmTC_8f588/fast] Error 2



Determining if the function printstack exists failed with the following output:
Change Dir: /cygdrive/d/gitee/c_open_project/mysql-5.6.37/cmake-build-debug/CMakeFiles/CMakeTmp

Run Build Command(s):/usr/bin/make.exe cmTC_6f3cf/fast && /usr/bin/make -f CMakeFiles/cmTC_6f3cf.dir/build.make CMakeFiles/cmTC_6f3cf.dir/build
make[1]: Entering directory '/cygdrive/d/gitee/c_open_project/mysql-5.6.37/cmake-build-debug/CMakeFiles/CMakeTmp'
Building C object CMakeFiles/cmTC_6f3cf.dir/CheckFunctionExists.c.o
/usr/bin/cc   -DCHECK_FUNCTION_EXISTS=printstack   -o CMakeFiles/cmTC_6f3cf.dir/CheckFunctionExists.c.o   -c /cygdrive/c/Users/zhangtongxin/.CLion2019.3/system/cygwin_cmake/share/cmake-3.15.3/Modules/CheckFunctionExists.c
Linking C executable cmTC_6f3cf.exe
/cygdrive/c/Users/zhangtongxin/.CLion2019.3/system/cygwin_cmake/bin/cmake.exe -E cmake_link_script CMakeFiles/cmTC_6f3cf.dir/link.txt --verbose=1
/usr/bin/cc  -DCHECK_FUNCTION_EXISTS=printstack  -Wl,--enable-auto-import  CMakeFiles/cmTC_6f3cf.dir/CheckFunctionExists.c.o  -o cmTC_6f3cf.exe -Wl,--out-implib,libcmTC_6f3cf.dll.a -Wl,--major-image-version,0,--minor-image-version,0 
/usr/lib/gcc/x86_64-pc-cygwin/9.3.0/../../../../x86_64-pc-cygwin/bin/ld: CMakeFiles/cmTC_6f3cf.dir/CheckFunctionExists.c.o:CheckFunctionExists.c:(.text+0x15): undefined reference to `printstack'
CMakeFiles/cmTC_6f3cf.dir/CheckFunctionExists.c.o:CheckFunctionExists.c:(.text+0x15): relocation truncated to fit: R_X86_64_PC32 against undefined symbol `printstack'
collect2: error: ld returned 1 exit status
make[1]: *** [CMakeFiles/cmTC_6f3cf.dir/build.make:87: cmTC_6f3cf.exe] Error 1
make[1]: Leaving directory '/cygdrive/d/gitee/c_open_project/mysql-5.6.37/cmake-build-debug/CMakeFiles/CMakeTmp'
make: *** [Makefile:121: cmTC_6f3cf/fast] Error 2



Determining if the function bmove exists failed with the following output:
Change Dir: /cygdrive/d/gitee/c_open_project/mysql-5.6.37/cmake-build-debug/CMakeFiles/CMakeTmp

Run Build Command(s):/usr/bin/make.exe cmTC_bd0ff/fast && /usr/bin/make -f CMakeFiles/cmTC_bd0ff.dir/build.make CMakeFiles/cmTC_bd0ff.dir/build
make[1]: Entering directory '/cygdrive/d/gitee/c_open_project/mysql-5.6.37/cmake-build-debug/CMakeFiles/CMakeTmp'
Building C object CMakeFiles/cmTC_bd0ff.dir/CheckFunctionExists.c.o
/usr/bin/cc   -DCHECK_FUNCTION_EXISTS=bmove   -o CMakeFiles/cmTC_bd0ff.dir/CheckFunctionExists.c.o   -c /cygdrive/c/Users/zhangtongxin/.CLion2019.3/system/cygwin_cmake/share/cmake-3.15.3/Modules/CheckFunctionExists.c
Linking C executable cmTC_bd0ff.exe
/cygdrive/c/Users/zhangtongxin/.CLion2019.3/system/cygwin_cmake/bin/cmake.exe -E cmake_link_script CMakeFiles/cmTC_bd0ff.dir/link.txt --verbose=1
/usr/bin/cc  -DCHECK_FUNCTION_EXISTS=bmove  -Wl,--enable-auto-import  CMakeFiles/cmTC_bd0ff.dir/CheckFunctionExists.c.o  -o cmTC_bd0ff.exe -Wl,--out-implib,libcmTC_bd0ff.dll.a -Wl,--major-image-version,0,--minor-image-version,0 
/usr/lib/gcc/x86_64-pc-cygwin/9.3.0/../../../../x86_64-pc-cygwin/bin/ld: CMakeFiles/cmTC_bd0ff.dir/CheckFunctionExists.c.o:CheckFunctionExists.c:(.text+0x15): undefined reference to `bmove'
CMakeFiles/cmTC_bd0ff.dir/CheckFunctionExists.c.o:CheckFunctionExists.c:(.text+0x15): relocation truncated to fit: R_X86_64_PC32 against undefined symbol `bmove'
collect2: error: ld returned 1 exit status
make[1]: *** [CMakeFiles/cmTC_bd0ff.dir/build.make:87: cmTC_bd0ff.exe] Error 1
make[1]: Leaving directory '/cygdrive/d/gitee/c_open_project/mysql-5.6.37/cmake-build-debug/CMakeFiles/CMakeTmp'
make: *** [Makefile:121: cmTC_bd0ff/fast] Error 2



Determining if the function directio exists failed with the following output:
Change Dir: /cygdrive/d/gitee/c_open_project/mysql-5.6.37/cmake-build-debug/CMakeFiles/CMakeTmp

Run Build Command(s):/usr/bin/make.exe cmTC_cba65/fast && /usr/bin/make -f CMakeFiles/cmTC_cba65.dir/build.make CMakeFiles/cmTC_cba65.dir/build
make[1]: Entering directory '/cygdrive/d/gitee/c_open_project/mysql-5.6.37/cmake-build-debug/CMakeFiles/CMakeTmp'
Building C object CMakeFiles/cmTC_cba65.dir/CheckFunctionExists.c.o
/usr/bin/cc   -DCHECK_FUNCTION_EXISTS=directio   -o CMakeFiles/cmTC_cba65.dir/CheckFunctionExists.c.o   -c /cygdrive/c/Users/zhangtongxin/.CLion2019.3/system/cygwin_cmake/share/cmake-3.15.3/Modules/CheckFunctionExists.c
Linking C executable cmTC_cba65.exe
/cygdrive/c/Users/zhangtongxin/.CLion2019.3/system/cygwin_cmake/bin/cmake.exe -E cmake_link_script CMakeFiles/cmTC_cba65.dir/link.txt --verbose=1
/usr/bin/cc  -DCHECK_FUNCTION_EXISTS=directio  -Wl,--enable-auto-import  CMakeFiles/cmTC_cba65.dir/CheckFunctionExists.c.o  -o cmTC_cba65.exe -Wl,--out-implib,libcmTC_cba65.dll.a -Wl,--major-image-version,0,--minor-image-version,0 
/usr/lib/gcc/x86_64-pc-cygwin/9.3.0/../../../../x86_64-pc-cygwin/bin/ld: CMakeFiles/cmTC_cba65.dir/CheckFunctionExists.c.o:CheckFunctionExists.c:(.text+0x15): undefined reference to `directio'
CMakeFiles/cmTC_cba65.dir/CheckFunctionExists.c.o:CheckFunctionExists.c:(.text+0x15): relocation truncated to fit: R_X86_64_PC32 against undefined symbol `directio'
collect2: error: ld returned 1 exit status
make[1]: *** [CMakeFiles/cmTC_cba65.dir/build.make:87: cmTC_cba65.exe] Error 1
make[1]: Leaving directory '/cygdrive/d/gitee/c_open_project/mysql-5.6.37/cmake-build-debug/CMakeFiles/CMakeTmp'
make: *** [Makefile:121: cmTC_cba65/fast] Error 2



Determining if the function _doprnt exists failed with the following output:
Change Dir: /cygdrive/d/gitee/c_open_project/mysql-5.6.37/cmake-build-debug/CMakeFiles/CMakeTmp

Run Build Command(s):/usr/bin/make.exe cmTC_40862/fast && /usr/bin/make -f CMakeFiles/cmTC_40862.dir/build.make CMakeFiles/cmTC_40862.dir/build
make[1]: Entering directory '/cygdrive/d/gitee/c_open_project/mysql-5.6.37/cmake-build-debug/CMakeFiles/CMakeTmp'
Building C object CMakeFiles/cmTC_40862.dir/CheckFunctionExists.c.o
/usr/bin/cc   -DCHECK_FUNCTION_EXISTS=_doprnt   -o CMakeFiles/cmTC_40862.dir/CheckFunctionExists.c.o   -c /cygdrive/c/Users/zhangtongxin/.CLion2019.3/system/cygwin_cmake/share/cmake-3.15.3/Modules/CheckFunctionExists.c
Linking C executable cmTC_40862.exe
/cygdrive/c/Users/zhangtongxin/.CLion2019.3/system/cygwin_cmake/bin/cmake.exe -E cmake_link_script CMakeFiles/cmTC_40862.dir/link.txt --verbose=1
/usr/bin/cc  -DCHECK_FUNCTION_EXISTS=_doprnt  -Wl,--enable-auto-import  CMakeFiles/cmTC_40862.dir/CheckFunctionExists.c.o  -o cmTC_40862.exe -Wl,--out-implib,libcmTC_40862.dll.a -Wl,--major-image-version,0,--minor-image-version,0 
/usr/lib/gcc/x86_64-pc-cygwin/9.3.0/../../../../x86_64-pc-cygwin/bin/ld: CMakeFiles/cmTC_40862.dir/CheckFunctionExists.c.o:CheckFunctionExists.c:(.text+0x15): undefined reference to `_doprnt'
CMakeFiles/cmTC_40862.dir/CheckFunctionExists.c.o:CheckFunctionExists.c:(.text+0x15): relocation truncated to fit: R_X86_64_PC32 against undefined symbol `_doprnt'
collect2: error: ld returned 1 exit status
make[1]: *** [CMakeFiles/cmTC_40862.dir/build.make:87: cmTC_40862.exe] Error 1
make[1]: Leaving directory '/cygdrive/d/gitee/c_open_project/mysql-5.6.37/cmake-build-debug/CMakeFiles/CMakeTmp'
make: *** [Makefile:121: cmTC_40862/fast] Error 2



Determining if the function compress exists failed with the following output:
Change Dir: /cygdrive/d/gitee/c_open_project/mysql-5.6.37/cmake-build-debug/CMakeFiles/CMakeTmp

Run Build Command(s):/usr/bin/make.exe cmTC_ad7f0/fast && /usr/bin/make -f CMakeFiles/cmTC_ad7f0.dir/build.make CMakeFiles/cmTC_ad7f0.dir/build
make[1]: Entering directory '/cygdrive/d/gitee/c_open_project/mysql-5.6.37/cmake-build-debug/CMakeFiles/CMakeTmp'
Building C object CMakeFiles/cmTC_ad7f0.dir/CheckFunctionExists.c.o
/usr/bin/cc   -DCHECK_FUNCTION_EXISTS=compress   -o CMakeFiles/cmTC_ad7f0.dir/CheckFunctionExists.c.o   -c /cygdrive/c/Users/zhangtongxin/.CLion2019.3/system/cygwin_cmake/share/cmake-3.15.3/Modules/CheckFunctionExists.c
Linking C executable cmTC_ad7f0.exe
/cygdrive/c/Users/zhangtongxin/.CLion2019.3/system/cygwin_cmake/bin/cmake.exe -E cmake_link_script CMakeFiles/cmTC_ad7f0.dir/link.txt --verbose=1
/usr/bin/cc  -DCHECK_FUNCTION_EXISTS=compress  -Wl,--enable-auto-import  CMakeFiles/cmTC_ad7f0.dir/CheckFunctionExists.c.o  -o cmTC_ad7f0.exe -Wl,--out-implib,libcmTC_ad7f0.dll.a -Wl,--major-image-version,0,--minor-image-version,0 
/usr/lib/gcc/x86_64-pc-cygwin/9.3.0/../../../../x86_64-pc-cygwin/bin/ld: CMakeFiles/cmTC_ad7f0.dir/CheckFunctionExists.c.o:CheckFunctionExists.c:(.text+0x15): undefined reference to `compress'
CMakeFiles/cmTC_ad7f0.dir/CheckFunctionExists.c.o:CheckFunctionExists.c:(.text+0x15): relocation truncated to fit: R_X86_64_PC32 against undefined symbol `compress'
collect2: error: ld returned 1 exit status
make[1]: *** [CMakeFiles/cmTC_ad7f0.dir/build.make:87: cmTC_ad7f0.exe] Error 1
make[1]: Leaving directory '/cygdrive/d/gitee/c_open_project/mysql-5.6.37/cmake-build-debug/CMakeFiles/CMakeTmp'
make: *** [Makefile:121: cmTC_ad7f0/fast] Error 2



Determining if the function crypt exists failed with the following output:
Change Dir: /cygdrive/d/gitee/c_open_project/mysql-5.6.37/cmake-build-debug/CMakeFiles/CMakeTmp

Run Build Command(s):/usr/bin/make.exe cmTC_9de33/fast && /usr/bin/make -f CMakeFiles/cmTC_9de33.dir/build.make CMakeFiles/cmTC_9de33.dir/build
make[1]: Entering directory '/cygdrive/d/gitee/c_open_project/mysql-5.6.37/cmake-build-debug/CMakeFiles/CMakeTmp'
Building C object CMakeFiles/cmTC_9de33.dir/CheckFunctionExists.c.o
/usr/bin/cc   -DCHECK_FUNCTION_EXISTS=crypt   -o CMakeFiles/cmTC_9de33.dir/CheckFunctionExists.c.o   -c /cygdrive/c/Users/zhangtongxin/.CLion2019.3/system/cygwin_cmake/share/cmake-3.15.3/Modules/CheckFunctionExists.c
Linking C executable cmTC_9de33.exe
/cygdrive/c/Users/zhangtongxin/.CLion2019.3/system/cygwin_cmake/bin/cmake.exe -E cmake_link_script CMakeFiles/cmTC_9de33.dir/link.txt --verbose=1
/usr/bin/cc  -DCHECK_FUNCTION_EXISTS=crypt  -Wl,--enable-auto-import  CMakeFiles/cmTC_9de33.dir/CheckFunctionExists.c.o  -o cmTC_9de33.exe -Wl,--out-implib,libcmTC_9de33.dll.a -Wl,--major-image-version,0,--minor-image-version,0 
/usr/lib/gcc/x86_64-pc-cygwin/9.3.0/../../../../x86_64-pc-cygwin/bin/ld: CMakeFiles/cmTC_9de33.dir/CheckFunctionExists.c.o:CheckFunctionExists.c:(.text+0x15): undefined reference to `crypt'
CMakeFiles/cmTC_9de33.dir/CheckFunctionExists.c.o:CheckFunctionExists.c:(.text+0x15): relocation truncated to fit: R_X86_64_PC32 against undefined symbol `crypt'
collect2: error: ld returned 1 exit status
make[1]: *** [CMakeFiles/cmTC_9de33.dir/build.make:87: cmTC_9de33.exe] Error 1
make[1]: Leaving directory '/cygdrive/d/gitee/c_open_project/mysql-5.6.37/cmake-build-debug/CMakeFiles/CMakeTmp'
make: *** [Makefile:121: cmTC_9de33/fast] Error 2



Determining if the function fconvert exists failed with the following output:
Change Dir: /cygdrive/d/gitee/c_open_project/mysql-5.6.37/cmake-build-debug/CMakeFiles/CMakeTmp

Run Build Command(s):/usr/bin/make.exe cmTC_77299/fast && /usr/bin/make -f CMakeFiles/cmTC_77299.dir/build.make CMakeFiles/cmTC_77299.dir/build
make[1]: Entering directory '/cygdrive/d/gitee/c_open_project/mysql-5.6.37/cmake-build-debug/CMakeFiles/CMakeTmp'
Building C object CMakeFiles/cmTC_77299.dir/CheckFunctionExists.c.o
/usr/bin/cc   -DCHECK_FUNCTION_EXISTS=fconvert   -o CMakeFiles/cmTC_77299.dir/CheckFunctionExists.c.o   -c /cygdrive/c/Users/zhangtongxin/.CLion2019.3/system/cygwin_cmake/share/cmake-3.15.3/Modules/CheckFunctionExists.c
Linking C executable cmTC_77299.exe
/cygdrive/c/Users/zhangtongxin/.CLion2019.3/system/cygwin_cmake/bin/cmake.exe -E cmake_link_script CMakeFiles/cmTC_77299.dir/link.txt --verbose=1
/usr/bin/cc  -DCHECK_FUNCTION_EXISTS=fconvert  -Wl,--enable-auto-import  CMakeFiles/cmTC_77299.dir/CheckFunctionExists.c.o  -o cmTC_77299.exe -Wl,--out-implib,libcmTC_77299.dll.a -Wl,--major-image-version,0,--minor-image-version,0 
/usr/lib/gcc/x86_64-pc-cygwin/9.3.0/../../../../x86_64-pc-cygwin/bin/ld: CMakeFiles/cmTC_77299.dir/CheckFunctionExists.c.o:CheckFunctionExists.c:(.text+0x15): undefined reference to `fconvert'
CMakeFiles/cmTC_77299.dir/CheckFunctionExists.c.o:CheckFunctionExists.c:(.text+0x15): relocation truncated to fit: R_X86_64_PC32 against undefined symbol `fconvert'
collect2: error: ld returned 1 exit status
make[1]: *** [CMakeFiles/cmTC_77299.dir/build.make:87: cmTC_77299.exe] Error 1
make[1]: Leaving directory '/cygdrive/d/gitee/c_open_project/mysql-5.6.37/cmake-build-debug/CMakeFiles/CMakeTmp'
make: *** [Makefile:121: cmTC_77299/fast] Error 2



Determining if the function fpsetmask exists failed with the following output:
Change Dir: /cygdrive/d/gitee/c_open_project/mysql-5.6.37/cmake-build-debug/CMakeFiles/CMakeTmp

Run Build Command(s):/usr/bin/make.exe cmTC_7e583/fast && /usr/bin/make -f CMakeFiles/cmTC_7e583.dir/build.make CMakeFiles/cmTC_7e583.dir/build
make[1]: Entering directory '/cygdrive/d/gitee/c_open_project/mysql-5.6.37/cmake-build-debug/CMakeFiles/CMakeTmp'
Building C object CMakeFiles/cmTC_7e583.dir/CheckFunctionExists.c.o
/usr/bin/cc   -DCHECK_FUNCTION_EXISTS=fpsetmask   -o CMakeFiles/cmTC_7e583.dir/CheckFunctionExists.c.o   -c /cygdrive/c/Users/zhangtongxin/.CLion2019.3/system/cygwin_cmake/share/cmake-3.15.3/Modules/CheckFunctionExists.c
Linking C executable cmTC_7e583.exe
/cygdrive/c/Users/zhangtongxin/.CLion2019.3/system/cygwin_cmake/bin/cmake.exe -E cmake_link_script CMakeFiles/cmTC_7e583.dir/link.txt --verbose=1
/usr/bin/cc  -DCHECK_FUNCTION_EXISTS=fpsetmask  -Wl,--enable-auto-import  CMakeFiles/cmTC_7e583.dir/CheckFunctionExists.c.o  -o cmTC_7e583.exe -Wl,--out-implib,libcmTC_7e583.dll.a -Wl,--major-image-version,0,--minor-image-version,0 
/usr/lib/gcc/x86_64-pc-cygwin/9.3.0/../../../../x86_64-pc-cygwin/bin/ld: CMakeFiles/cmTC_7e583.dir/CheckFunctionExists.c.o:CheckFunctionExists.c:(.text+0x15): undefined reference to `fpsetmask'
CMakeFiles/cmTC_7e583.dir/CheckFunctionExists.c.o:CheckFunctionExists.c:(.text+0x15): relocation truncated to fit: R_X86_64_PC32 against undefined symbol `fpsetmask'
collect2: error: ld returned 1 exit status
make[1]: *** [CMakeFiles/cmTC_7e583.dir/build.make:87: cmTC_7e583.exe] Error 1
make[1]: Leaving directory '/cygdrive/d/gitee/c_open_project/mysql-5.6.37/cmake-build-debug/CMakeFiles/CMakeTmp'
make: *** [Makefile:121: cmTC_7e583/fast] Error 2



Determining if the function gethostbyaddr_r exists failed with the following output:
Change Dir: /cygdrive/d/gitee/c_open_project/mysql-5.6.37/cmake-build-debug/CMakeFiles/CMakeTmp

Run Build Command(s):/usr/bin/make.exe cmTC_9ab9e/fast && /usr/bin/make -f CMakeFiles/cmTC_9ab9e.dir/build.make CMakeFiles/cmTC_9ab9e.dir/build
make[1]: Entering directory '/cygdrive/d/gitee/c_open_project/mysql-5.6.37/cmake-build-debug/CMakeFiles/CMakeTmp'
Building C object CMakeFiles/cmTC_9ab9e.dir/CheckFunctionExists.c.o
/usr/bin/cc   -DCHECK_FUNCTION_EXISTS=gethostbyaddr_r   -o CMakeFiles/cmTC_9ab9e.dir/CheckFunctionExists.c.o   -c /cygdrive/c/Users/zhangtongxin/.CLion2019.3/system/cygwin_cmake/share/cmake-3.15.3/Modules/CheckFunctionExists.c
Linking C executable cmTC_9ab9e.exe
/cygdrive/c/Users/zhangtongxin/.CLion2019.3/system/cygwin_cmake/bin/cmake.exe -E cmake_link_script CMakeFiles/cmTC_9ab9e.dir/link.txt --verbose=1
/usr/bin/cc  -DCHECK_FUNCTION_EXISTS=gethostbyaddr_r  -Wl,--enable-auto-import  CMakeFiles/cmTC_9ab9e.dir/CheckFunctionExists.c.o  -o cmTC_9ab9e.exe -Wl,--out-implib,libcmTC_9ab9e.dll.a -Wl,--major-image-version,0,--minor-image-version,0 
/usr/lib/gcc/x86_64-pc-cygwin/9.3.0/../../../../x86_64-pc-cygwin/bin/ld: CMakeFiles/cmTC_9ab9e.dir/CheckFunctionExists.c.o:CheckFunctionExists.c:(.text+0x15): undefined reference to `gethostbyaddr_r'
CMakeFiles/cmTC_9ab9e.dir/CheckFunctionExists.c.o:CheckFunctionExists.c:(.text+0x15): relocation truncated to fit: R_X86_64_PC32 against undefined symbol `gethostbyaddr_r'
collect2: error: ld returned 1 exit status
make[1]: *** [CMakeFiles/cmTC_9ab9e.dir/build.make:87: cmTC_9ab9e.exe] Error 1
make[1]: Leaving directory '/cygdrive/d/gitee/c_open_project/mysql-5.6.37/cmake-build-debug/CMakeFiles/CMakeTmp'
make: *** [Makefile:121: cmTC_9ab9e/fast] Error 2



Determining if the function gethrtime exists failed with the following output:
Change Dir: /cygdrive/d/gitee/c_open_project/mysql-5.6.37/cmake-build-debug/CMakeFiles/CMakeTmp

Run Build Command(s):/usr/bin/make.exe cmTC_89a44/fast && /usr/bin/make -f CMakeFiles/cmTC_89a44.dir/build.make CMakeFiles/cmTC_89a44.dir/build
make[1]: Entering directory '/cygdrive/d/gitee/c_open_project/mysql-5.6.37/cmake-build-debug/CMakeFiles/CMakeTmp'
Building C object CMakeFiles/cmTC_89a44.dir/CheckFunctionExists.c.o
/usr/bin/cc   -DCHECK_FUNCTION_EXISTS=gethrtime   -o CMakeFiles/cmTC_89a44.dir/CheckFunctionExists.c.o   -c /cygdrive/c/Users/zhangtongxin/.CLion2019.3/system/cygwin_cmake/share/cmake-3.15.3/Modules/CheckFunctionExists.c
Linking C executable cmTC_89a44.exe
/cygdrive/c/Users/zhangtongxin/.CLion2019.3/system/cygwin_cmake/bin/cmake.exe -E cmake_link_script CMakeFiles/cmTC_89a44.dir/link.txt --verbose=1
/usr/bin/cc  -DCHECK_FUNCTION_EXISTS=gethrtime  -Wl,--enable-auto-import  CMakeFiles/cmTC_89a44.dir/CheckFunctionExists.c.o  -o cmTC_89a44.exe -Wl,--out-implib,libcmTC_89a44.dll.a -Wl,--major-image-version,0,--minor-image-version,0 
/usr/lib/gcc/x86_64-pc-cygwin/9.3.0/../../../../x86_64-pc-cygwin/bin/ld: CMakeFiles/cmTC_89a44.dir/CheckFunctionExists.c.o:CheckFunctionExists.c:(.text+0x15): undefined reference to `gethrtime'
CMakeFiles/cmTC_89a44.dir/CheckFunctionExists.c.o:CheckFunctionExists.c:(.text+0x15): relocation truncated to fit: R_X86_64_PC32 against undefined symbol `gethrtime'
collect2: error: ld returned 1 exit status
make[1]: *** [CMakeFiles/cmTC_89a44.dir/build.make:87: cmTC_89a44.exe] Error 1
make[1]: Leaving directory '/cygdrive/d/gitee/c_open_project/mysql-5.6.37/cmake-build-debug/CMakeFiles/CMakeTmp'
make: *** [Makefile:121: cmTC_89a44/fast] Error 2



Determining if the function getpassphrase exists failed with the following output:
Change Dir: /cygdrive/d/gitee/c_open_project/mysql-5.6.37/cmake-build-debug/CMakeFiles/CMakeTmp

Run Build Command(s):/usr/bin/make.exe cmTC_f4acc/fast && /usr/bin/make -f CMakeFiles/cmTC_f4acc.dir/build.make CMakeFiles/cmTC_f4acc.dir/build
make[1]: Entering directory '/cygdrive/d/gitee/c_open_project/mysql-5.6.37/cmake-build-debug/CMakeFiles/CMakeTmp'
Building C object CMakeFiles/cmTC_f4acc.dir/CheckFunctionExists.c.o
/usr/bin/cc   -DCHECK_FUNCTION_EXISTS=getpassphrase   -o CMakeFiles/cmTC_f4acc.dir/CheckFunctionExists.c.o   -c /cygdrive/c/Users/zhangtongxin/.CLion2019.3/system/cygwin_cmake/share/cmake-3.15.3/Modules/CheckFunctionExists.c
Linking C executable cmTC_f4acc.exe
/cygdrive/c/Users/zhangtongxin/.CLion2019.3/system/cygwin_cmake/bin/cmake.exe -E cmake_link_script CMakeFiles/cmTC_f4acc.dir/link.txt --verbose=1
/usr/bin/cc  -DCHECK_FUNCTION_EXISTS=getpassphrase  -Wl,--enable-auto-import  CMakeFiles/cmTC_f4acc.dir/CheckFunctionExists.c.o  -o cmTC_f4acc.exe -Wl,--out-implib,libcmTC_f4acc.dll.a -Wl,--major-image-version,0,--minor-image-version,0 
/usr/lib/gcc/x86_64-pc-cygwin/9.3.0/../../../../x86_64-pc-cygwin/bin/ld: CMakeFiles/cmTC_f4acc.dir/CheckFunctionExists.c.o:CheckFunctionExists.c:(.text+0x15): undefined reference to `getpassphrase'
CMakeFiles/cmTC_f4acc.dir/CheckFunctionExists.c.o:CheckFunctionExists.c:(.text+0x15): relocation truncated to fit: R_X86_64_PC32 against undefined symbol `getpassphrase'
collect2: error: ld returned 1 exit status
make[1]: *** [CMakeFiles/cmTC_f4acc.dir/build.make:87: cmTC_f4acc.exe] Error 1
make[1]: Leaving directory '/cygdrive/d/gitee/c_open_project/mysql-5.6.37/cmake-build-debug/CMakeFiles/CMakeTmp'
make: *** [Makefile:121: cmTC_f4acc/fast] Error 2



Determining if the function malloc_info exists failed with the following output:
Change Dir: /cygdrive/d/gitee/c_open_project/mysql-5.6.37/cmake-build-debug/CMakeFiles/CMakeTmp

Run Build Command(s):/usr/bin/make.exe cmTC_4ed40/fast && /usr/bin/make -f CMakeFiles/cmTC_4ed40.dir/build.make CMakeFiles/cmTC_4ed40.dir/build
make[1]: Entering directory '/cygdrive/d/gitee/c_open_project/mysql-5.6.37/cmake-build-debug/CMakeFiles/CMakeTmp'
Building C object CMakeFiles/cmTC_4ed40.dir/CheckFunctionExists.c.o
/usr/bin/cc   -DCHECK_FUNCTION_EXISTS=malloc_info   -o CMakeFiles/cmTC_4ed40.dir/CheckFunctionExists.c.o   -c /cygdrive/c/Users/zhangtongxin/.CLion2019.3/system/cygwin_cmake/share/cmake-3.15.3/Modules/CheckFunctionExists.c
Linking C executable cmTC_4ed40.exe
/cygdrive/c/Users/zhangtongxin/.CLion2019.3/system/cygwin_cmake/bin/cmake.exe -E cmake_link_script CMakeFiles/cmTC_4ed40.dir/link.txt --verbose=1
/usr/bin/cc  -DCHECK_FUNCTION_EXISTS=malloc_info  -Wl,--enable-auto-import  CMakeFiles/cmTC_4ed40.dir/CheckFunctionExists.c.o  -o cmTC_4ed40.exe -Wl,--out-implib,libcmTC_4ed40.dll.a -Wl,--major-image-version,0,--minor-image-version,0 
/usr/lib/gcc/x86_64-pc-cygwin/9.3.0/../../../../x86_64-pc-cygwin/bin/ld: CMakeFiles/cmTC_4ed40.dir/CheckFunctionExists.c.o:CheckFunctionExists.c:(.text+0x15): undefined reference to `malloc_info'
CMakeFiles/cmTC_4ed40.dir/CheckFunctionExists.c.o:CheckFunctionExists.c:(.text+0x15): relocation truncated to fit: R_X86_64_PC32 against undefined symbol `malloc_info'
collect2: error: ld returned 1 exit status
make[1]: *** [CMakeFiles/cmTC_4ed40.dir/build.make:87: cmTC_4ed40.exe] Error 1
make[1]: Leaving directory '/cygdrive/d/gitee/c_open_project/mysql-5.6.37/cmake-build-debug/CMakeFiles/CMakeTmp'
make: *** [Makefile:121: cmTC_4ed40/fast] Error 2



Determining if the function mlockall exists failed with the following output:
Change Dir: /cygdrive/d/gitee/c_open_project/mysql-5.6.37/cmake-build-debug/CMakeFiles/CMakeTmp

Run Build Command(s):/usr/bin/make.exe cmTC_42e4b/fast && /usr/bin/make -f CMakeFiles/cmTC_42e4b.dir/build.make CMakeFiles/cmTC_42e4b.dir/build
make[1]: Entering directory '/cygdrive/d/gitee/c_open_project/mysql-5.6.37/cmake-build-debug/CMakeFiles/CMakeTmp'
Building C object CMakeFiles/cmTC_42e4b.dir/CheckFunctionExists.c.o
/usr/bin/cc   -DCHECK_FUNCTION_EXISTS=mlockall   -o CMakeFiles/cmTC_42e4b.dir/CheckFunctionExists.c.o   -c /cygdrive/c/Users/zhangtongxin/.CLion2019.3/system/cygwin_cmake/share/cmake-3.15.3/Modules/CheckFunctionExists.c
Linking C executable cmTC_42e4b.exe
/cygdrive/c/Users/zhangtongxin/.CLion2019.3/system/cygwin_cmake/bin/cmake.exe -E cmake_link_script CMakeFiles/cmTC_42e4b.dir/link.txt --verbose=1
/usr/bin/cc  -DCHECK_FUNCTION_EXISTS=mlockall  -Wl,--enable-auto-import  CMakeFiles/cmTC_42e4b.dir/CheckFunctionExists.c.o  -o cmTC_42e4b.exe -Wl,--out-implib,libcmTC_42e4b.dll.a -Wl,--major-image-version,0,--minor-image-version,0 
/usr/lib/gcc/x86_64-pc-cygwin/9.3.0/../../../../x86_64-pc-cygwin/bin/ld: CMakeFiles/cmTC_42e4b.dir/CheckFunctionExists.c.o:CheckFunctionExists.c:(.text+0x15): undefined reference to `mlockall'
CMakeFiles/cmTC_42e4b.dir/CheckFunctionExists.c.o:CheckFunctionExists.c:(.text+0x15): relocation truncated to fit: R_X86_64_PC32 against undefined symbol `mlockall'
collect2: error: ld returned 1 exit status
make[1]: *** [CMakeFiles/cmTC_42e4b.dir/build.make:87: cmTC_42e4b.exe] Error 1
make[1]: Leaving directory '/cygdrive/d/gitee/c_open_project/mysql-5.6.37/cmake-build-debug/CMakeFiles/CMakeTmp'
make: *** [Makefile:121: cmTC_42e4b/fast] Error 2



Determining if the function mmap64 exists failed with the following output:
Change Dir: /cygdrive/d/gitee/c_open_project/mysql-5.6.37/cmake-build-debug/CMakeFiles/CMakeTmp

Run Build Command(s):/usr/bin/make.exe cmTC_0db00/fast && /usr/bin/make -f CMakeFiles/cmTC_0db00.dir/build.make CMakeFiles/cmTC_0db00.dir/build
make[1]: Entering directory '/cygdrive/d/gitee/c_open_project/mysql-5.6.37/cmake-build-debug/CMakeFiles/CMakeTmp'
Building C object CMakeFiles/cmTC_0db00.dir/CheckFunctionExists.c.o
/usr/bin/cc   -DCHECK_FUNCTION_EXISTS=mmap64   -o CMakeFiles/cmTC_0db00.dir/CheckFunctionExists.c.o   -c /cygdrive/c/Users/zhangtongxin/.CLion2019.3/system/cygwin_cmake/share/cmake-3.15.3/Modules/CheckFunctionExists.c
Linking C executable cmTC_0db00.exe
/cygdrive/c/Users/zhangtongxin/.CLion2019.3/system/cygwin_cmake/bin/cmake.exe -E cmake_link_script CMakeFiles/cmTC_0db00.dir/link.txt --verbose=1
/usr/bin/cc  -DCHECK_FUNCTION_EXISTS=mmap64  -Wl,--enable-auto-import  CMakeFiles/cmTC_0db00.dir/CheckFunctionExists.c.o  -o cmTC_0db00.exe -Wl,--out-implib,libcmTC_0db00.dll.a -Wl,--major-image-version,0,--minor-image-version,0 
/usr/lib/gcc/x86_64-pc-cygwin/9.3.0/../../../../x86_64-pc-cygwin/bin/ld: CMakeFiles/cmTC_0db00.dir/CheckFunctionExists.c.o:CheckFunctionExists.c:(.text+0x15): undefined reference to `mmap64'
CMakeFiles/cmTC_0db00.dir/CheckFunctionExists.c.o:CheckFunctionExists.c:(.text+0x15): relocation truncated to fit: R_X86_64_PC32 against undefined symbol `mmap64'
collect2: error: ld returned 1 exit status
make[1]: *** [CMakeFiles/cmTC_0db00.dir/build.make:87: cmTC_0db00.exe] Error 1
make[1]: Leaving directory '/cygdrive/d/gitee/c_open_project/mysql-5.6.37/cmake-build-debug/CMakeFiles/CMakeTmp'
make: *** [Makefile:121: cmTC_0db00/fast] Error 2



Determining if the function port_create exists failed with the following output:
Change Dir: /cygdrive/d/gitee/c_open_project/mysql-5.6.37/cmake-build-debug/CMakeFiles/CMakeTmp

Run Build Command(s):/usr/bin/make.exe cmTC_8df46/fast && /usr/bin/make -f CMakeFiles/cmTC_8df46.dir/build.make CMakeFiles/cmTC_8df46.dir/build
make[1]: Entering directory '/cygdrive/d/gitee/c_open_project/mysql-5.6.37/cmake-build-debug/CMakeFiles/CMakeTmp'
Building C object CMakeFiles/cmTC_8df46.dir/CheckFunctionExists.c.o
/usr/bin/cc   -DCHECK_FUNCTION_EXISTS=port_create   -o CMakeFiles/cmTC_8df46.dir/CheckFunctionExists.c.o   -c /cygdrive/c/Users/zhangtongxin/.CLion2019.3/system/cygwin_cmake/share/cmake-3.15.3/Modules/CheckFunctionExists.c
Linking C executable cmTC_8df46.exe
/cygdrive/c/Users/zhangtongxin/.CLion2019.3/system/cygwin_cmake/bin/cmake.exe -E cmake_link_script CMakeFiles/cmTC_8df46.dir/link.txt --verbose=1
/usr/bin/cc  -DCHECK_FUNCTION_EXISTS=port_create  -Wl,--enable-auto-import  CMakeFiles/cmTC_8df46.dir/CheckFunctionExists.c.o  -o cmTC_8df46.exe -Wl,--out-implib,libcmTC_8df46.dll.a -Wl,--major-image-version,0,--minor-image-version,0 
/usr/lib/gcc/x86_64-pc-cygwin/9.3.0/../../../../x86_64-pc-cygwin/bin/ld: CMakeFiles/cmTC_8df46.dir/CheckFunctionExists.c.o:CheckFunctionExists.c:(.text+0x15): undefined reference to `port_create'
CMakeFiles/cmTC_8df46.dir/CheckFunctionExists.c.o:CheckFunctionExists.c:(.text+0x15): relocation truncated to fit: R_X86_64_PC32 against undefined symbol `port_create'
collect2: error: ld returned 1 exit status
make[1]: *** [CMakeFiles/cmTC_8df46.dir/build.make:87: cmTC_8df46.exe] Error 1
make[1]: Leaving directory '/cygdrive/d/gitee/c_open_project/mysql-5.6.37/cmake-build-debug/CMakeFiles/CMakeTmp'
make: *** [Makefile:121: cmTC_8df46/fast] Error 2



Determining if the function pthread_attr_create exists failed with the following output:
Change Dir: /cygdrive/d/gitee/c_open_project/mysql-5.6.37/cmake-build-debug/CMakeFiles/CMakeTmp

Run Build Command(s):/usr/bin/make.exe cmTC_f285d/fast && /usr/bin/make -f CMakeFiles/cmTC_f285d.dir/build.make CMakeFiles/cmTC_f285d.dir/build
make[1]: Entering directory '/cygdrive/d/gitee/c_open_project/mysql-5.6.37/cmake-build-debug/CMakeFiles/CMakeTmp'
Building C object CMakeFiles/cmTC_f285d.dir/CheckFunctionExists.c.o
/usr/bin/cc   -DCHECK_FUNCTION_EXISTS=pthread_attr_create   -o CMakeFiles/cmTC_f285d.dir/CheckFunctionExists.c.o   -c /cygdrive/c/Users/zhangtongxin/.CLion2019.3/system/cygwin_cmake/share/cmake-3.15.3/Modules/CheckFunctionExists.c
Linking C executable cmTC_f285d.exe
/cygdrive/c/Users/zhangtongxin/.CLion2019.3/system/cygwin_cmake/bin/cmake.exe -E cmake_link_script CMakeFiles/cmTC_f285d.dir/link.txt --verbose=1
/usr/bin/cc  -DCHECK_FUNCTION_EXISTS=pthread_attr_create  -Wl,--enable-auto-import  CMakeFiles/cmTC_f285d.dir/CheckFunctionExists.c.o  -o cmTC_f285d.exe -Wl,--out-implib,libcmTC_f285d.dll.a -Wl,--major-image-version,0,--minor-image-version,0 
/usr/lib/gcc/x86_64-pc-cygwin/9.3.0/../../../../x86_64-pc-cygwin/bin/ld: CMakeFiles/cmTC_f285d.dir/CheckFunctionExists.c.o:CheckFunctionExists.c:(.text+0x15): undefined reference to `pthread_attr_create'
CMakeFiles/cmTC_f285d.dir/CheckFunctionExists.c.o:CheckFunctionExists.c:(.text+0x15): relocation truncated to fit: R_X86_64_PC32 against undefined symbol `pthread_attr_create'
collect2: error: ld returned 1 exit status
make[1]: *** [CMakeFiles/cmTC_f285d.dir/build.make:87: cmTC_f285d.exe] Error 1
make[1]: Leaving directory '/cygdrive/d/gitee/c_open_project/mysql-5.6.37/cmake-build-debug/CMakeFiles/CMakeTmp'
make: *** [Makefile:121: cmTC_f285d/fast] Error 2



Determining if the function pthread_condattr_create exists failed with the following output:
Change Dir: /cygdrive/d/gitee/c_open_project/mysql-5.6.37/cmake-build-debug/CMakeFiles/CMakeTmp

Run Build Command(s):/usr/bin/make.exe cmTC_f44b6/fast && /usr/bin/make -f CMakeFiles/cmTC_f44b6.dir/build.make CMakeFiles/cmTC_f44b6.dir/build
make[1]: Entering directory '/cygdrive/d/gitee/c_open_project/mysql-5.6.37/cmake-build-debug/CMakeFiles/CMakeTmp'
Building C object CMakeFiles/cmTC_f44b6.dir/CheckFunctionExists.c.o
/usr/bin/cc   -DCHECK_FUNCTION_EXISTS=pthread_condattr_create   -o CMakeFiles/cmTC_f44b6.dir/CheckFunctionExists.c.o   -c /cygdrive/c/Users/zhangtongxin/.CLion2019.3/system/cygwin_cmake/share/cmake-3.15.3/Modules/CheckFunctionExists.c
Linking C executable cmTC_f44b6.exe
/cygdrive/c/Users/zhangtongxin/.CLion2019.3/system/cygwin_cmake/bin/cmake.exe -E cmake_link_script CMakeFiles/cmTC_f44b6.dir/link.txt --verbose=1
/usr/bin/cc  -DCHECK_FUNCTION_EXISTS=pthread_condattr_create  -Wl,--enable-auto-import  CMakeFiles/cmTC_f44b6.dir/CheckFunctionExists.c.o  -o cmTC_f44b6.exe -Wl,--out-implib,libcmTC_f44b6.dll.a -Wl,--major-image-version,0,--minor-image-version,0 
/usr/lib/gcc/x86_64-pc-cygwin/9.3.0/../../../../x86_64-pc-cygwin/bin/ld: CMakeFiles/cmTC_f44b6.dir/CheckFunctionExists.c.o:CheckFunctionExists.c:(.text+0x15): undefined reference to `pthread_condattr_create'
CMakeFiles/cmTC_f44b6.dir/CheckFunctionExists.c.o:CheckFunctionExists.c:(.text+0x15): relocation truncated to fit: R_X86_64_PC32 against undefined symbol `pthread_condattr_create'
collect2: error: ld returned 1 exit status
make[1]: *** [CMakeFiles/cmTC_f44b6.dir/build.make:87: cmTC_f44b6.exe] Error 1
make[1]: Leaving directory '/cygdrive/d/gitee/c_open_project/mysql-5.6.37/cmake-build-debug/CMakeFiles/CMakeTmp'
make: *** [Makefile:121: cmTC_f44b6/fast] Error 2



Determining if the function pthread_threadmask exists failed with the following output:
Change Dir: /cygdrive/d/gitee/c_open_project/mysql-5.6.37/cmake-build-debug/CMakeFiles/CMakeTmp

Run Build Command(s):/usr/bin/make.exe cmTC_3c6e8/fast && /usr/bin/make -f CMakeFiles/cmTC_3c6e8.dir/build.make CMakeFiles/cmTC_3c6e8.dir/build
make[1]: Entering directory '/cygdrive/d/gitee/c_open_project/mysql-5.6.37/cmake-build-debug/CMakeFiles/CMakeTmp'
Building C object CMakeFiles/cmTC_3c6e8.dir/CheckFunctionExists.c.o
/usr/bin/cc   -DCHECK_FUNCTION_EXISTS=pthread_threadmask   -o CMakeFiles/cmTC_3c6e8.dir/CheckFunctionExists.c.o   -c /cygdrive/c/Users/zhangtongxin/.CLion2019.3/system/cygwin_cmake/share/cmake-3.15.3/Modules/CheckFunctionExists.c
Linking C executable cmTC_3c6e8.exe
/cygdrive/c/Users/zhangtongxin/.CLion2019.3/system/cygwin_cmake/bin/cmake.exe -E cmake_link_script CMakeFiles/cmTC_3c6e8.dir/link.txt --verbose=1
/usr/bin/cc  -DCHECK_FUNCTION_EXISTS=pthread_threadmask  -Wl,--enable-auto-import  CMakeFiles/cmTC_3c6e8.dir/CheckFunctionExists.c.o  -o cmTC_3c6e8.exe -Wl,--out-implib,libcmTC_3c6e8.dll.a -Wl,--major-image-version,0,--minor-image-version,0 
/usr/lib/gcc/x86_64-pc-cygwin/9.3.0/../../../../x86_64-pc-cygwin/bin/ld: CMakeFiles/cmTC_3c6e8.dir/CheckFunctionExists.c.o:CheckFunctionExists.c:(.text+0x15): undefined reference to `pthread_threadmask'
CMakeFiles/cmTC_3c6e8.dir/CheckFunctionExists.c.o:CheckFunctionExists.c:(.text+0x15): relocation truncated to fit: R_X86_64_PC32 against undefined symbol `pthread_threadmask'
collect2: error: ld returned 1 exit status
make[1]: *** [CMakeFiles/cmTC_3c6e8.dir/build.make:87: cmTC_3c6e8.exe] Error 1
make[1]: Leaving directory '/cygdrive/d/gitee/c_open_project/mysql-5.6.37/cmake-build-debug/CMakeFiles/CMakeTmp'
make: *** [Makefile:121: cmTC_3c6e8/fast] Error 2



Determining if the function pthread_yield_np exists failed with the following output:
Change Dir: /cygdrive/d/gitee/c_open_project/mysql-5.6.37/cmake-build-debug/CMakeFiles/CMakeTmp

Run Build Command(s):/usr/bin/make.exe cmTC_ab81d/fast && /usr/bin/make -f CMakeFiles/cmTC_ab81d.dir/build.make CMakeFiles/cmTC_ab81d.dir/build
make[1]: Entering directory '/cygdrive/d/gitee/c_open_project/mysql-5.6.37/cmake-build-debug/CMakeFiles/CMakeTmp'
Building C object CMakeFiles/cmTC_ab81d.dir/CheckFunctionExists.c.o
/usr/bin/cc   -DCHECK_FUNCTION_EXISTS=pthread_yield_np   -o CMakeFiles/cmTC_ab81d.dir/CheckFunctionExists.c.o   -c /cygdrive/c/Users/zhangtongxin/.CLion2019.3/system/cygwin_cmake/share/cmake-3.15.3/Modules/CheckFunctionExists.c
Linking C executable cmTC_ab81d.exe
/cygdrive/c/Users/zhangtongxin/.CLion2019.3/system/cygwin_cmake/bin/cmake.exe -E cmake_link_script CMakeFiles/cmTC_ab81d.dir/link.txt --verbose=1
/usr/bin/cc  -DCHECK_FUNCTION_EXISTS=pthread_yield_np  -Wl,--enable-auto-import  CMakeFiles/cmTC_ab81d.dir/CheckFunctionExists.c.o  -o cmTC_ab81d.exe -Wl,--out-implib,libcmTC_ab81d.dll.a -Wl,--major-image-version,0,--minor-image-version,0 
/usr/lib/gcc/x86_64-pc-cygwin/9.3.0/../../../../x86_64-pc-cygwin/bin/ld: CMakeFiles/cmTC_ab81d.dir/CheckFunctionExists.c.o:CheckFunctionExists.c:(.text+0x15): undefined reference to `pthread_yield_np'
CMakeFiles/cmTC_ab81d.dir/CheckFunctionExists.c.o:CheckFunctionExists.c:(.text+0x15): relocation truncated to fit: R_X86_64_PC32 against undefined symbol `pthread_yield_np'
collect2: error: ld returned 1 exit status
make[1]: *** [CMakeFiles/cmTC_ab81d.dir/build.make:87: cmTC_ab81d.exe] Error 1
make[1]: Leaving directory '/cygdrive/d/gitee/c_open_project/mysql-5.6.37/cmake-build-debug/CMakeFiles/CMakeTmp'
make: *** [Makefile:121: cmTC_ab81d/fast] Error 2



Determining if the function re_comp exists failed with the following output:
Change Dir: /cygdrive/d/gitee/c_open_project/mysql-5.6.37/cmake-build-debug/CMakeFiles/CMakeTmp

Run Build Command(s):/usr/bin/make.exe cmTC_4efa9/fast && /usr/bin/make -f CMakeFiles/cmTC_4efa9.dir/build.make CMakeFiles/cmTC_4efa9.dir/build
make[1]: Entering directory '/cygdrive/d/gitee/c_open_project/mysql-5.6.37/cmake-build-debug/CMakeFiles/CMakeTmp'
Building C object CMakeFiles/cmTC_4efa9.dir/CheckFunctionExists.c.o
/usr/bin/cc   -DCHECK_FUNCTION_EXISTS=re_comp   -o CMakeFiles/cmTC_4efa9.dir/CheckFunctionExists.c.o   -c /cygdrive/c/Users/zhangtongxin/.CLion2019.3/system/cygwin_cmake/share/cmake-3.15.3/Modules/CheckFunctionExists.c
Linking C executable cmTC_4efa9.exe
/cygdrive/c/Users/zhangtongxin/.CLion2019.3/system/cygwin_cmake/bin/cmake.exe -E cmake_link_script CMakeFiles/cmTC_4efa9.dir/link.txt --verbose=1
/usr/bin/cc  -DCHECK_FUNCTION_EXISTS=re_comp  -Wl,--enable-auto-import  CMakeFiles/cmTC_4efa9.dir/CheckFunctionExists.c.o  -o cmTC_4efa9.exe -Wl,--out-implib,libcmTC_4efa9.dll.a -Wl,--major-image-version,0,--minor-image-version,0 
/usr/lib/gcc/x86_64-pc-cygwin/9.3.0/../../../../x86_64-pc-cygwin/bin/ld: CMakeFiles/cmTC_4efa9.dir/CheckFunctionExists.c.o:CheckFunctionExists.c:(.text+0x15): undefined reference to `re_comp'
CMakeFiles/cmTC_4efa9.dir/CheckFunctionExists.c.o:CheckFunctionExists.c:(.text+0x15): relocation truncated to fit: R_X86_64_PC32 against undefined symbol `re_comp'
collect2: error: ld returned 1 exit status
make[1]: *** [CMakeFiles/cmTC_4efa9.dir/build.make:87: cmTC_4efa9.exe] Error 1
make[1]: Leaving directory '/cygdrive/d/gitee/c_open_project/mysql-5.6.37/cmake-build-debug/CMakeFiles/CMakeTmp'
make: *** [Makefile:121: cmTC_4efa9/fast] Error 2



Determining if the function rwlock_init exists failed with the following output:
Change Dir: /cygdrive/d/gitee/c_open_project/mysql-5.6.37/cmake-build-debug/CMakeFiles/CMakeTmp

Run Build Command(s):/usr/bin/make.exe cmTC_66f95/fast && /usr/bin/make -f CMakeFiles/cmTC_66f95.dir/build.make CMakeFiles/cmTC_66f95.dir/build
make[1]: Entering directory '/cygdrive/d/gitee/c_open_project/mysql-5.6.37/cmake-build-debug/CMakeFiles/CMakeTmp'
Building C object CMakeFiles/cmTC_66f95.dir/CheckFunctionExists.c.o
/usr/bin/cc   -DCHECK_FUNCTION_EXISTS=rwlock_init   -o CMakeFiles/cmTC_66f95.dir/CheckFunctionExists.c.o   -c /cygdrive/c/Users/zhangtongxin/.CLion2019.3/system/cygwin_cmake/share/cmake-3.15.3/Modules/CheckFunctionExists.c
Linking C executable cmTC_66f95.exe
/cygdrive/c/Users/zhangtongxin/.CLion2019.3/system/cygwin_cmake/bin/cmake.exe -E cmake_link_script CMakeFiles/cmTC_66f95.dir/link.txt --verbose=1
/usr/bin/cc  -DCHECK_FUNCTION_EXISTS=rwlock_init  -Wl,--enable-auto-import  CMakeFiles/cmTC_66f95.dir/CheckFunctionExists.c.o  -o cmTC_66f95.exe -Wl,--out-implib,libcmTC_66f95.dll.a -Wl,--major-image-version,0,--minor-image-version,0 
/usr/lib/gcc/x86_64-pc-cygwin/9.3.0/../../../../x86_64-pc-cygwin/bin/ld: CMakeFiles/cmTC_66f95.dir/CheckFunctionExists.c.o:CheckFunctionExists.c:(.text+0x15): undefined reference to `rwlock_init'
CMakeFiles/cmTC_66f95.dir/CheckFunctionExists.c.o:CheckFunctionExists.c:(.text+0x15): relocation truncated to fit: R_X86_64_PC32 against undefined symbol `rwlock_init'
collect2: error: ld returned 1 exit status
make[1]: *** [CMakeFiles/cmTC_66f95.dir/build.make:87: cmTC_66f95.exe] Error 1
make[1]: Leaving directory '/cygdrive/d/gitee/c_open_project/mysql-5.6.37/cmake-build-debug/CMakeFiles/CMakeTmp'
make: *** [Makefile:121: cmTC_66f95/fast] Error 2



Determining if the function setfd exists failed with the following output:
Change Dir: /cygdrive/d/gitee/c_open_project/mysql-5.6.37/cmake-build-debug/CMakeFiles/CMakeTmp

Run Build Command(s):/usr/bin/make.exe cmTC_542bb/fast && /usr/bin/make -f CMakeFiles/cmTC_542bb.dir/build.make CMakeFiles/cmTC_542bb.dir/build
make[1]: Entering directory '/cygdrive/d/gitee/c_open_project/mysql-5.6.37/cmake-build-debug/CMakeFiles/CMakeTmp'
Building C object CMakeFiles/cmTC_542bb.dir/CheckFunctionExists.c.o
/usr/bin/cc   -DCHECK_FUNCTION_EXISTS=setfd   -o CMakeFiles/cmTC_542bb.dir/CheckFunctionExists.c.o   -c /cygdrive/c/Users/zhangtongxin/.CLion2019.3/system/cygwin_cmake/share/cmake-3.15.3/Modules/CheckFunctionExists.c
Linking C executable cmTC_542bb.exe
/cygdrive/c/Users/zhangtongxin/.CLion2019.3/system/cygwin_cmake/bin/cmake.exe -E cmake_link_script CMakeFiles/cmTC_542bb.dir/link.txt --verbose=1
/usr/bin/cc  -DCHECK_FUNCTION_EXISTS=setfd  -Wl,--enable-auto-import  CMakeFiles/cmTC_542bb.dir/CheckFunctionExists.c.o  -o cmTC_542bb.exe -Wl,--out-implib,libcmTC_542bb.dll.a -Wl,--major-image-version,0,--minor-image-version,0 
/usr/lib/gcc/x86_64-pc-cygwin/9.3.0/../../../../x86_64-pc-cygwin/bin/ld: CMakeFiles/cmTC_542bb.dir/CheckFunctionExists.c.o:CheckFunctionExists.c:(.text+0x15): undefined reference to `setfd'
CMakeFiles/cmTC_542bb.dir/CheckFunctionExists.c.o:CheckFunctionExists.c:(.text+0x15): relocation truncated to fit: R_X86_64_PC32 against undefined symbol `setfd'
collect2: error: ld returned 1 exit status
make[1]: *** [CMakeFiles/cmTC_542bb.dir/build.make:87: cmTC_542bb.exe] Error 1
make[1]: Leaving directory '/cygdrive/d/gitee/c_open_project/mysql-5.6.37/cmake-build-debug/CMakeFiles/CMakeTmp'
make: *** [Makefile:121: cmTC_542bb/fast] Error 2



Determining if the function sigthreadmask exists failed with the following output:
Change Dir: /cygdrive/d/gitee/c_open_project/mysql-5.6.37/cmake-build-debug/CMakeFiles/CMakeTmp

Run Build Command(s):/usr/bin/make.exe cmTC_db334/fast && /usr/bin/make -f CMakeFiles/cmTC_db334.dir/build.make CMakeFiles/cmTC_db334.dir/build
make[1]: Entering directory '/cygdrive/d/gitee/c_open_project/mysql-5.6.37/cmake-build-debug/CMakeFiles/CMakeTmp'
Building C object CMakeFiles/cmTC_db334.dir/CheckFunctionExists.c.o
/usr/bin/cc   -DCHECK_FUNCTION_EXISTS=sigthreadmask   -o CMakeFiles/cmTC_db334.dir/CheckFunctionExists.c.o   -c /cygdrive/c/Users/zhangtongxin/.CLion2019.3/system/cygwin_cmake/share/cmake-3.15.3/Modules/CheckFunctionExists.c
Linking C executable cmTC_db334.exe
/cygdrive/c/Users/zhangtongxin/.CLion2019.3/system/cygwin_cmake/bin/cmake.exe -E cmake_link_script CMakeFiles/cmTC_db334.dir/link.txt --verbose=1
/usr/bin/cc  -DCHECK_FUNCTION_EXISTS=sigthreadmask  -Wl,--enable-auto-import  CMakeFiles/cmTC_db334.dir/CheckFunctionExists.c.o  -o cmTC_db334.exe -Wl,--out-implib,libcmTC_db334.dll.a -Wl,--major-image-version,0,--minor-image-version,0 
/usr/lib/gcc/x86_64-pc-cygwin/9.3.0/../../../../x86_64-pc-cygwin/bin/ld: CMakeFiles/cmTC_db334.dir/CheckFunctionExists.c.o:CheckFunctionExists.c:(.text+0x15): undefined reference to `sigthreadmask'
CMakeFiles/cmTC_db334.dir/CheckFunctionExists.c.o:CheckFunctionExists.c:(.text+0x15): relocation truncated to fit: R_X86_64_PC32 against undefined symbol `sigthreadmask'
collect2: error: ld returned 1 exit status
make[1]: *** [CMakeFiles/cmTC_db334.dir/build.make:87: cmTC_db334.exe] Error 1
make[1]: Leaving directory '/cygdrive/d/gitee/c_open_project/mysql-5.6.37/cmake-build-debug/CMakeFiles/CMakeTmp'
make: *** [Makefile:121: cmTC_db334/fast] Error 2



Determining if the function fgetln exists failed with the following output:
Change Dir: /cygdrive/d/gitee/c_open_project/mysql-5.6.37/cmake-build-debug/CMakeFiles/CMakeTmp

Run Build Command(s):/usr/bin/make.exe cmTC_c2096/fast && /usr/bin/make -f CMakeFiles/cmTC_c2096.dir/build.make CMakeFiles/cmTC_c2096.dir/build
make[1]: Entering directory '/cygdrive/d/gitee/c_open_project/mysql-5.6.37/cmake-build-debug/CMakeFiles/CMakeTmp'
Building C object CMakeFiles/cmTC_c2096.dir/CheckFunctionExists.c.o
/usr/bin/cc   -DCHECK_FUNCTION_EXISTS=fgetln   -o CMakeFiles/cmTC_c2096.dir/CheckFunctionExists.c.o   -c /cygdrive/c/Users/zhangtongxin/.CLion2019.3/system/cygwin_cmake/share/cmake-3.15.3/Modules/CheckFunctionExists.c
Linking C executable cmTC_c2096.exe
/cygdrive/c/Users/zhangtongxin/.CLion2019.3/system/cygwin_cmake/bin/cmake.exe -E cmake_link_script CMakeFiles/cmTC_c2096.dir/link.txt --verbose=1
/usr/bin/cc  -DCHECK_FUNCTION_EXISTS=fgetln  -Wl,--enable-auto-import  CMakeFiles/cmTC_c2096.dir/CheckFunctionExists.c.o  -o cmTC_c2096.exe -Wl,--out-implib,libcmTC_c2096.dll.a -Wl,--major-image-version,0,--minor-image-version,0 
/usr/lib/gcc/x86_64-pc-cygwin/9.3.0/../../../../x86_64-pc-cygwin/bin/ld: CMakeFiles/cmTC_c2096.dir/CheckFunctionExists.c.o:CheckFunctionExists.c:(.text+0x15): undefined reference to `fgetln'
CMakeFiles/cmTC_c2096.dir/CheckFunctionExists.c.o:CheckFunctionExists.c:(.text+0x15): relocation truncated to fit: R_X86_64_PC32 against undefined symbol `fgetln'
collect2: error: ld returned 1 exit status
make[1]: *** [CMakeFiles/cmTC_c2096.dir/build.make:87: cmTC_c2096.exe] Error 1
make[1]: Leaving directory '/cygdrive/d/gitee/c_open_project/mysql-5.6.37/cmake-build-debug/CMakeFiles/CMakeTmp'
make: *** [Makefile:121: cmTC_c2096/fast] Error 2



Determining if the function tell exists failed with the following output:
Change Dir: /cygdrive/d/gitee/c_open_project/mysql-5.6.37/cmake-build-debug/CMakeFiles/CMakeTmp

Run Build Command(s):/usr/bin/make.exe cmTC_d4a4c/fast && /usr/bin/make -f CMakeFiles/cmTC_d4a4c.dir/build.make CMakeFiles/cmTC_d4a4c.dir/build
make[1]: Entering directory '/cygdrive/d/gitee/c_open_project/mysql-5.6.37/cmake-build-debug/CMakeFiles/CMakeTmp'
Building C object CMakeFiles/cmTC_d4a4c.dir/CheckFunctionExists.c.o
/usr/bin/cc   -DCHECK_FUNCTION_EXISTS=tell   -o CMakeFiles/cmTC_d4a4c.dir/CheckFunctionExists.c.o   -c /cygdrive/c/Users/zhangtongxin/.CLion2019.3/system/cygwin_cmake/share/cmake-3.15.3/Modules/CheckFunctionExists.c
Linking C executable cmTC_d4a4c.exe
/cygdrive/c/Users/zhangtongxin/.CLion2019.3/system/cygwin_cmake/bin/cmake.exe -E cmake_link_script CMakeFiles/cmTC_d4a4c.dir/link.txt --verbose=1
/usr/bin/cc  -DCHECK_FUNCTION_EXISTS=tell  -Wl,--enable-auto-import  CMakeFiles/cmTC_d4a4c.dir/CheckFunctionExists.c.o  -o cmTC_d4a4c.exe -Wl,--out-implib,libcmTC_d4a4c.dll.a -Wl,--major-image-version,0,--minor-image-version,0 
/usr/lib/gcc/x86_64-pc-cygwin/9.3.0/../../../../x86_64-pc-cygwin/bin/ld: CMakeFiles/cmTC_d4a4c.dir/CheckFunctionExists.c.o:CheckFunctionExists.c:(.text+0x15): undefined reference to `tell'
CMakeFiles/cmTC_d4a4c.dir/CheckFunctionExists.c.o:CheckFunctionExists.c:(.text+0x15): relocation truncated to fit: R_X86_64_PC32 against undefined symbol `tell'
collect2: error: ld returned 1 exit status
make[1]: *** [CMakeFiles/cmTC_d4a4c.dir/build.make:87: cmTC_d4a4c.exe] Error 1
make[1]: Leaving directory '/cygdrive/d/gitee/c_open_project/mysql-5.6.37/cmake-build-debug/CMakeFiles/CMakeTmp'
make: *** [Makefile:121: cmTC_d4a4c/fast] Error 2



Determining if the function thr_setconcurrency exists failed with the following output:
Change Dir: /cygdrive/d/gitee/c_open_project/mysql-5.6.37/cmake-build-debug/CMakeFiles/CMakeTmp

Run Build Command(s):/usr/bin/make.exe cmTC_14c99/fast && /usr/bin/make -f CMakeFiles/cmTC_14c99.dir/build.make CMakeFiles/cmTC_14c99.dir/build
make[1]: Entering directory '/cygdrive/d/gitee/c_open_project/mysql-5.6.37/cmake-build-debug/CMakeFiles/CMakeTmp'
Building C object CMakeFiles/cmTC_14c99.dir/CheckFunctionExists.c.o
/usr/bin/cc   -DCHECK_FUNCTION_EXISTS=thr_setconcurrency   -o CMakeFiles/cmTC_14c99.dir/CheckFunctionExists.c.o   -c /cygdrive/c/Users/zhangtongxin/.CLion2019.3/system/cygwin_cmake/share/cmake-3.15.3/Modules/CheckFunctionExists.c
Linking C executable cmTC_14c99.exe
/cygdrive/c/Users/zhangtongxin/.CLion2019.3/system/cygwin_cmake/bin/cmake.exe -E cmake_link_script CMakeFiles/cmTC_14c99.dir/link.txt --verbose=1
/usr/bin/cc  -DCHECK_FUNCTION_EXISTS=thr_setconcurrency  -Wl,--enable-auto-import  CMakeFiles/cmTC_14c99.dir/CheckFunctionExists.c.o  -o cmTC_14c99.exe -Wl,--out-implib,libcmTC_14c99.dll.a -Wl,--major-image-version,0,--minor-image-version,0 
/usr/lib/gcc/x86_64-pc-cygwin/9.3.0/../../../../x86_64-pc-cygwin/bin/ld: CMakeFiles/cmTC_14c99.dir/CheckFunctionExists.c.o:CheckFunctionExists.c:(.text+0x15): undefined reference to `thr_setconcurrency'
CMakeFiles/cmTC_14c99.dir/CheckFunctionExists.c.o:CheckFunctionExists.c:(.text+0x15): relocation truncated to fit: R_X86_64_PC32 against undefined symbol `thr_setconcurrency'
collect2: error: ld returned 1 exit status
make[1]: *** [CMakeFiles/cmTC_14c99.dir/build.make:87: cmTC_14c99.exe] Error 1
make[1]: Leaving directory '/cygdrive/d/gitee/c_open_project/mysql-5.6.37/cmake-build-debug/CMakeFiles/CMakeTmp'
make: *** [Makefile:121: cmTC_14c99/fast] Error 2



Determining if the function thr_yield exists failed with the following output:
Change Dir: /cygdrive/d/gitee/c_open_project/mysql-5.6.37/cmake-build-debug/CMakeFiles/CMakeTmp

Run Build Command(s):/usr/bin/make.exe cmTC_c20df/fast && /usr/bin/make -f CMakeFiles/cmTC_c20df.dir/build.make CMakeFiles/cmTC_c20df.dir/build
make[1]: Entering directory '/cygdrive/d/gitee/c_open_project/mysql-5.6.37/cmake-build-debug/CMakeFiles/CMakeTmp'
Building C object CMakeFiles/cmTC_c20df.dir/CheckFunctionExists.c.o
/usr/bin/cc   -DCHECK_FUNCTION_EXISTS=thr_yield   -o CMakeFiles/cmTC_c20df.dir/CheckFunctionExists.c.o   -c /cygdrive/c/Users/zhangtongxin/.CLion2019.3/system/cygwin_cmake/share/cmake-3.15.3/Modules/CheckFunctionExists.c
Linking C executable cmTC_c20df.exe
/cygdrive/c/Users/zhangtongxin/.CLion2019.3/system/cygwin_cmake/bin/cmake.exe -E cmake_link_script CMakeFiles/cmTC_c20df.dir/link.txt --verbose=1
/usr/bin/cc  -DCHECK_FUNCTION_EXISTS=thr_yield  -Wl,--enable-auto-import  CMakeFiles/cmTC_c20df.dir/CheckFunctionExists.c.o  -o cmTC_c20df.exe -Wl,--out-implib,libcmTC_c20df.dll.a -Wl,--major-image-version,0,--minor-image-version,0 
/usr/lib/gcc/x86_64-pc-cygwin/9.3.0/../../../../x86_64-pc-cygwin/bin/ld: CMakeFiles/cmTC_c20df.dir/CheckFunctionExists.c.o:CheckFunctionExists.c:(.text+0x15): undefined reference to `thr_yield'
CMakeFiles/cmTC_c20df.dir/CheckFunctionExists.c.o:CheckFunctionExists.c:(.text+0x15): relocation truncated to fit: R_X86_64_PC32 against undefined symbol `thr_yield'
collect2: error: ld returned 1 exit status
make[1]: *** [CMakeFiles/cmTC_c20df.dir/build.make:87: cmTC_c20df.exe] Error 1
make[1]: Leaving directory '/cygdrive/d/gitee/c_open_project/mysql-5.6.37/cmake-build-debug/CMakeFiles/CMakeTmp'
make: *** [Makefile:121: cmTC_c20df/fast] Error 2



Determining if the function ntohll exists failed with the following output:
Change Dir: /cygdrive/d/gitee/c_open_project/mysql-5.6.37/cmake-build-debug/CMakeFiles/CMakeTmp

Run Build Command(s):/usr/bin/make.exe cmTC_aa486/fast && /usr/bin/make -f CMakeFiles/cmTC_aa486.dir/build.make CMakeFiles/cmTC_aa486.dir/build
make[1]: Entering directory '/cygdrive/d/gitee/c_open_project/mysql-5.6.37/cmake-build-debug/CMakeFiles/CMakeTmp'
Building C object CMakeFiles/cmTC_aa486.dir/CheckFunctionExists.c.o
/usr/bin/cc   -DCHECK_FUNCTION_EXISTS=ntohll   -o CMakeFiles/cmTC_aa486.dir/CheckFunctionExists.c.o   -c /cygdrive/c/Users/zhangtongxin/.CLion2019.3/system/cygwin_cmake/share/cmake-3.15.3/Modules/CheckFunctionExists.c
Linking C executable cmTC_aa486.exe
/cygdrive/c/Users/zhangtongxin/.CLion2019.3/system/cygwin_cmake/bin/cmake.exe -E cmake_link_script CMakeFiles/cmTC_aa486.dir/link.txt --verbose=1
/usr/bin/cc  -DCHECK_FUNCTION_EXISTS=ntohll  -Wl,--enable-auto-import  CMakeFiles/cmTC_aa486.dir/CheckFunctionExists.c.o  -o cmTC_aa486.exe -Wl,--out-implib,libcmTC_aa486.dll.a -Wl,--major-image-version,0,--minor-image-version,0 
/usr/lib/gcc/x86_64-pc-cygwin/9.3.0/../../../../x86_64-pc-cygwin/bin/ld: CMakeFiles/cmTC_aa486.dir/CheckFunctionExists.c.o:CheckFunctionExists.c:(.text+0x15): undefined reference to `ntohll'
CMakeFiles/cmTC_aa486.dir/CheckFunctionExists.c.o:CheckFunctionExists.c:(.text+0x15): relocation truncated to fit: R_X86_64_PC32 against undefined symbol `ntohll'
collect2: error: ld returned 1 exit status
make[1]: *** [CMakeFiles/cmTC_aa486.dir/build.make:87: cmTC_aa486.exe] Error 1
make[1]: Leaving directory '/cygdrive/d/gitee/c_open_project/mysql-5.6.37/cmake-build-debug/CMakeFiles/CMakeTmp'
make: *** [Makefile:121: cmTC_aa486/fast] Error 2



Determining if the function epoll_create exists failed with the following output:
Change Dir: /cygdrive/d/gitee/c_open_project/mysql-5.6.37/cmake-build-debug/CMakeFiles/CMakeTmp

Run Build Command(s):/usr/bin/make.exe cmTC_24ae0/fast && /usr/bin/make -f CMakeFiles/cmTC_24ae0.dir/build.make CMakeFiles/cmTC_24ae0.dir/build
make[1]: Entering directory '/cygdrive/d/gitee/c_open_project/mysql-5.6.37/cmake-build-debug/CMakeFiles/CMakeTmp'
Building C object CMakeFiles/cmTC_24ae0.dir/CheckFunctionExists.c.o
/usr/bin/cc   -DCHECK_FUNCTION_EXISTS=epoll_create   -o CMakeFiles/cmTC_24ae0.dir/CheckFunctionExists.c.o   -c /cygdrive/c/Users/zhangtongxin/.CLion2019.3/system/cygwin_cmake/share/cmake-3.15.3/Modules/CheckFunctionExists.c
Linking C executable cmTC_24ae0.exe
/cygdrive/c/Users/zhangtongxin/.CLion2019.3/system/cygwin_cmake/bin/cmake.exe -E cmake_link_script CMakeFiles/cmTC_24ae0.dir/link.txt --verbose=1
/usr/bin/cc  -DCHECK_FUNCTION_EXISTS=epoll_create  -Wl,--enable-auto-import  CMakeFiles/cmTC_24ae0.dir/CheckFunctionExists.c.o  -o cmTC_24ae0.exe -Wl,--out-implib,libcmTC_24ae0.dll.a -Wl,--major-image-version,0,--minor-image-version,0 
/usr/lib/gcc/x86_64-pc-cygwin/9.3.0/../../../../x86_64-pc-cygwin/bin/ld: CMakeFiles/cmTC_24ae0.dir/CheckFunctionExists.c.o:CheckFunctionExists.c:(.text+0x15): undefined reference to `epoll_create'
CMakeFiles/cmTC_24ae0.dir/CheckFunctionExists.c.o:CheckFunctionExists.c:(.text+0x15): relocation truncated to fit: R_X86_64_PC32 against undefined symbol `epoll_create'
collect2: error: ld returned 1 exit status
make[1]: *** [CMakeFiles/cmTC_24ae0.dir/build.make:87: cmTC_24ae0.exe] Error 1
make[1]: Leaving directory '/cygdrive/d/gitee/c_open_project/mysql-5.6.37/cmake-build-debug/CMakeFiles/CMakeTmp'
make: *** [Makefile:121: cmTC_24ae0/fast] Error 2



Determining if the function epoll_ctl exists failed with the following output:
Change Dir: /cygdrive/d/gitee/c_open_project/mysql-5.6.37/cmake-build-debug/CMakeFiles/CMakeTmp

Run Build Command(s):/usr/bin/make.exe cmTC_81bd9/fast && /usr/bin/make -f CMakeFiles/cmTC_81bd9.dir/build.make CMakeFiles/cmTC_81bd9.dir/build
make[1]: Entering directory '/cygdrive/d/gitee/c_open_project/mysql-5.6.37/cmake-build-debug/CMakeFiles/CMakeTmp'
Building C object CMakeFiles/cmTC_81bd9.dir/CheckFunctionExists.c.o
/usr/bin/cc   -DCHECK_FUNCTION_EXISTS=epoll_ctl   -o CMakeFiles/cmTC_81bd9.dir/CheckFunctionExists.c.o   -c /cygdrive/c/Users/zhangtongxin/.CLion2019.3/system/cygwin_cmake/share/cmake-3.15.3/Modules/CheckFunctionExists.c
Linking C executable cmTC_81bd9.exe
/cygdrive/c/Users/zhangtongxin/.CLion2019.3/system/cygwin_cmake/bin/cmake.exe -E cmake_link_script CMakeFiles/cmTC_81bd9.dir/link.txt --verbose=1
/usr/bin/cc  -DCHECK_FUNCTION_EXISTS=epoll_ctl  -Wl,--enable-auto-import  CMakeFiles/cmTC_81bd9.dir/CheckFunctionExists.c.o  -o cmTC_81bd9.exe -Wl,--out-implib,libcmTC_81bd9.dll.a -Wl,--major-image-version,0,--minor-image-version,0 
/usr/lib/gcc/x86_64-pc-cygwin/9.3.0/../../../../x86_64-pc-cygwin/bin/ld: CMakeFiles/cmTC_81bd9.dir/CheckFunctionExists.c.o:CheckFunctionExists.c:(.text+0x15): undefined reference to `epoll_ctl'
CMakeFiles/cmTC_81bd9.dir/CheckFunctionExists.c.o:CheckFunctionExists.c:(.text+0x15): relocation truncated to fit: R_X86_64_PC32 against undefined symbol `epoll_ctl'
collect2: error: ld returned 1 exit status
make[1]: *** [CMakeFiles/cmTC_81bd9.dir/build.make:87: cmTC_81bd9.exe] Error 1
make[1]: Leaving directory '/cygdrive/d/gitee/c_open_project/mysql-5.6.37/cmake-build-debug/CMakeFiles/CMakeTmp'
make: *** [Makefile:121: cmTC_81bd9/fast] Error 2



Determining if the function kqueue exists failed with the following output:
Change Dir: /cygdrive/d/gitee/c_open_project/mysql-5.6.37/cmake-build-debug/CMakeFiles/CMakeTmp

Run Build Command(s):/usr/bin/make.exe cmTC_f3d66/fast && /usr/bin/make -f CMakeFiles/cmTC_f3d66.dir/build.make CMakeFiles/cmTC_f3d66.dir/build
make[1]: Entering directory '/cygdrive/d/gitee/c_open_project/mysql-5.6.37/cmake-build-debug/CMakeFiles/CMakeTmp'
Building C object CMakeFiles/cmTC_f3d66.dir/CheckFunctionExists.c.o
/usr/bin/cc   -DCHECK_FUNCTION_EXISTS=kqueue   -o CMakeFiles/cmTC_f3d66.dir/CheckFunctionExists.c.o   -c /cygdrive/c/Users/zhangtongxin/.CLion2019.3/system/cygwin_cmake/share/cmake-3.15.3/Modules/CheckFunctionExists.c
Linking C executable cmTC_f3d66.exe
/cygdrive/c/Users/zhangtongxin/.CLion2019.3/system/cygwin_cmake/bin/cmake.exe -E cmake_link_script CMakeFiles/cmTC_f3d66.dir/link.txt --verbose=1
/usr/bin/cc  -DCHECK_FUNCTION_EXISTS=kqueue  -Wl,--enable-auto-import  CMakeFiles/cmTC_f3d66.dir/CheckFunctionExists.c.o  -o cmTC_f3d66.exe -Wl,--out-implib,libcmTC_f3d66.dll.a -Wl,--major-image-version,0,--minor-image-version,0 
/usr/lib/gcc/x86_64-pc-cygwin/9.3.0/../../../../x86_64-pc-cygwin/bin/ld: CMakeFiles/cmTC_f3d66.dir/CheckFunctionExists.c.o:CheckFunctionExists.c:(.text+0x15): undefined reference to `kqueue'
CMakeFiles/cmTC_f3d66.dir/CheckFunctionExists.c.o:CheckFunctionExists.c:(.text+0x15): relocation truncated to fit: R_X86_64_PC32 against undefined symbol `kqueue'
collect2: error: ld returned 1 exit status
make[1]: *** [CMakeFiles/cmTC_f3d66.dir/build.make:87: cmTC_f3d66.exe] Error 1
make[1]: Leaving directory '/cygdrive/d/gitee/c_open_project/mysql-5.6.37/cmake-build-debug/CMakeFiles/CMakeTmp'
make: *** [Makefile:121: cmTC_f3d66/fast] Error 2



Determining if the function kqueue exists failed with the following output:
Change Dir: /cygdrive/d/gitee/c_open_project/mysql-5.6.37/cmake-build-debug/CMakeFiles/CMakeTmp

Run Build Command(s):/usr/bin/make.exe cmTC_7a544/fast && /usr/bin/make -f CMakeFiles/cmTC_7a544.dir/build.make CMakeFiles/cmTC_7a544.dir/build
make[1]: Entering directory '/cygdrive/d/gitee/c_open_project/mysql-5.6.37/cmake-build-debug/CMakeFiles/CMakeTmp'
Building C object CMakeFiles/cmTC_7a544.dir/CheckFunctionExists.c.o
/usr/bin/cc   -DCHECK_FUNCTION_EXISTS=kqueue   -o CMakeFiles/cmTC_7a544.dir/CheckFunctionExists.c.o   -c /cygdrive/c/Users/zhangtongxin/.CLion2019.3/system/cygwin_cmake/share/cmake-3.15.3/Modules/CheckFunctionExists.c
Linking C executable cmTC_7a544.exe
/cygdrive/c/Users/zhangtongxin/.CLion2019.3/system/cygwin_cmake/bin/cmake.exe -E cmake_link_script CMakeFiles/cmTC_7a544.dir/link.txt --verbose=1
/usr/bin/cc  -DCHECK_FUNCTION_EXISTS=kqueue  -Wl,--enable-auto-import  CMakeFiles/cmTC_7a544.dir/CheckFunctionExists.c.o  -o cmTC_7a544.exe -Wl,--out-implib,libcmTC_7a544.dll.a -Wl,--major-image-version,0,--minor-image-version,0 
/usr/lib/gcc/x86_64-pc-cygwin/9.3.0/../../../../x86_64-pc-cygwin/bin/ld: CMakeFiles/cmTC_7a544.dir/CheckFunctionExists.c.o:CheckFunctionExists.c:(.text+0x15): undefined reference to `kqueue'
CMakeFiles/cmTC_7a544.dir/CheckFunctionExists.c.o:CheckFunctionExists.c:(.text+0x15): relocation truncated to fit: R_X86_64_PC32 against undefined symbol `kqueue'
collect2: error: ld returned 1 exit status
make[1]: *** [CMakeFiles/cmTC_7a544.dir/build.make:87: cmTC_7a544.exe] Error 1
make[1]: Leaving directory '/cygdrive/d/gitee/c_open_project/mysql-5.6.37/cmake-build-debug/CMakeFiles/CMakeTmp'
make: *** [Makefile:121: cmTC_7a544/fast] Error 2



Determining if files asm/msr.h exist failed with the following output:
Change Dir: /cygdrive/d/gitee/c_open_project/mysql-5.6.37/cmake-build-debug/CMakeFiles/CMakeTmp

Run Build Command(s):/usr/bin/make.exe cmTC_d6e14/fast && /usr/bin/make -f CMakeFiles/cmTC_d6e14.dir/build.make CMakeFiles/cmTC_d6e14.dir/build
make[1]: Entering directory '/cygdrive/d/gitee/c_open_project/mysql-5.6.37/cmake-build-debug/CMakeFiles/CMakeTmp'
Building C object CMakeFiles/cmTC_d6e14.dir/HAVE_ASM_MSR_H.c.o
/usr/bin/cc    -o CMakeFiles/cmTC_d6e14.dir/HAVE_ASM_MSR_H.c.o   -c /cygdrive/d/gitee/c_open_project/mysql-5.6.37/cmake-build-debug/CMakeFiles/CheckIncludeFiles/HAVE_ASM_MSR_H.c
/cygdrive/d/gitee/c_open_project/mysql-5.6.37/cmake-build-debug/CMakeFiles/CheckIncludeFiles/HAVE_ASM_MSR_H.c:2:10: fatal error: asm/msr.h: No such file or directory
    2 | #include <asm/msr.h>
      |          ^~~~~~~~~~~
compilation terminated.
make[1]: *** [CMakeFiles/cmTC_d6e14.dir/build.make:66: CMakeFiles/cmTC_d6e14.dir/HAVE_ASM_MSR_H.c.o] Error 1
make[1]: Leaving directory '/cygdrive/d/gitee/c_open_project/mysql-5.6.37/cmake-build-debug/CMakeFiles/CMakeTmp'
make: *** [Makefile:121: cmTC_d6e14/fast] Error 2


Source:
/* */
#include <asm/msr.h>


int main(void){return 0;}

Determining if files ia64intrin.h exist failed with the following output:
Change Dir: /cygdrive/d/gitee/c_open_project/mysql-5.6.37/cmake-build-debug/CMakeFiles/CMakeTmp

Run Build Command(s):/usr/bin/make.exe cmTC_7c075/fast && /usr/bin/make -f CMakeFiles/cmTC_7c075.dir/build.make CMakeFiles/cmTC_7c075.dir/build
make[1]: Entering directory '/cygdrive/d/gitee/c_open_project/mysql-5.6.37/cmake-build-debug/CMakeFiles/CMakeTmp'
Building C object CMakeFiles/cmTC_7c075.dir/HAVE_IA64INTRIN_H.c.o
/usr/bin/cc    -o CMakeFiles/cmTC_7c075.dir/HAVE_IA64INTRIN_H.c.o   -c /cygdrive/d/gitee/c_open_project/mysql-5.6.37/cmake-build-debug/CMakeFiles/CheckIncludeFiles/HAVE_IA64INTRIN_H.c
/cygdrive/d/gitee/c_open_project/mysql-5.6.37/cmake-build-debug/CMakeFiles/CheckIncludeFiles/HAVE_IA64INTRIN_H.c:2:10: fatal error: ia64intrin.h: No such file or directory
    2 | #include <ia64intrin.h>
      |          ^~~~~~~~~~~~~~
compilation terminated.
make[1]: *** [CMakeFiles/cmTC_7c075.dir/build.make:66: CMakeFiles/cmTC_7c075.dir/HAVE_IA64INTRIN_H.c.o] Error 1
make[1]: Leaving directory '/cygdrive/d/gitee/c_open_project/mysql-5.6.37/cmake-build-debug/CMakeFiles/CMakeTmp'
make: *** [Makefile:121: cmTC_7c075/fast] Error 2


Source:
/* */
#include <ia64intrin.h>


int main(void){return 0;}

Determining if the function read_real_time exists failed with the following output:
Change Dir: /cygdrive/d/gitee/c_open_project/mysql-5.6.37/cmake-build-debug/CMakeFiles/CMakeTmp

Run Build Command(s):/usr/bin/make.exe cmTC_b7ba3/fast && /usr/bin/make -f CMakeFiles/cmTC_b7ba3.dir/build.make CMakeFiles/cmTC_b7ba3.dir/build
make[1]: Entering directory '/cygdrive/d/gitee/c_open_project/mysql-5.6.37/cmake-build-debug/CMakeFiles/CMakeTmp'
Building C object CMakeFiles/cmTC_b7ba3.dir/CheckFunctionExists.c.o
/usr/bin/cc   -DCHECK_FUNCTION_EXISTS=read_real_time   -o CMakeFiles/cmTC_b7ba3.dir/CheckFunctionExists.c.o   -c /cygdrive/c/Users/zhangtongxin/.CLion2019.3/system/cygwin_cmake/share/cmake-3.15.3/Modules/CheckFunctionExists.c
Linking C executable cmTC_b7ba3.exe
/cygdrive/c/Users/zhangtongxin/.CLion2019.3/system/cygwin_cmake/bin/cmake.exe -E cmake_link_script CMakeFiles/cmTC_b7ba3.dir/link.txt --verbose=1
/usr/bin/cc  -DCHECK_FUNCTION_EXISTS=read_real_time  -Wl,--enable-auto-import  CMakeFiles/cmTC_b7ba3.dir/CheckFunctionExists.c.o  -o cmTC_b7ba3.exe -Wl,--out-implib,libcmTC_b7ba3.dll.a -Wl,--major-image-version,0,--minor-image-version,0 
/usr/lib/gcc/x86_64-pc-cygwin/9.3.0/../../../../x86_64-pc-cygwin/bin/ld: CMakeFiles/cmTC_b7ba3.dir/CheckFunctionExists.c.o:CheckFunctionExists.c:(.text+0x15): undefined reference to `read_real_time'
CMakeFiles/cmTC_b7ba3.dir/CheckFunctionExists.c.o:CheckFunctionExists.c:(.text+0x15): relocation truncated to fit: R_X86_64_PC32 against undefined symbol `read_real_time'
collect2: error: ld returned 1 exit status
make[1]: *** [CMakeFiles/cmTC_b7ba3.dir/build.make:87: cmTC_b7ba3.exe] Error 1
make[1]: Leaving directory '/cygdrive/d/gitee/c_open_project/mysql-5.6.37/cmake-build-debug/CMakeFiles/CMakeTmp'
make: *** [Makefile:121: cmTC_b7ba3/fast] Error 2



Determining if the function rdtscll exists failed with the following output:
Change Dir: /cygdrive/d/gitee/c_open_project/mysql-5.6.37/cmake-build-debug/CMakeFiles/CMakeTmp

Run Build Command(s):/usr/bin/make.exe cmTC_64ac3/fast && /usr/bin/make -f CMakeFiles/cmTC_64ac3.dir/build.make CMakeFiles/cmTC_64ac3.dir/build
make[1]: Entering directory '/cygdrive/d/gitee/c_open_project/mysql-5.6.37/cmake-build-debug/CMakeFiles/CMakeTmp'
Building C object CMakeFiles/cmTC_64ac3.dir/CheckFunctionExists.c.o
/usr/bin/cc   -DCHECK_FUNCTION_EXISTS=rdtscll   -o CMakeFiles/cmTC_64ac3.dir/CheckFunctionExists.c.o   -c /cygdrive/c/Users/zhangtongxin/.CLion2019.3/system/cygwin_cmake/share/cmake-3.15.3/Modules/CheckFunctionExists.c
Linking C executable cmTC_64ac3.exe
/cygdrive/c/Users/zhangtongxin/.CLion2019.3/system/cygwin_cmake/bin/cmake.exe -E cmake_link_script CMakeFiles/cmTC_64ac3.dir/link.txt --verbose=1
/usr/bin/cc  -DCHECK_FUNCTION_EXISTS=rdtscll  -Wl,--enable-auto-import  CMakeFiles/cmTC_64ac3.dir/CheckFunctionExists.c.o  -o cmTC_64ac3.exe -Wl,--out-implib,libcmTC_64ac3.dll.a -Wl,--major-image-version,0,--minor-image-version,0 
/usr/lib/gcc/x86_64-pc-cygwin/9.3.0/../../../../x86_64-pc-cygwin/bin/ld: CMakeFiles/cmTC_64ac3.dir/CheckFunctionExists.c.o:CheckFunctionExists.c:(.text+0x15): undefined reference to `rdtscll'
CMakeFiles/cmTC_64ac3.dir/CheckFunctionExists.c.o:CheckFunctionExists.c:(.text+0x15): relocation truncated to fit: R_X86_64_PC32 against undefined symbol `rdtscll'
collect2: error: ld returned 1 exit status
make[1]: *** [CMakeFiles/cmTC_64ac3.dir/build.make:87: cmTC_64ac3.exe] Error 1
make[1]: Leaving directory '/cygdrive/d/gitee/c_open_project/mysql-5.6.37/cmake-build-debug/CMakeFiles/CMakeTmp'
make: *** [Makefile:121: cmTC_64ac3/fast] Error 2



Determining if the FIONREAD exist failed with the following output:
Change Dir: /cygdrive/d/gitee/c_open_project/mysql-5.6.37/cmake-build-debug/CMakeFiles/CMakeTmp

Run Build Command(s):/usr/bin/make.exe cmTC_cf4dd/fast && /usr/bin/make -f CMakeFiles/cmTC_cf4dd.dir/build.make CMakeFiles/cmTC_cf4dd.dir/build
make[1]: Entering directory '/cygdrive/d/gitee/c_open_project/mysql-5.6.37/cmake-build-debug/CMakeFiles/CMakeTmp'
Building C object CMakeFiles/cmTC_cf4dd.dir/CheckSymbolExists.c.o
/usr/bin/cc    -o CMakeFiles/cmTC_cf4dd.dir/CheckSymbolExists.c.o   -c /cygdrive/d/gitee/c_open_project/mysql-5.6.37/cmake-build-debug/CMakeFiles/CMakeTmp/CheckSymbolExists.c
/cygdrive/d/gitee/c_open_project/mysql-5.6.37/cmake-build-debug/CMakeFiles/CMakeTmp/CheckSymbolExists.c: In function 'main':
/cygdrive/d/gitee/c_open_project/mysql-5.6.37/cmake-build-debug/CMakeFiles/CMakeTmp/CheckSymbolExists.c:8:19: error: 'FIONREAD' undeclared (first use in this function)
    8 |   return ((int*)(&FIONREAD))[argc];
      |                   ^~~~~~~~
/cygdrive/d/gitee/c_open_project/mysql-5.6.37/cmake-build-debug/CMakeFiles/CMakeTmp/CheckSymbolExists.c:8:19: note: each undeclared identifier is reported only once for each function it appears in
make[1]: *** [CMakeFiles/cmTC_cf4dd.dir/build.make:66: CMakeFiles/cmTC_cf4dd.dir/CheckSymbolExists.c.o] Error 1
make[1]: Leaving directory '/cygdrive/d/gitee/c_open_project/mysql-5.6.37/cmake-build-debug/CMakeFiles/CMakeTmp'
make: *** [Makefile:121: cmTC_cf4dd/fast] Error 2


File /cygdrive/d/gitee/c_open_project/mysql-5.6.37/cmake-build-debug/CMakeFiles/CMakeTmp/CheckSymbolExists.c:
/* */
#include <sys/ioctl.h>

int main(int argc, char** argv)
{
  (void)argv;
#ifndef FIONREAD
  return ((int*)(&FIONREAD))[argc];
#else
  (void)argc;
  return 0;
#endif
}

Determining if the TIOCSTAT exist failed with the following output:
Change Dir: /cygdrive/d/gitee/c_open_project/mysql-5.6.37/cmake-build-debug/CMakeFiles/CMakeTmp

Run Build Command(s):/usr/bin/make.exe cmTC_37b2e/fast && /usr/bin/make -f CMakeFiles/cmTC_37b2e.dir/build.make CMakeFiles/cmTC_37b2e.dir/build
make[1]: Entering directory '/cygdrive/d/gitee/c_open_project/mysql-5.6.37/cmake-build-debug/CMakeFiles/CMakeTmp'
Building C object CMakeFiles/cmTC_37b2e.dir/CheckSymbolExists.c.o
/usr/bin/cc    -o CMakeFiles/cmTC_37b2e.dir/CheckSymbolExists.c.o   -c /cygdrive/d/gitee/c_open_project/mysql-5.6.37/cmake-build-debug/CMakeFiles/CMakeTmp/CheckSymbolExists.c
/cygdrive/d/gitee/c_open_project/mysql-5.6.37/cmake-build-debug/CMakeFiles/CMakeTmp/CheckSymbolExists.c: In function 'main':
/cygdrive/d/gitee/c_open_project/mysql-5.6.37/cmake-build-debug/CMakeFiles/CMakeTmp/CheckSymbolExists.c:8:19: error: 'TIOCSTAT' undeclared (first use in this function)
    8 |   return ((int*)(&TIOCSTAT))[argc];
      |                   ^~~~~~~~
/cygdrive/d/gitee/c_open_project/mysql-5.6.37/cmake-build-debug/CMakeFiles/CMakeTmp/CheckSymbolExists.c:8:19: note: each undeclared identifier is reported only once for each function it appears in
make[1]: *** [CMakeFiles/cmTC_37b2e.dir/build.make:66: CMakeFiles/cmTC_37b2e.dir/CheckSymbolExists.c.o] Error 1
make[1]: Leaving directory '/cygdrive/d/gitee/c_open_project/mysql-5.6.37/cmake-build-debug/CMakeFiles/CMakeTmp'
make: *** [Makefile:121: cmTC_37b2e/fast] Error 2


File /cygdrive/d/gitee/c_open_project/mysql-5.6.37/cmake-build-debug/CMakeFiles/CMakeTmp/CheckSymbolExists.c:
/* */
#include <sys/ioctl.h>

int main(int argc, char** argv)
{
  (void)argv;
#ifndef TIOCSTAT
  return ((int*)(&TIOCSTAT))[argc];
#else
  (void)argc;
  return 0;
#endif
}

Determining if the FIONREAD exist failed with the following output:
Change Dir: /cygdrive/d/gitee/c_open_project/mysql-5.6.37/cmake-build-debug/CMakeFiles/CMakeTmp

Run Build Command(s):/usr/bin/make.exe cmTC_f06a4/fast && /usr/bin/make -f CMakeFiles/cmTC_f06a4.dir/build.make CMakeFiles/cmTC_f06a4.dir/build
make[1]: Entering directory '/cygdrive/d/gitee/c_open_project/mysql-5.6.37/cmake-build-debug/CMakeFiles/CMakeTmp'
Building C object CMakeFiles/cmTC_f06a4.dir/CheckSymbolExists.c.o
/usr/bin/cc    -o CMakeFiles/cmTC_f06a4.dir/CheckSymbolExists.c.o   -c /cygdrive/d/gitee/c_open_project/mysql-5.6.37/cmake-build-debug/CMakeFiles/CMakeTmp/CheckSymbolExists.c
/cygdrive/d/gitee/c_open_project/mysql-5.6.37/cmake-build-debug/CMakeFiles/CMakeTmp/CheckSymbolExists.c:2:10: fatal error: sys/filio.h: No such file or directory
    2 | #include <sys/filio.h>
      |          ^~~~~~~~~~~~~
compilation terminated.
make[1]: *** [CMakeFiles/cmTC_f06a4.dir/build.make:66: CMakeFiles/cmTC_f06a4.dir/CheckSymbolExists.c.o] Error 1
make[1]: Leaving directory '/cygdrive/d/gitee/c_open_project/mysql-5.6.37/cmake-build-debug/CMakeFiles/CMakeTmp'
make: *** [Makefile:121: cmTC_f06a4/fast] Error 2


File /cygdrive/d/gitee/c_open_project/mysql-5.6.37/cmake-build-debug/CMakeFiles/CMakeTmp/CheckSymbolExists.c:
/* */
#include <sys/filio.h>

int main(int argc, char** argv)
{
  (void)argv;
#ifndef FIONREAD
  return ((int*)(&FIONREAD))[argc];
#else
  (void)argc;
  return 0;
#endif
}

Determining size of uchar failed with the following output:
Change Dir: /cygdrive/d/gitee/c_open_project/mysql-5.6.37/cmake-build-debug/CMakeFiles/CMakeTmp

Run Build Command(s):/usr/bin/make.exe cmTC_3d4ce/fast && /usr/bin/make -f CMakeFiles/cmTC_3d4ce.dir/build.make CMakeFiles/cmTC_3d4ce.dir/build
make[1]: Entering directory '/cygdrive/d/gitee/c_open_project/mysql-5.6.37/cmake-build-debug/CMakeFiles/CMakeTmp'
Building C object CMakeFiles/cmTC_3d4ce.dir/SIZEOF_UCHAR.c.o
/usr/bin/cc -D_FILE_OFFSET_BITS=64 -D_LARGEFILE_SOURCE -D_LARGE_FILES -D__STDC_CONSTANT_MACROS -D__STDC_FORMAT_MACROS -D__STDC_LIMIT_MACROS   -o CMakeFiles/cmTC_3d4ce.dir/SIZEOF_UCHAR.c.o   -c /cygdrive/d/gitee/c_open_project/mysql-5.6.37/cmake-build-debug/CMakeFiles/CheckTypeSize/SIZEOF_UCHAR.c
/cygdrive/d/gitee/c_open_project/mysql-5.6.37/cmake-build-debug/CMakeFiles/CheckTypeSize/SIZEOF_UCHAR.c:26:22: error: 'uchar' undeclared here (not in a function); did you mean 'u_char'?
   26 | #define SIZE (sizeof(uchar))
      |                      ^~~~~
/cygdrive/d/gitee/c_open_project/mysql-5.6.37/cmake-build-debug/CMakeFiles/CheckTypeSize/SIZEOF_UCHAR.c:28:12: note: in expansion of macro 'SIZE'
   28 |   ('0' + ((SIZE / 10000)%10)),
      |            ^~~~
make[1]: *** [CMakeFiles/cmTC_3d4ce.dir/build.make:66: CMakeFiles/cmTC_3d4ce.dir/SIZEOF_UCHAR.c.o] Error 1
make[1]: Leaving directory '/cygdrive/d/gitee/c_open_project/mysql-5.6.37/cmake-build-debug/CMakeFiles/CMakeTmp'
make: *** [Makefile:121: cmTC_3d4ce/fast] Error 2


/cygdrive/d/gitee/c_open_project/mysql-5.6.37/cmake-build-debug/CMakeFiles/CheckTypeSize/SIZEOF_UCHAR.c:
#include <sys/types.h>
#include <stdint.h>
#include <stddef.h>
#include "stdio.h"
#include "sys/types.h"
#include "time.h"


#undef KEY
#if defined(__i386)
# define KEY '_','_','i','3','8','6'
#elif defined(__x86_64)
# define KEY '_','_','x','8','6','_','6','4'
#elif defined(__ppc__)
# define KEY '_','_','p','p','c','_','_'
#elif defined(__ppc64__)
# define KEY '_','_','p','p','c','6','4','_','_'
#elif defined(__aarch64__)
# define KEY '_','_','a','a','r','c','h','6','4','_','_'
#elif defined(__ARM_ARCH_7A__)
# define KEY '_','_','A','R','M','_','A','R','C','H','_','7','A','_','_'
#elif defined(__ARM_ARCH_7S__)
# define KEY '_','_','A','R','M','_','A','R','C','H','_','7','S','_','_'
#endif

#define SIZE (sizeof(uchar))
static char info_size[] =  {'I', 'N', 'F', 'O', ':', 's','i','z','e','[',
  ('0' + ((SIZE / 10000)%10)),
  ('0' + ((SIZE / 1000)%10)),
  ('0' + ((SIZE / 100)%10)),
  ('0' + ((SIZE / 10)%10)),
  ('0' +  (SIZE    % 10)),
  ']',
#ifdef KEY
  ' ','k','e','y','[', KEY, ']',
#endif
  '\0'};

#ifdef __CLASSIC_C__
int main(argc, argv) int argc; char *argv[];
#else
int main(int argc, char *argv[])
#endif
{
  int require = 0;
  require += info_size[argc];
  (void)argv;
  return require;
}


Determining size of int8 failed with the following output:
Change Dir: /cygdrive/d/gitee/c_open_project/mysql-5.6.37/cmake-build-debug/CMakeFiles/CMakeTmp

Run Build Command(s):/usr/bin/make.exe cmTC_2c295/fast && /usr/bin/make -f CMakeFiles/cmTC_2c295.dir/build.make CMakeFiles/cmTC_2c295.dir/build
make[1]: Entering directory '/cygdrive/d/gitee/c_open_project/mysql-5.6.37/cmake-build-debug/CMakeFiles/CMakeTmp'
Building C object CMakeFiles/cmTC_2c295.dir/SIZEOF_INT8.c.o
/usr/bin/cc -D_FILE_OFFSET_BITS=64 -D_LARGEFILE_SOURCE -D_LARGE_FILES -D__STDC_CONSTANT_MACROS -D__STDC_FORMAT_MACROS -D__STDC_LIMIT_MACROS   -o CMakeFiles/cmTC_2c295.dir/SIZEOF_INT8.c.o   -c /cygdrive/d/gitee/c_open_project/mysql-5.6.37/cmake-build-debug/CMakeFiles/CheckTypeSize/SIZEOF_INT8.c
/cygdrive/d/gitee/c_open_project/mysql-5.6.37/cmake-build-debug/CMakeFiles/CheckTypeSize/SIZEOF_INT8.c:26:22: error: 'int8' undeclared here (not in a function); did you mean 'int'?
   26 | #define SIZE (sizeof(int8))
      |                      ^~~~
/cygdrive/d/gitee/c_open_project/mysql-5.6.37/cmake-build-debug/CMakeFiles/CheckTypeSize/SIZEOF_INT8.c:28:12: note: in expansion of macro 'SIZE'
   28 |   ('0' + ((SIZE / 10000)%10)),
      |            ^~~~
make[1]: *** [CMakeFiles/cmTC_2c295.dir/build.make:66: CMakeFiles/cmTC_2c295.dir/SIZEOF_INT8.c.o] Error 1
make[1]: Leaving directory '/cygdrive/d/gitee/c_open_project/mysql-5.6.37/cmake-build-debug/CMakeFiles/CMakeTmp'
make: *** [Makefile:121: cmTC_2c295/fast] Error 2


/cygdrive/d/gitee/c_open_project/mysql-5.6.37/cmake-build-debug/CMakeFiles/CheckTypeSize/SIZEOF_INT8.c:
#include <sys/types.h>
#include <stdint.h>
#include <stddef.h>
#include "stdio.h"
#include "sys/types.h"
#include "time.h"


#undef KEY
#if defined(__i386)
# define KEY '_','_','i','3','8','6'
#elif defined(__x86_64)
# define KEY '_','_','x','8','6','_','6','4'
#elif defined(__ppc__)
# define KEY '_','_','p','p','c','_','_'
#elif defined(__ppc64__)
# define KEY '_','_','p','p','c','6','4','_','_'
#elif defined(__aarch64__)
# define KEY '_','_','a','a','r','c','h','6','4','_','_'
#elif defined(__ARM_ARCH_7A__)
# define KEY '_','_','A','R','M','_','A','R','C','H','_','7','A','_','_'
#elif defined(__ARM_ARCH_7S__)
# define KEY '_','_','A','R','M','_','A','R','C','H','_','7','S','_','_'
#endif

#define SIZE (sizeof(int8))
static char info_size[] =  {'I', 'N', 'F', 'O', ':', 's','i','z','e','[',
  ('0' + ((SIZE / 10000)%10)),
  ('0' + ((SIZE / 1000)%10)),
  ('0' + ((SIZE / 100)%10)),
  ('0' + ((SIZE / 10)%10)),
  ('0' +  (SIZE    % 10)),
  ']',
#ifdef KEY
  ' ','k','e','y','[', KEY, ']',
#endif
  '\0'};

#ifdef __CLASSIC_C__
int main(argc, argv) int argc; char *argv[];
#else
int main(int argc, char *argv[])
#endif
{
  int require = 0;
  require += info_size[argc];
  (void)argv;
  return require;
}


Determining size of uint8 failed with the following output:
Change Dir: /cygdrive/d/gitee/c_open_project/mysql-5.6.37/cmake-build-debug/CMakeFiles/CMakeTmp

Run Build Command(s):/usr/bin/make.exe cmTC_b22d0/fast && /usr/bin/make -f CMakeFiles/cmTC_b22d0.dir/build.make CMakeFiles/cmTC_b22d0.dir/build
make[1]: Entering directory '/cygdrive/d/gitee/c_open_project/mysql-5.6.37/cmake-build-debug/CMakeFiles/CMakeTmp'
Building C object CMakeFiles/cmTC_b22d0.dir/SIZEOF_UINT8.c.o
/usr/bin/cc -D_FILE_OFFSET_BITS=64 -D_LARGEFILE_SOURCE -D_LARGE_FILES -D__STDC_CONSTANT_MACROS -D__STDC_FORMAT_MACROS -D__STDC_LIMIT_MACROS   -o CMakeFiles/cmTC_b22d0.dir/SIZEOF_UINT8.c.o   -c /cygdrive/d/gitee/c_open_project/mysql-5.6.37/cmake-build-debug/CMakeFiles/CheckTypeSize/SIZEOF_UINT8.c
/cygdrive/d/gitee/c_open_project/mysql-5.6.37/cmake-build-debug/CMakeFiles/CheckTypeSize/SIZEOF_UINT8.c:26:22: error: 'uint8' undeclared here (not in a function); did you mean 'uint'?
   26 | #define SIZE (sizeof(uint8))
      |                      ^~~~~
/cygdrive/d/gitee/c_open_project/mysql-5.6.37/cmake-build-debug/CMakeFiles/CheckTypeSize/SIZEOF_UINT8.c:28:12: note: in expansion of macro 'SIZE'
   28 |   ('0' + ((SIZE / 10000)%10)),
      |            ^~~~
make[1]: *** [CMakeFiles/cmTC_b22d0.dir/build.make:66: CMakeFiles/cmTC_b22d0.dir/SIZEOF_UINT8.c.o] Error 1
make[1]: Leaving directory '/cygdrive/d/gitee/c_open_project/mysql-5.6.37/cmake-build-debug/CMakeFiles/CMakeTmp'
make: *** [Makefile:121: cmTC_b22d0/fast] Error 2


/cygdrive/d/gitee/c_open_project/mysql-5.6.37/cmake-build-debug/CMakeFiles/CheckTypeSize/SIZEOF_UINT8.c:
#include <sys/types.h>
#include <stdint.h>
#include <stddef.h>
#include "stdio.h"
#include "sys/types.h"
#include "time.h"


#undef KEY
#if defined(__i386)
# define KEY '_','_','i','3','8','6'
#elif defined(__x86_64)
# define KEY '_','_','x','8','6','_','6','4'
#elif defined(__ppc__)
# define KEY '_','_','p','p','c','_','_'
#elif defined(__ppc64__)
# define KEY '_','_','p','p','c','6','4','_','_'
#elif defined(__aarch64__)
# define KEY '_','_','a','a','r','c','h','6','4','_','_'
#elif defined(__ARM_ARCH_7A__)
# define KEY '_','_','A','R','M','_','A','R','C','H','_','7','A','_','_'
#elif defined(__ARM_ARCH_7S__)
# define KEY '_','_','A','R','M','_','A','R','C','H','_','7','S','_','_'
#endif

#define SIZE (sizeof(uint8))
static char info_size[] =  {'I', 'N', 'F', 'O', ':', 's','i','z','e','[',
  ('0' + ((SIZE / 10000)%10)),
  ('0' + ((SIZE / 1000)%10)),
  ('0' + ((SIZE / 100)%10)),
  ('0' + ((SIZE / 10)%10)),
  ('0' +  (SIZE    % 10)),
  ']',
#ifdef KEY
  ' ','k','e','y','[', KEY, ']',
#endif
  '\0'};

#ifdef __CLASSIC_C__
int main(argc, argv) int argc; char *argv[];
#else
int main(int argc, char *argv[])
#endif
{
  int require = 0;
  require += info_size[argc];
  (void)argv;
  return require;
}


Determining size of int16 failed with the following output:
Change Dir: /cygdrive/d/gitee/c_open_project/mysql-5.6.37/cmake-build-debug/CMakeFiles/CMakeTmp

Run Build Command(s):/usr/bin/make.exe cmTC_363db/fast && /usr/bin/make -f CMakeFiles/cmTC_363db.dir/build.make CMakeFiles/cmTC_363db.dir/build
make[1]: Entering directory '/cygdrive/d/gitee/c_open_project/mysql-5.6.37/cmake-build-debug/CMakeFiles/CMakeTmp'
Building C object CMakeFiles/cmTC_363db.dir/SIZEOF_INT16.c.o
/usr/bin/cc -D_FILE_OFFSET_BITS=64 -D_LARGEFILE_SOURCE -D_LARGE_FILES -D__STDC_CONSTANT_MACROS -D__STDC_FORMAT_MACROS -D__STDC_LIMIT_MACROS   -o CMakeFiles/cmTC_363db.dir/SIZEOF_INT16.c.o   -c /cygdrive/d/gitee/c_open_project/mysql-5.6.37/cmake-build-debug/CMakeFiles/CheckTypeSize/SIZEOF_INT16.c
/cygdrive/d/gitee/c_open_project/mysql-5.6.37/cmake-build-debug/CMakeFiles/CheckTypeSize/SIZEOF_INT16.c:26:22: error: 'int16' undeclared here (not in a function); did you mean 'int16_t'?
   26 | #define SIZE (sizeof(int16))
      |                      ^~~~~
/cygdrive/d/gitee/c_open_project/mysql-5.6.37/cmake-build-debug/CMakeFiles/CheckTypeSize/SIZEOF_INT16.c:28:12: note: in expansion of macro 'SIZE'
   28 |   ('0' + ((SIZE / 10000)%10)),
      |            ^~~~
make[1]: *** [CMakeFiles/cmTC_363db.dir/build.make:66: CMakeFiles/cmTC_363db.dir/SIZEOF_INT16.c.o] Error 1
make[1]: Leaving directory '/cygdrive/d/gitee/c_open_project/mysql-5.6.37/cmake-build-debug/CMakeFiles/CMakeTmp'
make: *** [Makefile:121: cmTC_363db/fast] Error 2


/cygdrive/d/gitee/c_open_project/mysql-5.6.37/cmake-build-debug/CMakeFiles/CheckTypeSize/SIZEOF_INT16.c:
#include <sys/types.h>
#include <stdint.h>
#include <stddef.h>
#include "stdio.h"
#include "sys/types.h"
#include "time.h"


#undef KEY
#if defined(__i386)
# define KEY '_','_','i','3','8','6'
#elif defined(__x86_64)
# define KEY '_','_','x','8','6','_','6','4'
#elif defined(__ppc__)
# define KEY '_','_','p','p','c','_','_'
#elif defined(__ppc64__)
# define KEY '_','_','p','p','c','6','4','_','_'
#elif defined(__aarch64__)
# define KEY '_','_','a','a','r','c','h','6','4','_','_'
#elif defined(__ARM_ARCH_7A__)
# define KEY '_','_','A','R','M','_','A','R','C','H','_','7','A','_','_'
#elif defined(__ARM_ARCH_7S__)
# define KEY '_','_','A','R','M','_','A','R','C','H','_','7','S','_','_'
#endif

#define SIZE (sizeof(int16))
static char info_size[] =  {'I', 'N', 'F', 'O', ':', 's','i','z','e','[',
  ('0' + ((SIZE / 10000)%10)),
  ('0' + ((SIZE / 1000)%10)),
  ('0' + ((SIZE / 100)%10)),
  ('0' + ((SIZE / 10)%10)),
  ('0' +  (SIZE    % 10)),
  ']',
#ifdef KEY
  ' ','k','e','y','[', KEY, ']',
#endif
  '\0'};

#ifdef __CLASSIC_C__
int main(argc, argv) int argc; char *argv[];
#else
int main(int argc, char *argv[])
#endif
{
  int require = 0;
  require += info_size[argc];
  (void)argv;
  return require;
}


Determining size of uint16 failed with the following output:
Change Dir: /cygdrive/d/gitee/c_open_project/mysql-5.6.37/cmake-build-debug/CMakeFiles/CMakeTmp

Run Build Command(s):/usr/bin/make.exe cmTC_9d686/fast && /usr/bin/make -f CMakeFiles/cmTC_9d686.dir/build.make CMakeFiles/cmTC_9d686.dir/build
make[1]: Entering directory '/cygdrive/d/gitee/c_open_project/mysql-5.6.37/cmake-build-debug/CMakeFiles/CMakeTmp'
Building C object CMakeFiles/cmTC_9d686.dir/SIZEOF_UINT16.c.o
/usr/bin/cc -D_FILE_OFFSET_BITS=64 -D_LARGEFILE_SOURCE -D_LARGE_FILES -D__STDC_CONSTANT_MACROS -D__STDC_FORMAT_MACROS -D__STDC_LIMIT_MACROS   -o CMakeFiles/cmTC_9d686.dir/SIZEOF_UINT16.c.o   -c /cygdrive/d/gitee/c_open_project/mysql-5.6.37/cmake-build-debug/CMakeFiles/CheckTypeSize/SIZEOF_UINT16.c
/cygdrive/d/gitee/c_open_project/mysql-5.6.37/cmake-build-debug/CMakeFiles/CheckTypeSize/SIZEOF_UINT16.c:26:22: error: 'uint16' undeclared here (not in a function); did you mean 'uint'?
   26 | #define SIZE (sizeof(uint16))
      |                      ^~~~~~
/cygdrive/d/gitee/c_open_project/mysql-5.6.37/cmake-build-debug/CMakeFiles/CheckTypeSize/SIZEOF_UINT16.c:28:12: note: in expansion of macro 'SIZE'
   28 |   ('0' + ((SIZE / 10000)%10)),
      |            ^~~~
make[1]: *** [CMakeFiles/cmTC_9d686.dir/build.make:66: CMakeFiles/cmTC_9d686.dir/SIZEOF_UINT16.c.o] Error 1
make[1]: Leaving directory '/cygdrive/d/gitee/c_open_project/mysql-5.6.37/cmake-build-debug/CMakeFiles/CMakeTmp'
make: *** [Makefile:121: cmTC_9d686/fast] Error 2


/cygdrive/d/gitee/c_open_project/mysql-5.6.37/cmake-build-debug/CMakeFiles/CheckTypeSize/SIZEOF_UINT16.c:
#include <sys/types.h>
#include <stdint.h>
#include <stddef.h>
#include "stdio.h"
#include "sys/types.h"
#include "time.h"


#undef KEY
#if defined(__i386)
# define KEY '_','_','i','3','8','6'
#elif defined(__x86_64)
# define KEY '_','_','x','8','6','_','6','4'
#elif defined(__ppc__)
# define KEY '_','_','p','p','c','_','_'
#elif defined(__ppc64__)
# define KEY '_','_','p','p','c','6','4','_','_'
#elif defined(__aarch64__)
# define KEY '_','_','a','a','r','c','h','6','4','_','_'
#elif defined(__ARM_ARCH_7A__)
# define KEY '_','_','A','R','M','_','A','R','C','H','_','7','A','_','_'
#elif defined(__ARM_ARCH_7S__)
# define KEY '_','_','A','R','M','_','A','R','C','H','_','7','S','_','_'
#endif

#define SIZE (sizeof(uint16))
static char info_size[] =  {'I', 'N', 'F', 'O', ':', 's','i','z','e','[',
  ('0' + ((SIZE / 10000)%10)),
  ('0' + ((SIZE / 1000)%10)),
  ('0' + ((SIZE / 100)%10)),
  ('0' + ((SIZE / 10)%10)),
  ('0' +  (SIZE    % 10)),
  ']',
#ifdef KEY
  ' ','k','e','y','[', KEY, ']',
#endif
  '\0'};

#ifdef __CLASSIC_C__
int main(argc, argv) int argc; char *argv[];
#else
int main(int argc, char *argv[])
#endif
{
  int require = 0;
  require += info_size[argc];
  (void)argv;
  return require;
}


Determining size of int32 failed with the following output:
Change Dir: /cygdrive/d/gitee/c_open_project/mysql-5.6.37/cmake-build-debug/CMakeFiles/CMakeTmp

Run Build Command(s):/usr/bin/make.exe cmTC_963a6/fast && /usr/bin/make -f CMakeFiles/cmTC_963a6.dir/build.make CMakeFiles/cmTC_963a6.dir/build
make[1]: Entering directory '/cygdrive/d/gitee/c_open_project/mysql-5.6.37/cmake-build-debug/CMakeFiles/CMakeTmp'
Building C object CMakeFiles/cmTC_963a6.dir/SIZEOF_INT32.c.o
/usr/bin/cc -D_FILE_OFFSET_BITS=64 -D_LARGEFILE_SOURCE -D_LARGE_FILES -D__STDC_CONSTANT_MACROS -D__STDC_FORMAT_MACROS -D__STDC_LIMIT_MACROS   -o CMakeFiles/cmTC_963a6.dir/SIZEOF_INT32.c.o   -c /cygdrive/d/gitee/c_open_project/mysql-5.6.37/cmake-build-debug/CMakeFiles/CheckTypeSize/SIZEOF_INT32.c
/cygdrive/d/gitee/c_open_project/mysql-5.6.37/cmake-build-debug/CMakeFiles/CheckTypeSize/SIZEOF_INT32.c:26:22: error: 'int32' undeclared here (not in a function); did you mean 'int32_t'?
   26 | #define SIZE (sizeof(int32))
      |                      ^~~~~
/cygdrive/d/gitee/c_open_project/mysql-5.6.37/cmake-build-debug/CMakeFiles/CheckTypeSize/SIZEOF_INT32.c:28:12: note: in expansion of macro 'SIZE'
   28 |   ('0' + ((SIZE / 10000)%10)),
      |            ^~~~
make[1]: *** [CMakeFiles/cmTC_963a6.dir/build.make:66: CMakeFiles/cmTC_963a6.dir/SIZEOF_INT32.c.o] Error 1
make[1]: Leaving directory '/cygdrive/d/gitee/c_open_project/mysql-5.6.37/cmake-build-debug/CMakeFiles/CMakeTmp'
make: *** [Makefile:121: cmTC_963a6/fast] Error 2


/cygdrive/d/gitee/c_open_project/mysql-5.6.37/cmake-build-debug/CMakeFiles/CheckTypeSize/SIZEOF_INT32.c:
#include <sys/types.h>
#include <stdint.h>
#include <stddef.h>
#include "stdio.h"
#include "sys/types.h"
#include "time.h"


#undef KEY
#if defined(__i386)
# define KEY '_','_','i','3','8','6'
#elif defined(__x86_64)
# define KEY '_','_','x','8','6','_','6','4'
#elif defined(__ppc__)
# define KEY '_','_','p','p','c','_','_'
#elif defined(__ppc64__)
# define KEY '_','_','p','p','c','6','4','_','_'
#elif defined(__aarch64__)
# define KEY '_','_','a','a','r','c','h','6','4','_','_'
#elif defined(__ARM_ARCH_7A__)
# define KEY '_','_','A','R','M','_','A','R','C','H','_','7','A','_','_'
#elif defined(__ARM_ARCH_7S__)
# define KEY '_','_','A','R','M','_','A','R','C','H','_','7','S','_','_'
#endif

#define SIZE (sizeof(int32))
static char info_size[] =  {'I', 'N', 'F', 'O', ':', 's','i','z','e','[',
  ('0' + ((SIZE / 10000)%10)),
  ('0' + ((SIZE / 1000)%10)),
  ('0' + ((SIZE / 100)%10)),
  ('0' + ((SIZE / 10)%10)),
  ('0' +  (SIZE    % 10)),
  ']',
#ifdef KEY
  ' ','k','e','y','[', KEY, ']',
#endif
  '\0'};

#ifdef __CLASSIC_C__
int main(argc, argv) int argc; char *argv[];
#else
int main(int argc, char *argv[])
#endif
{
  int require = 0;
  require += info_size[argc];
  (void)argv;
  return require;
}


Determining size of uint32 failed with the following output:
Change Dir: /cygdrive/d/gitee/c_open_project/mysql-5.6.37/cmake-build-debug/CMakeFiles/CMakeTmp

Run Build Command(s):/usr/bin/make.exe cmTC_fbeee/fast && /usr/bin/make -f CMakeFiles/cmTC_fbeee.dir/build.make CMakeFiles/cmTC_fbeee.dir/build
make[1]: Entering directory '/cygdrive/d/gitee/c_open_project/mysql-5.6.37/cmake-build-debug/CMakeFiles/CMakeTmp'
Building C object CMakeFiles/cmTC_fbeee.dir/SIZEOF_UINT32.c.o
/usr/bin/cc -D_FILE_OFFSET_BITS=64 -D_LARGEFILE_SOURCE -D_LARGE_FILES -D__STDC_CONSTANT_MACROS -D__STDC_FORMAT_MACROS -D__STDC_LIMIT_MACROS   -o CMakeFiles/cmTC_fbeee.dir/SIZEOF_UINT32.c.o   -c /cygdrive/d/gitee/c_open_project/mysql-5.6.37/cmake-build-debug/CMakeFiles/CheckTypeSize/SIZEOF_UINT32.c
/cygdrive/d/gitee/c_open_project/mysql-5.6.37/cmake-build-debug/CMakeFiles/CheckTypeSize/SIZEOF_UINT32.c:26:22: error: 'uint32' undeclared here (not in a function); did you mean 'uint'?
   26 | #define SIZE (sizeof(uint32))
      |                      ^~~~~~
/cygdrive/d/gitee/c_open_project/mysql-5.6.37/cmake-build-debug/CMakeFiles/CheckTypeSize/SIZEOF_UINT32.c:28:12: note: in expansion of macro 'SIZE'
   28 |   ('0' + ((SIZE / 10000)%10)),
      |            ^~~~
make[1]: *** [CMakeFiles/cmTC_fbeee.dir/build.make:66: CMakeFiles/cmTC_fbeee.dir/SIZEOF_UINT32.c.o] Error 1
make[1]: Leaving directory '/cygdrive/d/gitee/c_open_project/mysql-5.6.37/cmake-build-debug/CMakeFiles/CMakeTmp'
make: *** [Makefile:121: cmTC_fbeee/fast] Error 2


/cygdrive/d/gitee/c_open_project/mysql-5.6.37/cmake-build-debug/CMakeFiles/CheckTypeSize/SIZEOF_UINT32.c:
#include <sys/types.h>
#include <stdint.h>
#include <stddef.h>
#include "stdio.h"
#include "sys/types.h"
#include "time.h"


#undef KEY
#if defined(__i386)
# define KEY '_','_','i','3','8','6'
#elif defined(__x86_64)
# define KEY '_','_','x','8','6','_','6','4'
#elif defined(__ppc__)
# define KEY '_','_','p','p','c','_','_'
#elif defined(__ppc64__)
# define KEY '_','_','p','p','c','6','4','_','_'
#elif defined(__aarch64__)
# define KEY '_','_','a','a','r','c','h','6','4','_','_'
#elif defined(__ARM_ARCH_7A__)
# define KEY '_','_','A','R','M','_','A','R','C','H','_','7','A','_','_'
#elif defined(__ARM_ARCH_7S__)
# define KEY '_','_','A','R','M','_','A','R','C','H','_','7','S','_','_'
#endif

#define SIZE (sizeof(uint32))
static char info_size[] =  {'I', 'N', 'F', 'O', ':', 's','i','z','e','[',
  ('0' + ((SIZE / 10000)%10)),
  ('0' + ((SIZE / 1000)%10)),
  ('0' + ((SIZE / 100)%10)),
  ('0' + ((SIZE / 10)%10)),
  ('0' +  (SIZE    % 10)),
  ']',
#ifdef KEY
  ' ','k','e','y','[', KEY, ']',
#endif
  '\0'};

#ifdef __CLASSIC_C__
int main(argc, argv) int argc; char *argv[];
#else
int main(int argc, char *argv[])
#endif
{
  int require = 0;
  require += info_size[argc];
  (void)argv;
  return require;
}


Determining size of int64 failed with the following output:
Change Dir: /cygdrive/d/gitee/c_open_project/mysql-5.6.37/cmake-build-debug/CMakeFiles/CMakeTmp

Run Build Command(s):/usr/bin/make.exe cmTC_cf8cb/fast && /usr/bin/make -f CMakeFiles/cmTC_cf8cb.dir/build.make CMakeFiles/cmTC_cf8cb.dir/build
make[1]: Entering directory '/cygdrive/d/gitee/c_open_project/mysql-5.6.37/cmake-build-debug/CMakeFiles/CMakeTmp'
Building C object CMakeFiles/cmTC_cf8cb.dir/SIZEOF_INT64.c.o
/usr/bin/cc -D_FILE_OFFSET_BITS=64 -D_LARGEFILE_SOURCE -D_LARGE_FILES -D__STDC_CONSTANT_MACROS -D__STDC_FORMAT_MACROS -D__STDC_LIMIT_MACROS   -o CMakeFiles/cmTC_cf8cb.dir/SIZEOF_INT64.c.o   -c /cygdrive/d/gitee/c_open_project/mysql-5.6.37/cmake-build-debug/CMakeFiles/CheckTypeSize/SIZEOF_INT64.c
/cygdrive/d/gitee/c_open_project/mysql-5.6.37/cmake-build-debug/CMakeFiles/CheckTypeSize/SIZEOF_INT64.c:26:22: error: 'int64' undeclared here (not in a function); did you mean 'int64_t'?
   26 | #define SIZE (sizeof(int64))
      |                      ^~~~~
/cygdrive/d/gitee/c_open_project/mysql-5.6.37/cmake-build-debug/CMakeFiles/CheckTypeSize/SIZEOF_INT64.c:28:12: note: in expansion of macro 'SIZE'
   28 |   ('0' + ((SIZE / 10000)%10)),
      |            ^~~~
make[1]: *** [CMakeFiles/cmTC_cf8cb.dir/build.make:66: CMakeFiles/cmTC_cf8cb.dir/SIZEOF_INT64.c.o] Error 1
make[1]: Leaving directory '/cygdrive/d/gitee/c_open_project/mysql-5.6.37/cmake-build-debug/CMakeFiles/CMakeTmp'
make: *** [Makefile:121: cmTC_cf8cb/fast] Error 2


/cygdrive/d/gitee/c_open_project/mysql-5.6.37/cmake-build-debug/CMakeFiles/CheckTypeSize/SIZEOF_INT64.c:
#include <sys/types.h>
#include <stdint.h>
#include <stddef.h>
#include "stdio.h"
#include "sys/types.h"
#include "time.h"


#undef KEY
#if defined(__i386)
# define KEY '_','_','i','3','8','6'
#elif defined(__x86_64)
# define KEY '_','_','x','8','6','_','6','4'
#elif defined(__ppc__)
# define KEY '_','_','p','p','c','_','_'
#elif defined(__ppc64__)
# define KEY '_','_','p','p','c','6','4','_','_'
#elif defined(__aarch64__)
# define KEY '_','_','a','a','r','c','h','6','4','_','_'
#elif defined(__ARM_ARCH_7A__)
# define KEY '_','_','A','R','M','_','A','R','C','H','_','7','A','_','_'
#elif defined(__ARM_ARCH_7S__)
# define KEY '_','_','A','R','M','_','A','R','C','H','_','7','S','_','_'
#endif

#define SIZE (sizeof(int64))
static char info_size[] =  {'I', 'N', 'F', 'O', ':', 's','i','z','e','[',
  ('0' + ((SIZE / 10000)%10)),
  ('0' + ((SIZE / 1000)%10)),
  ('0' + ((SIZE / 100)%10)),
  ('0' + ((SIZE / 10)%10)),
  ('0' +  (SIZE    % 10)),
  ']',
#ifdef KEY
  ' ','k','e','y','[', KEY, ']',
#endif
  '\0'};

#ifdef __CLASSIC_C__
int main(argc, argv) int argc; char *argv[];
#else
int main(int argc, char *argv[])
#endif
{
  int require = 0;
  require += info_size[argc];
  (void)argv;
  return require;
}


Determining size of uint64 failed with the following output:
Change Dir: /cygdrive/d/gitee/c_open_project/mysql-5.6.37/cmake-build-debug/CMakeFiles/CMakeTmp

Run Build Command(s):/usr/bin/make.exe cmTC_0dc0d/fast && /usr/bin/make -f CMakeFiles/cmTC_0dc0d.dir/build.make CMakeFiles/cmTC_0dc0d.dir/build
make[1]: Entering directory '/cygdrive/d/gitee/c_open_project/mysql-5.6.37/cmake-build-debug/CMakeFiles/CMakeTmp'
Building C object CMakeFiles/cmTC_0dc0d.dir/SIZEOF_UINT64.c.o
/usr/bin/cc -D_FILE_OFFSET_BITS=64 -D_LARGEFILE_SOURCE -D_LARGE_FILES -D__STDC_CONSTANT_MACROS -D__STDC_FORMAT_MACROS -D__STDC_LIMIT_MACROS   -o CMakeFiles/cmTC_0dc0d.dir/SIZEOF_UINT64.c.o   -c /cygdrive/d/gitee/c_open_project/mysql-5.6.37/cmake-build-debug/CMakeFiles/CheckTypeSize/SIZEOF_UINT64.c
/cygdrive/d/gitee/c_open_project/mysql-5.6.37/cmake-build-debug/CMakeFiles/CheckTypeSize/SIZEOF_UINT64.c:26:22: error: 'uint64' undeclared here (not in a function); did you mean 'uint'?
   26 | #define SIZE (sizeof(uint64))
      |                      ^~~~~~
/cygdrive/d/gitee/c_open_project/mysql-5.6.37/cmake-build-debug/CMakeFiles/CheckTypeSize/SIZEOF_UINT64.c:28:12: note: in expansion of macro 'SIZE'
   28 |   ('0' + ((SIZE / 10000)%10)),
      |            ^~~~
make[1]: *** [CMakeFiles/cmTC_0dc0d.dir/build.make:66: CMakeFiles/cmTC_0dc0d.dir/SIZEOF_UINT64.c.o] Error 1
make[1]: Leaving directory '/cygdrive/d/gitee/c_open_project/mysql-5.6.37/cmake-build-debug/CMakeFiles/CMakeTmp'
make: *** [Makefile:121: cmTC_0dc0d/fast] Error 2


/cygdrive/d/gitee/c_open_project/mysql-5.6.37/cmake-build-debug/CMakeFiles/CheckTypeSize/SIZEOF_UINT64.c:
#include <sys/types.h>
#include <stdint.h>
#include <stddef.h>
#include "stdio.h"
#include "sys/types.h"
#include "time.h"


#undef KEY
#if defined(__i386)
# define KEY '_','_','i','3','8','6'
#elif defined(__x86_64)
# define KEY '_','_','x','8','6','_','6','4'
#elif defined(__ppc__)
# define KEY '_','_','p','p','c','_','_'
#elif defined(__ppc64__)
# define KEY '_','_','p','p','c','6','4','_','_'
#elif defined(__aarch64__)
# define KEY '_','_','a','a','r','c','h','6','4','_','_'
#elif defined(__ARM_ARCH_7A__)
# define KEY '_','_','A','R','M','_','A','R','C','H','_','7','A','_','_'
#elif defined(__ARM_ARCH_7S__)
# define KEY '_','_','A','R','M','_','A','R','C','H','_','7','S','_','_'
#endif

#define SIZE (sizeof(uint64))
static char info_size[] =  {'I', 'N', 'F', 'O', ':', 's','i','z','e','[',
  ('0' + ((SIZE / 10000)%10)),
  ('0' + ((SIZE / 1000)%10)),
  ('0' + ((SIZE / 100)%10)),
  ('0' + ((SIZE / 10)%10)),
  ('0' +  (SIZE    % 10)),
  ']',
#ifdef KEY
  ' ','k','e','y','[', KEY, ']',
#endif
  '\0'};

#ifdef __CLASSIC_C__
int main(argc, argv) int argc; char *argv[];
#else
int main(int argc, char *argv[])
#endif
{
  int require = 0;
  require += info_size[argc];
  (void)argv;
  return require;
}


Determining size of bool failed with the following output:
Change Dir: /cygdrive/d/gitee/c_open_project/mysql-5.6.37/cmake-build-debug/CMakeFiles/CMakeTmp

Run Build Command(s):/usr/bin/make.exe cmTC_39e3d/fast && /usr/bin/make -f CMakeFiles/cmTC_39e3d.dir/build.make CMakeFiles/cmTC_39e3d.dir/build
make[1]: Entering directory '/cygdrive/d/gitee/c_open_project/mysql-5.6.37/cmake-build-debug/CMakeFiles/CMakeTmp'
Building C object CMakeFiles/cmTC_39e3d.dir/SIZEOF_BOOL.c.o
/usr/bin/cc -D_FILE_OFFSET_BITS=64 -D_LARGEFILE_SOURCE -D_LARGE_FILES -D__STDC_CONSTANT_MACROS -D__STDC_FORMAT_MACROS -D__STDC_LIMIT_MACROS   -o CMakeFiles/cmTC_39e3d.dir/SIZEOF_BOOL.c.o   -c /cygdrive/d/gitee/c_open_project/mysql-5.6.37/cmake-build-debug/CMakeFiles/CheckTypeSize/SIZEOF_BOOL.c
/cygdrive/d/gitee/c_open_project/mysql-5.6.37/cmake-build-debug/CMakeFiles/CheckTypeSize/SIZEOF_BOOL.c:24:22: error: 'bool' undeclared here (not in a function)
   24 | #define SIZE (sizeof(bool))
      |                      ^~~~
/cygdrive/d/gitee/c_open_project/mysql-5.6.37/cmake-build-debug/CMakeFiles/CheckTypeSize/SIZEOF_BOOL.c:26:12: note: in expansion of macro 'SIZE'
   26 |   ('0' + ((SIZE / 10000)%10)),
      |            ^~~~
make[1]: *** [CMakeFiles/cmTC_39e3d.dir/build.make:66: CMakeFiles/cmTC_39e3d.dir/SIZEOF_BOOL.c.o] Error 1
make[1]: Leaving directory '/cygdrive/d/gitee/c_open_project/mysql-5.6.37/cmake-build-debug/CMakeFiles/CMakeTmp'
make: *** [Makefile:121: cmTC_39e3d/fast] Error 2


/cygdrive/d/gitee/c_open_project/mysql-5.6.37/cmake-build-debug/CMakeFiles/CheckTypeSize/SIZEOF_BOOL.c:
#include <sys/types.h>
#include <stdint.h>
#include <stddef.h>
#include "sys/types.h"


#undef KEY
#if defined(__i386)
# define KEY '_','_','i','3','8','6'
#elif defined(__x86_64)
# define KEY '_','_','x','8','6','_','6','4'
#elif defined(__ppc__)
# define KEY '_','_','p','p','c','_','_'
#elif defined(__ppc64__)
# define KEY '_','_','p','p','c','6','4','_','_'
#elif defined(__aarch64__)
# define KEY '_','_','a','a','r','c','h','6','4','_','_'
#elif defined(__ARM_ARCH_7A__)
# define KEY '_','_','A','R','M','_','A','R','C','H','_','7','A','_','_'
#elif defined(__ARM_ARCH_7S__)
# define KEY '_','_','A','R','M','_','A','R','C','H','_','7','S','_','_'
#endif

#define SIZE (sizeof(bool))
static char info_size[] =  {'I', 'N', 'F', 'O', ':', 's','i','z','e','[',
  ('0' + ((SIZE / 10000)%10)),
  ('0' + ((SIZE / 1000)%10)),
  ('0' + ((SIZE / 100)%10)),
  ('0' + ((SIZE / 10)%10)),
  ('0' +  (SIZE    % 10)),
  ']',
#ifdef KEY
  ' ','k','e','y','[', KEY, ']',
#endif
  '\0'};

#ifdef __CLASSIC_C__
int main(argc, argv) int argc; char *argv[];
#else
int main(int argc, char *argv[])
#endif
{
  int require = 0;
  require += info_size[argc];
  (void)argv;
  return require;
}


Performing C SOURCE FILE Test TIME_T_UNSIGNED failed with the following output:
Change Dir: /cygdrive/d/gitee/c_open_project/mysql-5.6.37/cmake-build-debug/CMakeFiles/CMakeTmp

Run Build Command(s):/usr/bin/make.exe cmTC_5ef1a/fast && /usr/bin/make -f CMakeFiles/cmTC_5ef1a.dir/build.make CMakeFiles/cmTC_5ef1a.dir/build
make[1]: Entering directory '/cygdrive/d/gitee/c_open_project/mysql-5.6.37/cmake-build-debug/CMakeFiles/CMakeTmp'
Building C object CMakeFiles/cmTC_5ef1a.dir/src.c.o
/usr/bin/cc -D_FILE_OFFSET_BITS=64 -D_LARGEFILE_SOURCE -D_LARGE_FILES -D__STDC_CONSTANT_MACROS -D__STDC_FORMAT_MACROS -D__STDC_LIMIT_MACROS  -DTIME_T_UNSIGNED   -o CMakeFiles/cmTC_5ef1a.dir/src.c.o   -c /cygdrive/d/gitee/c_open_project/mysql-5.6.37/cmake-build-debug/CMakeFiles/CMakeTmp/src.c
/cygdrive/d/gitee/c_open_project/mysql-5.6.37/cmake-build-debug/CMakeFiles/CMakeTmp/src.c: In function 'main':
/cygdrive/d/gitee/c_open_project/mysql-5.6.37/cmake-build-debug/CMakeFiles/CMakeTmp/src.c:5:7: error: size of array 'array' is negative
    5 |   int array[(((time_t)-1) > 0) ? 1 : -1];
      |       ^~~~~
make[1]: *** [CMakeFiles/cmTC_5ef1a.dir/build.make:66: CMakeFiles/cmTC_5ef1a.dir/src.c.o] Error 1
make[1]: Leaving directory '/cygdrive/d/gitee/c_open_project/mysql-5.6.37/cmake-build-debug/CMakeFiles/CMakeTmp'
make: *** [Makefile:121: cmTC_5ef1a/fast] Error 2


Source file was:

#include <time.h>
int main()
{
  int array[(((time_t)-1) > 0) ? 1 : -1];
  return 0;
}
Performing C SOURCE FILE Test HAVE_TIMESPEC_TS_SEC failed with the following output:
Change Dir: /cygdrive/d/gitee/c_open_project/mysql-5.6.37/cmake-build-debug/CMakeFiles/CMakeTmp

Run Build Command(s):/usr/bin/make.exe cmTC_b0e09/fast && /usr/bin/make -f CMakeFiles/cmTC_b0e09.dir/build.make CMakeFiles/cmTC_b0e09.dir/build
make[1]: Entering directory '/cygdrive/d/gitee/c_open_project/mysql-5.6.37/cmake-build-debug/CMakeFiles/CMakeTmp'
Building C object CMakeFiles/cmTC_b0e09.dir/src.c.o
/usr/bin/cc -D_FILE_OFFSET_BITS=64 -D_LARGEFILE_SOURCE -D_LARGE_FILES -D__STDC_CONSTANT_MACROS -D__STDC_FORMAT_MACROS -D__STDC_LIMIT_MACROS  -DHAVE_TIMESPEC_TS_SEC   -o CMakeFiles/cmTC_b0e09.dir/src.c.o   -c /cygdrive/d/gitee/c_open_project/mysql-5.6.37/cmake-build-debug/CMakeFiles/CMakeTmp/src.c
/cygdrive/d/gitee/c_open_project/mysql-5.6.37/cmake-build-debug/CMakeFiles/CMakeTmp/src.c: In function 'main':
/cygdrive/d/gitee/c_open_project/mysql-5.6.37/cmake-build-debug/CMakeFiles/CMakeTmp/src.c:7:11: error: 'struct timespec' has no member named 'ts_sec'; did you mean 'tv_sec'?
    7 |   abstime.ts_sec = time(NULL)+1;
      |           ^~~~~~
      |           tv_sec
/cygdrive/d/gitee/c_open_project/mysql-5.6.37/cmake-build-debug/CMakeFiles/CMakeTmp/src.c:8:11: error: 'struct timespec' has no member named 'ts_nsec'; did you mean 'tv_nsec'?
    8 |   abstime.ts_nsec = 0;
      |           ^~~~~~~
      |           tv_nsec
make[1]: *** [CMakeFiles/cmTC_b0e09.dir/build.make:66: CMakeFiles/cmTC_b0e09.dir/src.c.o] Error 1
make[1]: Leaving directory '/cygdrive/d/gitee/c_open_project/mysql-5.6.37/cmake-build-debug/CMakeFiles/CMakeTmp'
make: *** [Makefile:121: cmTC_b0e09/fast] Error 2


Source file was:

#include <pthread.h>

int main(int ac, char **av)
{
  struct timespec abstime;
  abstime.ts_sec = time(NULL)+1;
  abstime.ts_nsec = 0;
}

Performing C++ SOURCE FILE Test HAVE_PTHREAD_YIELD_ZERO_ARG failed with the following output:
Change Dir: /cygdrive/d/gitee/c_open_project/mysql-5.6.37/cmake-build-debug/CMakeFiles/CMakeTmp

Run Build Command(s):/usr/bin/make.exe cmTC_c346a/fast && /usr/bin/make -f CMakeFiles/cmTC_c346a.dir/build.make CMakeFiles/cmTC_c346a.dir/build
make[1]: Entering directory '/cygdrive/d/gitee/c_open_project/mysql-5.6.37/cmake-build-debug/CMakeFiles/CMakeTmp'
Building CXX object CMakeFiles/cmTC_c346a.dir/src.cxx.o
/usr/bin/c++.exe  -D_FILE_OFFSET_BITS=64 -D_LARGEFILE_SOURCE -D_LARGE_FILES -D__STDC_CONSTANT_MACROS -D__STDC_FORMAT_MACROS -D__STDC_LIMIT_MACROS  -DHAVE_PTHREAD_YIELD_ZERO_ARG   -o CMakeFiles/cmTC_c346a.dir/src.cxx.o -c /cygdrive/d/gitee/c_open_project/mysql-5.6.37/cmake-build-debug/CMakeFiles/CMakeTmp/src.cxx
/cygdrive/d/gitee/c_open_project/mysql-5.6.37/cmake-build-debug/CMakeFiles/CMakeTmp/src.cxx: In function 'int main()':
/cygdrive/d/gitee/c_open_project/mysql-5.6.37/cmake-build-debug/CMakeFiles/CMakeTmp/src.cxx:5:3: error: 'pthread_yield' was not declared in this scope; did you mean 'pthread_self'?
    5 |   pthread_yield();
      |   ^~~~~~~~~~~~~
      |   pthread_self
make[1]: *** [CMakeFiles/cmTC_c346a.dir/build.make:66: CMakeFiles/cmTC_c346a.dir/src.cxx.o] Error 1
make[1]: Leaving directory '/cygdrive/d/gitee/c_open_project/mysql-5.6.37/cmake-build-debug/CMakeFiles/CMakeTmp'
make: *** [Makefile:121: cmTC_c346a/fast] Error 2


Source file was:

#include <pthread.h>
int main()
{
  pthread_yield();
  return 0;
}

Performing C++ SOURCE FILE Test HAVE_SOLARIS_STYLE_GETHOST failed with the following output:
Change Dir: /cygdrive/d/gitee/c_open_project/mysql-5.6.37/cmake-build-debug/CMakeFiles/CMakeTmp

Run Build Command(s):/usr/bin/make.exe cmTC_0369a/fast && /usr/bin/make -f CMakeFiles/cmTC_0369a.dir/build.make CMakeFiles/cmTC_0369a.dir/build
make[1]: Entering directory '/cygdrive/d/gitee/c_open_project/mysql-5.6.37/cmake-build-debug/CMakeFiles/CMakeTmp'
Building CXX object CMakeFiles/cmTC_0369a.dir/src.cxx.o
/usr/bin/c++.exe  -D_FILE_OFFSET_BITS=64 -D_LARGEFILE_SOURCE -D_LARGE_FILES -D__STDC_CONSTANT_MACROS -D__STDC_FORMAT_MACROS -D__STDC_LIMIT_MACROS  -DHAVE_SOLARIS_STYLE_GETHOST   -o CMakeFiles/cmTC_0369a.dir/src.cxx.o -c /cygdrive/d/gitee/c_open_project/mysql-5.6.37/cmake-build-debug/CMakeFiles/CMakeTmp/src.cxx
/cygdrive/d/gitee/c_open_project/mysql-5.6.37/cmake-build-debug/CMakeFiles/CMakeTmp/src.cxx: In function 'int main()':
/cygdrive/d/gitee/c_open_project/mysql-5.6.37/cmake-build-debug/CMakeFiles/CMakeTmp/src.cxx:16:8: error: 'gethostbyaddr_r' was not declared in this scope; did you mean 'gethostbyaddr'?
   16 |        gethostbyaddr_r((const char *) 0,
      |        ^~~~~~~~~~~~~~~
      |        gethostbyaddr
make[1]: *** [CMakeFiles/cmTC_0369a.dir/build.make:66: CMakeFiles/cmTC_0369a.dir/src.cxx.o] Error 1
make[1]: Leaving directory '/cygdrive/d/gitee/c_open_project/mysql-5.6.37/cmake-build-debug/CMakeFiles/CMakeTmp'
make: *** [Makefile:121: cmTC_0369a/fast] Error 2


Source file was:

    #undef inline
    #if !defined(SCO) && !defined(__osf__) && !defined(_REENTRANT)
    #define _REENTRANT
    #endif
    #include <pthread.h>
    #include <sys/types.h>
    #include <sys/socket.h>
    #include <netinet/in.h>
    #include <arpa/inet.h>
    #include <netdb.h>
    int main()
    {

       struct hostent *foo =
       gethostbyaddr_r((const char *) 0,
          0, 0, (struct hostent *) 0, (char *) NULL,  0, (int *)0);
       return 0;
    }
  
Determining if the include file netinet/in6.h exists failed with the following output:
Change Dir: /cygdrive/d/gitee/c_open_project/mysql-5.6.37/cmake-build-debug/CMakeFiles/CMakeTmp

Run Build Command(s):/usr/bin/make.exe cmTC_a2e9d/fast && /usr/bin/make -f CMakeFiles/cmTC_a2e9d.dir/build.make CMakeFiles/cmTC_a2e9d.dir/build
make[1]: Entering directory '/cygdrive/d/gitee/c_open_project/mysql-5.6.37/cmake-build-debug/CMakeFiles/CMakeTmp'
Building C object CMakeFiles/cmTC_a2e9d.dir/CheckIncludeFile.c.o
/usr/bin/cc -D_FILE_OFFSET_BITS=64 -D_LARGEFILE_SOURCE -D_LARGE_FILES -D__STDC_CONSTANT_MACROS -D__STDC_FORMAT_MACROS -D__STDC_LIMIT_MACROS   -o CMakeFiles/cmTC_a2e9d.dir/CheckIncludeFile.c.o   -c /cygdrive/d/gitee/c_open_project/mysql-5.6.37/cmake-build-debug/CMakeFiles/CMakeTmp/CheckIncludeFile.c
/cygdrive/d/gitee/c_open_project/mysql-5.6.37/cmake-build-debug/CMakeFiles/CMakeTmp/CheckIncludeFile.c:1:10: fatal error: netinet/in6.h: No such file or directory
    1 | #include <netinet/in6.h>
      |          ^~~~~~~~~~~~~~~
compilation terminated.
make[1]: *** [CMakeFiles/cmTC_a2e9d.dir/build.make:66: CMakeFiles/cmTC_a2e9d.dir/CheckIncludeFile.c.o] Error 1
make[1]: Leaving directory '/cygdrive/d/gitee/c_open_project/mysql-5.6.37/cmake-build-debug/CMakeFiles/CMakeTmp'
make: *** [Makefile:121: cmTC_a2e9d/fast] Error 2



Performing C SOURCE FILE Test HAVE_SOCKADDR_IN_SIN_LEN failed with the following output:
Change Dir: /cygdrive/d/gitee/c_open_project/mysql-5.6.37/cmake-build-debug/CMakeFiles/CMakeTmp

Run Build Command(s):/usr/bin/make.exe cmTC_b5de0/fast && /usr/bin/make -f CMakeFiles/cmTC_b5de0.dir/build.make CMakeFiles/cmTC_b5de0.dir/build
make[1]: Entering directory '/cygdrive/d/gitee/c_open_project/mysql-5.6.37/cmake-build-debug/CMakeFiles/CMakeTmp'
Building C object CMakeFiles/cmTC_b5de0.dir/src.c.o
/usr/bin/cc -D_FILE_OFFSET_BITS=64 -D_LARGEFILE_SOURCE -D_LARGE_FILES -D__STDC_CONSTANT_MACROS -D__STDC_FORMAT_MACROS -D__STDC_LIMIT_MACROS  -DHAVE_SOCKADDR_IN_SIN_LEN   -o CMakeFiles/cmTC_b5de0.dir/src.c.o   -c /cygdrive/d/gitee/c_open_project/mysql-5.6.37/cmake-build-debug/CMakeFiles/CMakeTmp/src.c
/cygdrive/d/gitee/c_open_project/mysql-5.6.37/cmake-build-debug/CMakeFiles/CMakeTmp/src.c: In function 'main':
/cygdrive/d/gitee/c_open_project/mysql-5.6.37/cmake-build-debug/CMakeFiles/CMakeTmp/src.c:8:41: error: 'struct sockaddr_in' has no member named 'sin_len'
    8 |   (void)sizeof(((struct sockaddr_in *)0)->sin_len);
      |                                         ^~
make[1]: *** [CMakeFiles/cmTC_b5de0.dir/build.make:66: CMakeFiles/cmTC_b5de0.dir/src.c.o] Error 1
make[1]: Leaving directory '/cygdrive/d/gitee/c_open_project/mysql-5.6.37/cmake-build-debug/CMakeFiles/CMakeTmp'
make: *** [Makefile:121: cmTC_b5de0/fast] Error 2


Source file was:

#include <sys/types.h>
#include <netinet/in.h>
#include <sys/socket.h>

int main()
{
  (void)sizeof(((struct sockaddr_in *)0)->sin_len);
  return 0;
}

Performing C SOURCE FILE Test HAVE_SOCKADDR_IN6_SIN6_LEN failed with the following output:
Change Dir: /cygdrive/d/gitee/c_open_project/mysql-5.6.37/cmake-build-debug/CMakeFiles/CMakeTmp

Run Build Command(s):/usr/bin/make.exe cmTC_d31fe/fast && /usr/bin/make -f CMakeFiles/cmTC_d31fe.dir/build.make CMakeFiles/cmTC_d31fe.dir/build
make[1]: Entering directory '/cygdrive/d/gitee/c_open_project/mysql-5.6.37/cmake-build-debug/CMakeFiles/CMakeTmp'
Building C object CMakeFiles/cmTC_d31fe.dir/src.c.o
/usr/bin/cc -D_FILE_OFFSET_BITS=64 -D_LARGEFILE_SOURCE -D_LARGE_FILES -D__STDC_CONSTANT_MACROS -D__STDC_FORMAT_MACROS -D__STDC_LIMIT_MACROS  -DHAVE_SOCKADDR_IN6_SIN6_LEN   -o CMakeFiles/cmTC_d31fe.dir/src.c.o   -c /cygdrive/d/gitee/c_open_project/mysql-5.6.37/cmake-build-debug/CMakeFiles/CMakeTmp/src.c
/cygdrive/d/gitee/c_open_project/mysql-5.6.37/cmake-build-debug/CMakeFiles/CMakeTmp/src.c: In function 'main':
/cygdrive/d/gitee/c_open_project/mysql-5.6.37/cmake-build-debug/CMakeFiles/CMakeTmp/src.c:8:42: error: 'struct sockaddr_in6' has no member named 'sin6_len'
    8 |   (void)sizeof(((struct sockaddr_in6 *)0)->sin6_len);
      |                                          ^~
make[1]: *** [CMakeFiles/cmTC_d31fe.dir/build.make:66: CMakeFiles/cmTC_d31fe.dir/src.c.o] Error 1
make[1]: Leaving directory '/cygdrive/d/gitee/c_open_project/mysql-5.6.37/cmake-build-debug/CMakeFiles/CMakeTmp'
make: *** [Makefile:121: cmTC_d31fe/fast] Error 2


Source file was:

#include <sys/types.h>
#include <netinet/in.h>
#include <sys/socket.h>

int main()
{
  (void)sizeof(((struct sockaddr_in6 *)0)->sin6_len);
  return 0;
}

Performing C SOURCE FILE Test STRUCT_DIRENT_HAS_D_NAMLEN failed with the following output:
Change Dir: /cygdrive/d/gitee/c_open_project/mysql-5.6.37/cmake-build-debug/CMakeFiles/CMakeTmp

Run Build Command(s):/usr/bin/make.exe cmTC_310b2/fast && /usr/bin/make -f CMakeFiles/cmTC_310b2.dir/build.make CMakeFiles/cmTC_310b2.dir/build
make[1]: Entering directory '/cygdrive/d/gitee/c_open_project/mysql-5.6.37/cmake-build-debug/CMakeFiles/CMakeTmp'
Building C object CMakeFiles/cmTC_310b2.dir/src.c.o
/usr/bin/cc -D_FILE_OFFSET_BITS=64 -D_LARGEFILE_SOURCE -D_LARGE_FILES -D__STDC_CONSTANT_MACROS -D__STDC_FORMAT_MACROS -D__STDC_LIMIT_MACROS  -DSTRUCT_DIRENT_HAS_D_NAMLEN   -o CMakeFiles/cmTC_310b2.dir/src.c.o   -c /cygdrive/d/gitee/c_open_project/mysql-5.6.37/cmake-build-debug/CMakeFiles/CMakeTmp/src.c
/cygdrive/d/gitee/c_open_project/mysql-5.6.37/cmake-build-debug/CMakeFiles/CMakeTmp/src.c: In function 'main':
/cygdrive/d/gitee/c_open_project/mysql-5.6.37/cmake-build-debug/CMakeFiles/CMakeTmp/src.c:6:38: error: 'struct dirent' has no member named 'd_namlen'; did you mean 'd_name'?
    6 |   (void)sizeof(((struct dirent *)0)->d_namlen);
      |                                      ^~~~~~~~
      |                                      d_name
make[1]: *** [CMakeFiles/cmTC_310b2.dir/build.make:66: CMakeFiles/cmTC_310b2.dir/src.c.o] Error 1
make[1]: Leaving directory '/cygdrive/d/gitee/c_open_project/mysql-5.6.37/cmake-build-debug/CMakeFiles/CMakeTmp'
make: *** [Makefile:121: cmTC_310b2/fast] Error 2


Source file was:

#include <dirent.h>

int main()
{
  (void)sizeof(((struct dirent *)0)->d_namlen);
  return 0;
}

Determining if files numaif.h exist failed with the following output:
Change Dir: /cygdrive/d/gitee/c_open_project/mysql-5.6.37/cmake-build-debug/CMakeFiles/CMakeTmp

Run Build Command(s):/usr/bin/make.exe cmTC_ad4f9/fast && /usr/bin/make -f CMakeFiles/cmTC_ad4f9.dir/build.make CMakeFiles/cmTC_ad4f9.dir/build
make[1]: Entering directory '/cygdrive/d/gitee/c_open_project/mysql-5.6.37/cmake-build-debug/CMakeFiles/CMakeTmp'
Building C object CMakeFiles/cmTC_ad4f9.dir/HAVE_NUMAIF_H.c.o
/usr/bin/cc -D_FILE_OFFSET_BITS=64 -D_LARGEFILE_SOURCE -D_LARGE_FILES -D__STDC_CONSTANT_MACROS -D__STDC_FORMAT_MACROS -D__STDC_LIMIT_MACROS   -o CMakeFiles/cmTC_ad4f9.dir/HAVE_NUMAIF_H.c.o   -c /cygdrive/d/gitee/c_open_project/mysql-5.6.37/cmake-build-debug/CMakeFiles/CheckIncludeFiles/HAVE_NUMAIF_H.c
/cygdrive/d/gitee/c_open_project/mysql-5.6.37/cmake-build-debug/CMakeFiles/CheckIncludeFiles/HAVE_NUMAIF_H.c:2:10: fatal error: numaif.h: No such file or directory
    2 | #include <numaif.h>
      |          ^~~~~~~~~~
compilation terminated.
make[1]: *** [CMakeFiles/cmTC_ad4f9.dir/build.make:66: CMakeFiles/cmTC_ad4f9.dir/HAVE_NUMAIF_H.c.o] Error 1
make[1]: Leaving directory '/cygdrive/d/gitee/c_open_project/mysql-5.6.37/cmake-build-debug/CMakeFiles/CMakeTmp'
make: *** [Makefile:121: cmTC_ad4f9/fast] Error 2


Source:
/* */
#include <numaif.h>


int main(void){return 0;}

Determining if the function mbscmp exists failed with the following output:
Change Dir: /cygdrive/d/gitee/c_open_project/mysql-5.6.37/cmake-build-debug/CMakeFiles/CMakeTmp

Run Build Command(s):/usr/bin/make.exe cmTC_64874/fast && /usr/bin/make -f CMakeFiles/cmTC_64874.dir/build.make CMakeFiles/cmTC_64874.dir/build
make[1]: Entering directory '/cygdrive/d/gitee/c_open_project/mysql-5.6.37/cmake-build-debug/CMakeFiles/CMakeTmp'
Building C object CMakeFiles/cmTC_64874.dir/CheckFunctionExists.c.o
/usr/bin/cc -D_FILE_OFFSET_BITS=64 -D_LARGEFILE_SOURCE -D_LARGE_FILES -D__STDC_CONSTANT_MACROS -D__STDC_FORMAT_MACROS -D__STDC_LIMIT_MACROS  -DCHECK_FUNCTION_EXISTS=mbscmp   -o CMakeFiles/cmTC_64874.dir/CheckFunctionExists.c.o   -c /cygdrive/c/Users/zhangtongxin/.CLion2019.3/system/cygwin_cmake/share/cmake-3.15.3/Modules/CheckFunctionExists.c
Linking C executable cmTC_64874.exe
/cygdrive/c/Users/zhangtongxin/.CLion2019.3/system/cygwin_cmake/bin/cmake.exe -E cmake_link_script CMakeFiles/cmTC_64874.dir/link.txt --verbose=1
/usr/bin/cc  -DCHECK_FUNCTION_EXISTS=mbscmp  -Wl,--enable-auto-import  CMakeFiles/cmTC_64874.dir/CheckFunctionExists.c.o  -o cmTC_64874.exe -Wl,--out-implib,libcmTC_64874.dll.a -Wl,--major-image-version,0,--minor-image-version,0 
/usr/lib/gcc/x86_64-pc-cygwin/9.3.0/../../../../x86_64-pc-cygwin/bin/ld: CMakeFiles/cmTC_64874.dir/CheckFunctionExists.c.o:CheckFunctionExists.c:(.text+0x15): undefined reference to `mbscmp'
CMakeFiles/cmTC_64874.dir/CheckFunctionExists.c.o:CheckFunctionExists.c:(.text+0x15): relocation truncated to fit: R_X86_64_PC32 against undefined symbol `mbscmp'
collect2: error: ld returned 1 exit status
make[1]: *** [CMakeFiles/cmTC_64874.dir/build.make:87: cmTC_64874.exe] Error 1
make[1]: Leaving directory '/cygdrive/d/gitee/c_open_project/mysql-5.6.37/cmake-build-debug/CMakeFiles/CMakeTmp'
make: *** [Makefile:121: cmTC_64874/fast] Error 2



